Mensaje I / 00:00:00:000 / Root(00) para top(01)
Mensaje I / 00:00:00:000 / top(01) para factorywarehouse(02)
Mensaje D / 00:00:00:000 / factorywarehouse(02) / ... para top(01)
Mensaje D / 00:00:00:000 / top(01) / ... para Root(00)
Mensaje X / 00:00:00:001 / Root(00) / send /    190.00000 para top(01)
Mensaje X / 00:00:00:001 / top(01) / send /    190.00000 para factorywarehouse(02)
Mensaje D / 00:00:00:001 / factorywarehouse(02) / 00:00:00:000 para top(01)
Mensaje D / 00:00:00:001 / top(01) / 00:00:00:000 para Root(00)
Mensaje * / 00:00:00:001 / Root(00) para top(01)
Mensaje * / 00:00:00:001 / top(01) para factorywarehouse(02)
Mensaje Y / 00:00:00:001 / factorywarehouse(02) / facwar_out2 /     10.00000 para top(01)
Mensaje D / 00:00:00:001 / factorywarehouse(02) / ... para top(01)
Mensaje Y / 00:00:00:001 / top(01) / facwar_out2 /     10.00000 para Root(00)
Mensaje D / 00:00:00:001 / top(01) / ... para Root(00)
Mensaje X / 00:00:10:001 / Root(00) / send /    104.00000 para top(01)
Mensaje X / 00:00:10:001 / top(01) / send /    104.00000 para factorywarehouse(02)
Mensaje D / 00:00:10:001 / factorywarehouse(02) / 00:00:00:000 para top(01)
Mensaje D / 00:00:10:001 / top(01) / 00:00:00:000 para Root(00)
Mensaje * / 00:00:10:001 / Root(00) para top(01)
Mensaje * / 00:00:10:001 / top(01) para factorywarehouse(02)
Mensaje Y / 00:00:10:001 / factorywarehouse(02) / facwar_out1 /      4.00000 para top(01)
Mensaje D / 00:00:10:001 / factorywarehouse(02) / ... para top(01)
Mensaje Y / 00:00:10:001 / top(01) / facwar_out1 /      4.00000 para Root(00)
Mensaje D / 00:00:10:001 / top(01) / ... para Root(00)
