Mensaje I / 00:00:00:000 / Root(00) para top(01)
Mensaje I / 00:00:00:000 / top(01) para factorywarehouse(02)
Mensaje I / 00:00:00:000 / top(01) para factoryadministrator(03)
Mensaje I / 00:00:00:000 / top(01) para pmp(04)
Mensaje D / 00:00:00:000 / factorywarehouse(02) / ... para top(01)
Mensaje D / 00:00:00:000 / factoryadministrator(03) / 00:00:00:000 para top(01)
Mensaje I / 00:00:00:000 / pmp(04) para powderroom(05)
Mensaje I / 00:00:00:000 / pmp(04) para pressroom(06)
Mensaje I / 00:00:00:000 / pmp(04) para blisterroom(07)
Mensaje I / 00:00:00:000 / pmp(04) para packroom(08)
Mensaje D / 00:00:00:000 / powderroom(05) / ... para pmp(04)
Mensaje D / 00:00:00:000 / pressroom(06) / ... para pmp(04)
Mensaje D / 00:00:00:000 / blisterroom(07) / ... para pmp(04)
Mensaje D / 00:00:00:000 / packroom(08) / ... para pmp(04)
Mensaje D / 00:00:00:000 / pmp(04) / ... para top(01)
Mensaje D / 00:00:00:000 / top(01) / 00:00:00:000 para Root(00)
Mensaje * / 00:00:00:000 / Root(00) para top(01)
Mensaje * / 00:00:00:000 / top(01) para factoryadministrator(03)
Mensaje D / 00:00:00:000 / factoryadministrator(03) / 00:00:00:000 para top(01)
Mensaje D / 00:00:00:000 / top(01) / 00:00:00:000 para Root(00)
Mensaje * / 00:00:00:000 / Root(00) para top(01)
Mensaje * / 00:00:00:000 / top(01) para factoryadministrator(03)
Mensaje Y / 00:00:00:000 / factoryadministrator(03) / send /    104.00000 para top(01)
Mensaje D / 00:00:00:000 / factoryadministrator(03) / ... para top(01)
Mensaje Y / 00:00:00:000 / top(01) / send /    104.00000 para Root(00)
Mensaje X / 00:00:00:000 / top(01) / send /    104.00000 para factorywarehouse(02)
Mensaje D / 00:00:00:000 / factorywarehouse(02) / 00:00:00:000 para top(01)
Mensaje D / 00:00:00:000 / top(01) / 00:00:00:000 para Root(00)
Mensaje * / 00:00:00:000 / Root(00) para top(01)
Mensaje * / 00:00:00:000 / top(01) para factorywarehouse(02)
Mensaje Y / 00:00:00:000 / factorywarehouse(02) / facwar_out1 /      4.00000 para top(01)
Mensaje D / 00:00:00:000 / factorywarehouse(02) / ... para top(01)
Mensaje Y / 00:00:00:000 / top(01) / facwar_out1 /      4.00000 para Root(00)
Mensaje X / 00:00:00:000 / top(01) / facwar_out1 /      4.00000 para factoryadministrator(03)
Mensaje D / 00:00:00:000 / factoryadministrator(03) / 00:00:01:000 para top(01)
Mensaje D / 00:00:00:000 / top(01) / 00:00:01:000 para Root(00)
Mensaje * / 00:00:01:000 / Root(00) para top(01)
Mensaje * / 00:00:01:000 / top(01) para factoryadministrator(03)
Mensaje Y / 00:00:01:000 / factoryadministrator(03) / pmp_in /      4.00000 para top(01)
Mensaje D / 00:00:01:000 / factoryadministrator(03) / ... para top(01)
Mensaje Y / 00:00:01:000 / top(01) / pmp_in /      4.00000 para Root(00)
Mensaje X / 00:00:01:000 / top(01) / pmp_in /      4.00000 para pmp(04)
Mensaje X / 00:00:01:000 / pmp(04) / pmp_in /      4.00000 para powderroom(05)
Mensaje D / 00:00:01:000 / powderroom(05) / 00:00:00:000 para pmp(04)
Mensaje D / 00:00:01:000 / pmp(04) / 00:00:00:000 para top(01)
Mensaje D / 00:00:01:000 / top(01) / 00:00:00:000 para Root(00)
Mensaje * / 00:00:01:000 / Root(00) para top(01)
Mensaje * / 00:00:01:000 / top(01) para pmp(04)
Mensaje * / 00:00:01:000 / pmp(04) para powderroom(05)
Mensaje Y / 00:00:01:000 / powderroom(05) / busy1 /      1.00000 para pmp(04)
Mensaje D / 00:00:01:000 / powderroom(05) / 02:00:00:000 para pmp(04)
Mensaje Y / 00:00:01:000 / pmp(04) / busy1 /      1.00000 para top(01)
Mensaje D / 00:00:01:000 / pmp(04) / 02:00:00:000 para top(01)
Mensaje X / 00:00:01:000 / top(01) / busy1 /      1.00000 para factoryadministrator(03)
Mensaje D / 00:00:01:000 / factoryadministrator(03) / 00:00:01:000 para top(01)
Mensaje D / 00:00:01:000 / top(01) / 00:00:01:000 para Root(00)
Mensaje X / 00:00:01:001 / Root(00) / rawmaterials2 /     50.00000 para top(01)
Mensaje X / 00:00:01:001 / top(01) / rawmaterials2 /     50.00000 para factoryadministrator(03)
Mensaje D / 00:00:01:001 / factoryadministrator(03) / 00:00:00:999 para top(01)
Mensaje D / 00:00:01:001 / top(01) / 00:00:00:999 para Root(00)
Mensaje * / 00:00:02:000 / Root(00) para top(01)
Mensaje * / 00:00:02:000 / top(01) para factoryadministrator(03)
Mensaje D / 00:00:02:000 / factoryadministrator(03) / ... para top(01)
Mensaje D / 00:00:02:000 / top(01) / 01:59:59:000 para Root(00)
Mensaje X / 00:00:02:001 / Root(00) / rawmaterials2 /     20.00000 para top(01)
Mensaje X / 00:00:02:001 / top(01) / rawmaterials2 /     20.00000 para factoryadministrator(03)
Mensaje D / 00:00:02:001 / factoryadministrator(03) / 00:00:01:000 para top(01)
Mensaje D / 00:00:02:001 / top(01) / 00:00:01:000 para Root(00)
Mensaje * / 00:00:03:001 / Root(00) para top(01)
Mensaje * / 00:00:03:001 / top(01) para factoryadministrator(03)
Mensaje Y / 00:00:03:001 / factoryadministrator(03) / facwar_in1 /    120.00000 para top(01)
Mensaje D / 00:00:03:001 / factoryadministrator(03) / ... para top(01)
Mensaje Y / 00:00:03:001 / top(01) / facwar_in1 /    120.00000 para Root(00)
Mensaje X / 00:00:03:001 / top(01) / facwar_in1 /    120.00000 para factorywarehouse(02)
Mensaje D / 00:00:03:001 / factorywarehouse(02) / 00:00:00:000 para top(01)
Mensaje D / 00:00:03:001 / top(01) / 00:00:00:000 para Root(00)
Mensaje * / 00:00:03:001 / Root(00) para top(01)
Mensaje * / 00:00:03:001 / top(01) para factorywarehouse(02)
Mensaje D / 00:00:03:001 / factorywarehouse(02) / ... para top(01)
Mensaje D / 00:00:03:001 / top(01) / 01:59:57:999 para Root(00)
Mensaje * / 02:00:01:000 / Root(00) para top(01)
Mensaje * / 02:00:01:000 / top(01) para pmp(04)
Mensaje * / 02:00:01:000 / pmp(04) para powderroom(05)
Mensaje Y / 02:00:01:000 / powderroom(05) / press /      1.00000 para pmp(04)
Mensaje Y / 02:00:01:000 / powderroom(05) / busy1 /      0.00000 para pmp(04)
Mensaje D / 02:00:01:000 / powderroom(05) / ... para pmp(04)
Mensaje X / 02:00:01:000 / pmp(04) / press /      1.00000 para pressroom(06)
Mensaje Y / 02:00:01:000 / pmp(04) / busy1 /      0.00000 para top(01)
Mensaje D / 02:00:01:000 / pressroom(06) / 00:00:00:000 para pmp(04)
Mensaje X / 02:00:01:000 / top(01) / busy1 /      0.00000 para factoryadministrator(03)
Mensaje D / 02:00:01:000 / pmp(04) / 00:00:00:000 para top(01)
Mensaje D / 02:00:01:000 / factoryadministrator(03) / 00:00:01:000 para top(01)
Mensaje D / 02:00:01:000 / top(01) / 00:00:00:000 para Root(00)
Mensaje * / 02:00:01:000 / Root(00) para top(01)
Mensaje * / 02:00:01:000 / top(01) para pmp(04)
Mensaje * / 02:00:01:000 / pmp(04) para pressroom(06)
Mensaje Y / 02:00:01:000 / pressroom(06) / busy2 /      1.00000 para pmp(04)
Mensaje D / 02:00:01:000 / pressroom(06) / 04:00:00:000 para pmp(04)
Mensaje X / 02:00:01:000 / pmp(04) / busy2 /      1.00000 para powderroom(05)
Mensaje D / 02:00:01:000 / powderroom(05) / 00:00:00:000 para pmp(04)
Mensaje D / 02:00:01:000 / pmp(04) / 00:00:00:000 para top(01)
Mensaje D / 02:00:01:000 / top(01) / 00:00:00:000 para Root(00)
Mensaje * / 02:00:01:000 / Root(00) para top(01)
Mensaje * / 02:00:01:000 / top(01) para pmp(04)
Mensaje * / 02:00:01:000 / pmp(04) para powderroom(05)
Mensaje Y / 02:00:01:000 / powderroom(05) / busy1 /      0.00000 para pmp(04)
Mensaje D / 02:00:01:000 / powderroom(05) / ... para pmp(04)
Mensaje Y / 02:00:01:000 / pmp(04) / busy1 /      0.00000 para top(01)
Mensaje D / 02:00:01:000 / pmp(04) / 04:00:00:000 para top(01)
Mensaje X / 02:00:01:000 / top(01) / busy1 /      0.00000 para factoryadministrator(03)
Mensaje D / 02:00:01:000 / factoryadministrator(03) / 00:00:01:000 para top(01)
Mensaje D / 02:00:01:000 / top(01) / 00:00:01:000 para Root(00)
Mensaje * / 02:00:02:000 / Root(00) para top(01)
Mensaje * / 02:00:02:000 / top(01) para factoryadministrator(03)
Mensaje D / 02:00:02:000 / factoryadministrator(03) / ... para top(01)
Mensaje D / 02:00:02:000 / top(01) / 03:59:59:000 para Root(00)
Mensaje * / 06:00:01:000 / Root(00) para top(01)
Mensaje * / 06:00:01:000 / top(01) para pmp(04)
Mensaje * / 06:00:01:000 / pmp(04) para pressroom(06)
Mensaje Y / 06:00:01:000 / pressroom(06) / blister /      1.00000 para pmp(04)
Mensaje Y / 06:00:01:000 / pressroom(06) / busy2 /      0.00000 para pmp(04)
Mensaje D / 06:00:01:000 / pressroom(06) / ... para pmp(04)
Mensaje X / 06:00:01:000 / pmp(04) / blister /      1.00000 para blisterroom(07)
Mensaje X / 06:00:01:000 / pmp(04) / busy2 /      0.00000 para powderroom(05)
Mensaje D / 06:00:01:000 / blisterroom(07) / 00:00:00:000 para pmp(04)
Mensaje D / 06:00:01:000 / powderroom(05) / 00:00:00:000 para pmp(04)
Mensaje D / 06:00:01:000 / pmp(04) / 00:00:00:000 para top(01)
Mensaje D / 06:00:01:000 / top(01) / 00:00:00:000 para Root(00)
Mensaje * / 06:00:01:000 / Root(00) para top(01)
Mensaje * / 06:00:01:000 / top(01) para pmp(04)
Mensaje * / 06:00:01:000 / pmp(04) para powderroom(05)
Mensaje Y / 06:00:01:000 / powderroom(05) / busy1 /      0.00000 para pmp(04)
Mensaje D / 06:00:01:000 / powderroom(05) / ... para pmp(04)
Mensaje Y / 06:00:01:000 / pmp(04) / busy1 /      0.00000 para top(01)
Mensaje D / 06:00:01:000 / pmp(04) / 00:00:00:000 para top(01)
Mensaje X / 06:00:01:000 / top(01) / busy1 /      0.00000 para factoryadministrator(03)
Mensaje D / 06:00:01:000 / factoryadministrator(03) / 00:00:01:000 para top(01)
Mensaje D / 06:00:01:000 / top(01) / 00:00:00:000 para Root(00)
Mensaje * / 06:00:01:000 / Root(00) para top(01)
Mensaje * / 06:00:01:000 / top(01) para pmp(04)
Mensaje * / 06:00:01:000 / pmp(04) para blisterroom(07)
Mensaje Y / 06:00:01:000 / blisterroom(07) / busy3 /      1.00000 para pmp(04)
Mensaje D / 06:00:01:000 / blisterroom(07) / 06:00:00:000 para pmp(04)
Mensaje X / 06:00:01:000 / pmp(04) / busy3 /      1.00000 para pressroom(06)
Mensaje D / 06:00:01:000 / pressroom(06) / 00:00:00:000 para pmp(04)
Mensaje D / 06:00:01:000 / pmp(04) / 00:00:00:000 para top(01)
Mensaje D / 06:00:01:000 / top(01) / 00:00:00:000 para Root(00)
Mensaje * / 06:00:01:000 / Root(00) para top(01)
Mensaje * / 06:00:01:000 / top(01) para pmp(04)
Mensaje * / 06:00:01:000 / pmp(04) para pressroom(06)
Mensaje Y / 06:00:01:000 / pressroom(06) / busy2 /      0.00000 para pmp(04)
Mensaje D / 06:00:01:000 / pressroom(06) / ... para pmp(04)
Mensaje X / 06:00:01:000 / pmp(04) / busy2 /      0.00000 para powderroom(05)
Mensaje D / 06:00:01:000 / powderroom(05) / 00:00:00:000 para pmp(04)
Mensaje D / 06:00:01:000 / pmp(04) / 00:00:00:000 para top(01)
Mensaje D / 06:00:01:000 / top(01) / 00:00:00:000 para Root(00)
Mensaje * / 06:00:01:000 / Root(00) para top(01)
Mensaje * / 06:00:01:000 / top(01) para pmp(04)
Mensaje * / 06:00:01:000 / pmp(04) para powderroom(05)
Mensaje Y / 06:00:01:000 / powderroom(05) / busy1 /      0.00000 para pmp(04)
Mensaje D / 06:00:01:000 / powderroom(05) / ... para pmp(04)
Mensaje Y / 06:00:01:000 / pmp(04) / busy1 /      0.00000 para top(01)
Mensaje D / 06:00:01:000 / pmp(04) / 06:00:00:000 para top(01)
Mensaje X / 06:00:01:000 / top(01) / busy1 /      0.00000 para factoryadministrator(03)
Mensaje D / 06:00:01:000 / factoryadministrator(03) / 00:00:01:000 para top(01)
Mensaje D / 06:00:01:000 / top(01) / 00:00:01:000 para Root(00)
Mensaje * / 06:00:02:000 / Root(00) para top(01)
Mensaje * / 06:00:02:000 / top(01) para factoryadministrator(03)
Mensaje D / 06:00:02:000 / factoryadministrator(03) / ... para top(01)
Mensaje D / 06:00:02:000 / top(01) / 05:59:59:000 para Root(00)
Mensaje * / 12:00:01:000 / Root(00) para top(01)
Mensaje * / 12:00:01:000 / top(01) para pmp(04)
Mensaje * / 12:00:01:000 / pmp(04) para blisterroom(07)
Mensaje Y / 12:00:01:000 / blisterroom(07) / finalpack /      1.00000 para pmp(04)
Mensaje Y / 12:00:01:000 / blisterroom(07) / busy3 /      0.00000 para pmp(04)
Mensaje D / 12:00:01:000 / blisterroom(07) / ... para pmp(04)
Mensaje X / 12:00:01:000 / pmp(04) / finalpack /      1.00000 para packroom(08)
Mensaje X / 12:00:01:000 / pmp(04) / busy3 /      0.00000 para pressroom(06)
Mensaje D / 12:00:01:000 / packroom(08) / 00:00:00:000 para pmp(04)
Mensaje D / 12:00:01:000 / pressroom(06) / 00:00:00:000 para pmp(04)
Mensaje D / 12:00:01:000 / pmp(04) / 00:00:00:000 para top(01)
Mensaje D / 12:00:01:000 / top(01) / 00:00:00:000 para Root(00)
Mensaje * / 12:00:01:000 / Root(00) para top(01)
Mensaje * / 12:00:01:000 / top(01) para pmp(04)
Mensaje * / 12:00:01:000 / pmp(04) para pressroom(06)
Mensaje Y / 12:00:01:000 / pressroom(06) / busy2 /      0.00000 para pmp(04)
Mensaje D / 12:00:01:000 / pressroom(06) / ... para pmp(04)
Mensaje X / 12:00:01:000 / pmp(04) / busy2 /      0.00000 para powderroom(05)
Mensaje D / 12:00:01:000 / powderroom(05) / 00:00:00:000 para pmp(04)
Mensaje D / 12:00:01:000 / pmp(04) / 00:00:00:000 para top(01)
Mensaje D / 12:00:01:000 / top(01) / 00:00:00:000 para Root(00)
Mensaje * / 12:00:01:000 / Root(00) para top(01)
Mensaje * / 12:00:01:000 / top(01) para pmp(04)
Mensaje * / 12:00:01:000 / pmp(04) para powderroom(05)
Mensaje Y / 12:00:01:000 / powderroom(05) / busy1 /      0.00000 para pmp(04)
Mensaje D / 12:00:01:000 / powderroom(05) / ... para pmp(04)
Mensaje Y / 12:00:01:000 / pmp(04) / busy1 /      0.00000 para top(01)
Mensaje D / 12:00:01:000 / pmp(04) / 00:00:00:000 para top(01)
Mensaje X / 12:00:01:000 / top(01) / busy1 /      0.00000 para factoryadministrator(03)
Mensaje D / 12:00:01:000 / factoryadministrator(03) / 00:00:01:000 para top(01)
Mensaje D / 12:00:01:000 / top(01) / 00:00:00:000 para Root(00)
Mensaje * / 12:00:01:000 / Root(00) para top(01)
Mensaje * / 12:00:01:000 / top(01) para pmp(04)
Mensaje * / 12:00:01:000 / pmp(04) para packroom(08)
Mensaje Y / 12:00:01:000 / packroom(08) / busy4 /      1.00000 para pmp(04)
Mensaje D / 12:00:01:000 / packroom(08) / 08:00:00:000 para pmp(04)
Mensaje X / 12:00:01:000 / pmp(04) / busy4 /      1.00000 para blisterroom(07)
Mensaje D / 12:00:01:000 / blisterroom(07) / 00:00:00:000 para pmp(04)
Mensaje D / 12:00:01:000 / pmp(04) / 00:00:00:000 para top(01)
Mensaje D / 12:00:01:000 / top(01) / 00:00:00:000 para Root(00)
Mensaje * / 12:00:01:000 / Root(00) para top(01)
Mensaje * / 12:00:01:000 / top(01) para pmp(04)
Mensaje * / 12:00:01:000 / pmp(04) para blisterroom(07)
Mensaje Y / 12:00:01:000 / blisterroom(07) / busy3 /      0.00000 para pmp(04)
Mensaje D / 12:00:01:000 / blisterroom(07) / ... para pmp(04)
Mensaje X / 12:00:01:000 / pmp(04) / busy3 /      0.00000 para pressroom(06)
Mensaje D / 12:00:01:000 / pressroom(06) / 00:00:00:000 para pmp(04)
Mensaje D / 12:00:01:000 / pmp(04) / 00:00:00:000 para top(01)
Mensaje D / 12:00:01:000 / top(01) / 00:00:00:000 para Root(00)
Mensaje * / 12:00:01:000 / Root(00) para top(01)
Mensaje * / 12:00:01:000 / top(01) para pmp(04)
Mensaje * / 12:00:01:000 / pmp(04) para pressroom(06)
Mensaje Y / 12:00:01:000 / pressroom(06) / busy2 /      0.00000 para pmp(04)
Mensaje D / 12:00:01:000 / pressroom(06) / ... para pmp(04)
Mensaje X / 12:00:01:000 / pmp(04) / busy2 /      0.00000 para powderroom(05)
Mensaje D / 12:00:01:000 / powderroom(05) / 00:00:00:000 para pmp(04)
Mensaje D / 12:00:01:000 / pmp(04) / 00:00:00:000 para top(01)
Mensaje D / 12:00:01:000 / top(01) / 00:00:00:000 para Root(00)
Mensaje * / 12:00:01:000 / Root(00) para top(01)
Mensaje * / 12:00:01:000 / top(01) para pmp(04)
Mensaje * / 12:00:01:000 / pmp(04) para powderroom(05)
Mensaje Y / 12:00:01:000 / powderroom(05) / busy1 /      0.00000 para pmp(04)
Mensaje D / 12:00:01:000 / powderroom(05) / ... para pmp(04)
Mensaje Y / 12:00:01:000 / pmp(04) / busy1 /      0.00000 para top(01)
Mensaje D / 12:00:01:000 / pmp(04) / 08:00:00:000 para top(01)
Mensaje X / 12:00:01:000 / top(01) / busy1 /      0.00000 para factoryadministrator(03)
Mensaje D / 12:00:01:000 / factoryadministrator(03) / 00:00:01:000 para top(01)
Mensaje D / 12:00:01:000 / top(01) / 00:00:01:000 para Root(00)
Mensaje * / 12:00:02:000 / Root(00) para top(01)
Mensaje * / 12:00:02:000 / top(01) para factoryadministrator(03)
Mensaje D / 12:00:02:000 / factoryadministrator(03) / ... para top(01)
Mensaje D / 12:00:02:000 / top(01) / 07:59:59:000 para Root(00)
Mensaje * / 20:00:01:000 / Root(00) para top(01)
Mensaje * / 20:00:01:000 / top(01) para pmp(04)
Mensaje * / 20:00:01:000 / pmp(04) para packroom(08)
Mensaje Y / 20:00:01:000 / packroom(08) / pmp_out /      1.00000 para pmp(04)
Mensaje Y / 20:00:01:000 / packroom(08) / busy4 /      0.00000 para pmp(04)
Mensaje D / 20:00:01:000 / packroom(08) / ... para pmp(04)
Mensaje Y / 20:00:01:000 / pmp(04) / pmp_out /      1.00000 para top(01)
Mensaje X / 20:00:01:000 / pmp(04) / busy4 /      0.00000 para blisterroom(07)
Mensaje Y / 20:00:01:000 / top(01) / pmp_out /      1.00000 para Root(00)
Mensaje X / 20:00:01:000 / top(01) / pmp_out /      1.00000 para factoryadministrator(03)
Mensaje D / 20:00:01:000 / blisterroom(07) / 00:00:00:000 para pmp(04)
Mensaje D / 20:00:01:000 / factoryadministrator(03) / 00:00:01:000 para top(01)
Mensaje D / 20:00:01:000 / pmp(04) / 00:00:00:000 para top(01)
Mensaje D / 20:00:01:000 / top(01) / 00:00:00:000 para Root(00)
Mensaje * / 20:00:01:000 / Root(00) para top(01)
Mensaje * / 20:00:01:000 / top(01) para pmp(04)
Mensaje * / 20:00:01:000 / pmp(04) para blisterroom(07)
Mensaje Y / 20:00:01:000 / blisterroom(07) / busy3 /      0.00000 para pmp(04)
Mensaje D / 20:00:01:000 / blisterroom(07) / ... para pmp(04)
Mensaje X / 20:00:01:000 / pmp(04) / busy3 /      0.00000 para pressroom(06)
Mensaje D / 20:00:01:000 / pressroom(06) / 00:00:00:000 para pmp(04)
Mensaje D / 20:00:01:000 / pmp(04) / 00:00:00:000 para top(01)
Mensaje D / 20:00:01:000 / top(01) / 00:00:00:000 para Root(00)
Mensaje * / 20:00:01:000 / Root(00) para top(01)
Mensaje * / 20:00:01:000 / top(01) para pmp(04)
Mensaje * / 20:00:01:000 / pmp(04) para pressroom(06)
Mensaje Y / 20:00:01:000 / pressroom(06) / busy2 /      0.00000 para pmp(04)
Mensaje D / 20:00:01:000 / pressroom(06) / ... para pmp(04)
Mensaje X / 20:00:01:000 / pmp(04) / busy2 /      0.00000 para powderroom(05)
Mensaje D / 20:00:01:000 / powderroom(05) / 00:00:00:000 para pmp(04)
Mensaje D / 20:00:01:000 / pmp(04) / 00:00:00:000 para top(01)
Mensaje D / 20:00:01:000 / top(01) / 00:00:00:000 para Root(00)
Mensaje * / 20:00:01:000 / Root(00) para top(01)
Mensaje * / 20:00:01:000 / top(01) para pmp(04)
Mensaje * / 20:00:01:000 / pmp(04) para powderroom(05)
Mensaje Y / 20:00:01:000 / powderroom(05) / busy1 /      0.00000 para pmp(04)
Mensaje D / 20:00:01:000 / powderroom(05) / ... para pmp(04)
Mensaje Y / 20:00:01:000 / pmp(04) / busy1 /      0.00000 para top(01)
Mensaje D / 20:00:01:000 / pmp(04) / ... para top(01)
Mensaje X / 20:00:01:000 / top(01) / busy1 /      0.00000 para factoryadministrator(03)
Mensaje D / 20:00:01:000 / factoryadministrator(03) / 00:00:01:000 para top(01)
Mensaje D / 20:00:01:000 / top(01) / 00:00:01:000 para Root(00)
Mensaje * / 20:00:02:000 / Root(00) para top(01)
Mensaje * / 20:00:02:000 / top(01) para factoryadministrator(03)
Mensaje Y / 20:00:02:000 / factoryadministrator(03) / facwar_in2 /    181.00000 para top(01)
Mensaje D / 20:00:02:000 / factoryadministrator(03) / ... para top(01)
Mensaje Y / 20:00:02:000 / top(01) / facwar_in2 /    181.00000 para Root(00)
Mensaje X / 20:00:02:000 / top(01) / facwar_in2 /    181.00000 para factorywarehouse(02)
Mensaje D / 20:00:02:000 / factorywarehouse(02) / 00:00:00:000 para top(01)
Mensaje D / 20:00:02:000 / top(01) / 00:00:00:000 para Root(00)
Mensaje * / 20:00:02:000 / Root(00) para top(01)
Mensaje * / 20:00:02:000 / top(01) para factorywarehouse(02)
Mensaje D / 20:00:02:000 / factorywarehouse(02) / ... para top(01)
Mensaje D / 20:00:02:000 / top(01) / ... para Root(00)
