Mensaje I / 00:00:00:000 / Root(00) para top(01)
Mensaje I / 00:00:00:000 / top(01) para powderroom(02)
Mensaje I / 00:00:00:000 / top(01) para pressroom(03)
Mensaje I / 00:00:00:000 / top(01) para blisterroom(04)
Mensaje I / 00:00:00:000 / top(01) para packroom(05)
Mensaje D / 00:00:00:000 / powderroom(02) / ... para top(01)
Mensaje D / 00:00:00:000 / pressroom(03) / ... para top(01)
Mensaje D / 00:00:00:000 / blisterroom(04) / ... para top(01)
Mensaje D / 00:00:00:000 / packroom(05) / ... para top(01)
Mensaje D / 00:00:00:000 / top(01) / ... para Root(00)
Mensaje X / 00:00:03:001 / Root(00) / pmp_in /      4.00000 para top(01)
Mensaje X / 00:00:03:001 / top(01) / pmp_in /      4.00000 para powderroom(02)
Mensaje D / 00:00:03:001 / powderroom(02) / 00:00:00:000 para top(01)
Mensaje D / 00:00:03:001 / top(01) / 00:00:00:000 para Root(00)
Mensaje * / 00:00:03:001 / Root(00) para top(01)
Mensaje * / 00:00:03:001 / top(01) para powderroom(02)
Mensaje Y / 00:00:03:001 / powderroom(02) / busy1 /      1.00000 para top(01)
Mensaje D / 00:00:03:001 / powderroom(02) / 02:00:00:000 para top(01)
Mensaje Y / 00:00:03:001 / top(01) / busy1 /      1.00000 para Root(00)
Mensaje D / 00:00:03:001 / top(01) / 02:00:00:000 para Root(00)
Mensaje * / 02:00:03:001 / Root(00) para top(01)
Mensaje * / 02:00:03:001 / top(01) para powderroom(02)
Mensaje Y / 02:00:03:001 / powderroom(02) / press /      1.00000 para top(01)
Mensaje Y / 02:00:03:001 / powderroom(02) / busy1 /      0.00000 para top(01)
Mensaje D / 02:00:03:001 / powderroom(02) / ... para top(01)
Mensaje Y / 02:00:03:001 / top(01) / press /      1.00000 para Root(00)
Mensaje X / 02:00:03:001 / top(01) / press /      1.00000 para pressroom(03)
Mensaje Y / 02:00:03:001 / top(01) / busy1 /      0.00000 para Root(00)
Mensaje D / 02:00:03:001 / pressroom(03) / 00:00:00:000 para top(01)
Mensaje D / 02:00:03:001 / top(01) / 00:00:00:000 para Root(00)
Mensaje * / 02:00:03:001 / Root(00) para top(01)
Mensaje * / 02:00:03:001 / top(01) para pressroom(03)
Mensaje Y / 02:00:03:001 / pressroom(03) / busy2 /      1.00000 para top(01)
Mensaje D / 02:00:03:001 / pressroom(03) / 04:00:00:000 para top(01)
Mensaje Y / 02:00:03:001 / top(01) / busy2 /      1.00000 para Root(00)
Mensaje X / 02:00:03:001 / top(01) / busy2 /      1.00000 para powderroom(02)
Mensaje D / 02:00:03:001 / powderroom(02) / 00:00:00:000 para top(01)
Mensaje D / 02:00:03:001 / top(01) / 00:00:00:000 para Root(00)
Mensaje * / 02:00:03:001 / Root(00) para top(01)
Mensaje * / 02:00:03:001 / top(01) para powderroom(02)
Mensaje Y / 02:00:03:001 / powderroom(02) / busy1 /      0.00000 para top(01)
Mensaje D / 02:00:03:001 / powderroom(02) / ... para top(01)
Mensaje Y / 02:00:03:001 / top(01) / busy1 /      0.00000 para Root(00)
Mensaje D / 02:00:03:001 / top(01) / 04:00:00:000 para Root(00)
Mensaje X / 02:00:07:001 / Root(00) / pmp_in /      4.00000 para top(01)
Mensaje X / 02:00:07:001 / top(01) / pmp_in /      4.00000 para powderroom(02)
Mensaje D / 02:00:07:001 / powderroom(02) / 00:00:00:000 para top(01)
Mensaje D / 02:00:07:001 / top(01) / 00:00:00:000 para Root(00)
Mensaje * / 02:00:07:001 / Root(00) para top(01)
Mensaje * / 02:00:07:001 / top(01) para powderroom(02)
Mensaje Y / 02:00:07:001 / powderroom(02) / busy1 /      1.00000 para top(01)
Mensaje D / 02:00:07:001 / powderroom(02) / 02:00:00:000 para top(01)
Mensaje Y / 02:00:07:001 / top(01) / busy1 /      1.00000 para Root(00)
Mensaje D / 02:00:07:001 / top(01) / 02:00:00:000 para Root(00)
Mensaje * / 04:00:07:001 / Root(00) para top(01)
Mensaje * / 04:00:07:001 / top(01) para powderroom(02)
Mensaje Y / 04:00:07:001 / powderroom(02) / busy1 /      1.00000 para top(01)
Mensaje D / 04:00:07:001 / powderroom(02) / ... para top(01)
Mensaje Y / 04:00:07:001 / top(01) / busy1 /      1.00000 para Root(00)
Mensaje D / 04:00:07:001 / top(01) / 01:59:56:000 para Root(00)
Mensaje * / 06:00:03:001 / Root(00) para top(01)
Mensaje * / 06:00:03:001 / top(01) para pressroom(03)
Mensaje Y / 06:00:03:001 / pressroom(03) / blister /      1.00000 para top(01)
Mensaje Y / 06:00:03:001 / pressroom(03) / busy2 /      0.00000 para top(01)
Mensaje D / 06:00:03:001 / pressroom(03) / ... para top(01)
Mensaje Y / 06:00:03:001 / top(01) / blister /      1.00000 para Root(00)
Mensaje X / 06:00:03:001 / top(01) / blister /      1.00000 para blisterroom(04)
Mensaje Y / 06:00:03:001 / top(01) / busy2 /      0.00000 para Root(00)
Mensaje X / 06:00:03:001 / top(01) / busy2 /      0.00000 para powderroom(02)
Mensaje D / 06:00:03:001 / blisterroom(04) / 00:00:00:000 para top(01)
Mensaje D / 06:00:03:001 / powderroom(02) / 00:00:00:000 para top(01)
Mensaje D / 06:00:03:001 / top(01) / 00:00:00:000 para Root(00)
Mensaje * / 06:00:03:001 / Root(00) para top(01)
Mensaje * / 06:00:03:001 / top(01) para powderroom(02)
Mensaje Y / 06:00:03:001 / powderroom(02) / press /      1.00000 para top(01)
Mensaje Y / 06:00:03:001 / powderroom(02) / busy1 /      0.00000 para top(01)
Mensaje D / 06:00:03:001 / powderroom(02) / ... para top(01)
Mensaje Y / 06:00:03:001 / top(01) / press /      1.00000 para Root(00)
Mensaje X / 06:00:03:001 / top(01) / press /      1.00000 para pressroom(03)
Mensaje Y / 06:00:03:001 / top(01) / busy1 /      0.00000 para Root(00)
Mensaje D / 06:00:03:001 / pressroom(03) / 00:00:00:000 para top(01)
Mensaje D / 06:00:03:001 / top(01) / 00:00:00:000 para Root(00)
Mensaje * / 06:00:03:001 / Root(00) para top(01)
Mensaje * / 06:00:03:001 / top(01) para pressroom(03)
Mensaje Y / 06:00:03:001 / pressroom(03) / busy2 /      1.00000 para top(01)
Mensaje D / 06:00:03:001 / pressroom(03) / 04:00:00:000 para top(01)
Mensaje Y / 06:00:03:001 / top(01) / busy2 /      1.00000 para Root(00)
Mensaje X / 06:00:03:001 / top(01) / busy2 /      1.00000 para powderroom(02)
Mensaje D / 06:00:03:001 / powderroom(02) / 00:00:00:000 para top(01)
Mensaje D / 06:00:03:001 / top(01) / 00:00:00:000 para Root(00)
Mensaje * / 06:00:03:001 / Root(00) para top(01)
Mensaje * / 06:00:03:001 / top(01) para powderroom(02)
Mensaje Y / 06:00:03:001 / powderroom(02) / busy1 /      0.00000 para top(01)
Mensaje D / 06:00:03:001 / powderroom(02) / ... para top(01)
Mensaje Y / 06:00:03:001 / top(01) / busy1 /      0.00000 para Root(00)
Mensaje D / 06:00:03:001 / top(01) / 00:00:00:000 para Root(00)
Mensaje * / 06:00:03:001 / Root(00) para top(01)
Mensaje * / 06:00:03:001 / top(01) para blisterroom(04)
Mensaje Y / 06:00:03:001 / blisterroom(04) / busy3 /      1.00000 para top(01)
Mensaje D / 06:00:03:001 / blisterroom(04) / 06:00:00:000 para top(01)
Mensaje Y / 06:00:03:001 / top(01) / busy3 /      1.00000 para Root(00)
Mensaje X / 06:00:03:001 / top(01) / busy3 /      1.00000 para pressroom(03)
Mensaje D / 06:00:03:001 / pressroom(03) / 00:00:00:000 para top(01)
Mensaje D / 06:00:03:001 / top(01) / 00:00:00:000 para Root(00)
Mensaje * / 06:00:03:001 / Root(00) para top(01)
Mensaje * / 06:00:03:001 / top(01) para pressroom(03)
Mensaje Y / 06:00:03:001 / pressroom(03) / busy2 /      1.00000 para top(01)
Mensaje D / 06:00:03:001 / pressroom(03) / ... para top(01)
Mensaje Y / 06:00:03:001 / top(01) / busy2 /      1.00000 para Root(00)
Mensaje X / 06:00:03:001 / top(01) / busy2 /      1.00000 para powderroom(02)
Mensaje D / 06:00:03:001 / powderroom(02) / 00:00:00:000 para top(01)
Mensaje D / 06:00:03:001 / top(01) / 00:00:00:000 para Root(00)
Mensaje * / 06:00:03:001 / Root(00) para top(01)
Mensaje * / 06:00:03:001 / top(01) para powderroom(02)
Mensaje Y / 06:00:03:001 / powderroom(02) / busy1 /      0.00000 para top(01)
Mensaje D / 06:00:03:001 / powderroom(02) / ... para top(01)
Mensaje Y / 06:00:03:001 / top(01) / busy1 /      0.00000 para Root(00)
Mensaje D / 06:00:03:001 / top(01) / 06:00:00:000 para Root(00)
Mensaje X / 06:00:07:001 / Root(00) / pmp_in /      4.00000 para top(01)
Mensaje X / 06:00:07:001 / top(01) / pmp_in /      4.00000 para powderroom(02)
Mensaje D / 06:00:07:001 / powderroom(02) / 00:00:00:000 para top(01)
Mensaje D / 06:00:07:001 / top(01) / 00:00:00:000 para Root(00)
Mensaje * / 06:00:07:001 / Root(00) para top(01)
Mensaje * / 06:00:07:001 / top(01) para powderroom(02)
Mensaje Y / 06:00:07:001 / powderroom(02) / busy1 /      1.00000 para top(01)
Mensaje D / 06:00:07:001 / powderroom(02) / 02:00:00:000 para top(01)
Mensaje Y / 06:00:07:001 / top(01) / busy1 /      1.00000 para Root(00)
Mensaje D / 06:00:07:001 / top(01) / 02:00:00:000 para Root(00)
Mensaje * / 08:00:07:001 / Root(00) para top(01)
Mensaje * / 08:00:07:001 / top(01) para powderroom(02)
Mensaje Y / 08:00:07:001 / powderroom(02) / busy1 /      1.00000 para top(01)
Mensaje D / 08:00:07:001 / powderroom(02) / ... para top(01)
Mensaje Y / 08:00:07:001 / top(01) / busy1 /      1.00000 para Root(00)
Mensaje D / 08:00:07:001 / top(01) / 03:59:56:000 para Root(00)
Mensaje * / 12:00:03:001 / Root(00) para top(01)
Mensaje * / 12:00:03:001 / top(01) para blisterroom(04)
Mensaje Y / 12:00:03:001 / blisterroom(04) / finalpack /      1.00000 para top(01)
Mensaje Y / 12:00:03:001 / blisterroom(04) / busy3 /      0.00000 para top(01)
Mensaje D / 12:00:03:001 / blisterroom(04) / ... para top(01)
Mensaje Y / 12:00:03:001 / top(01) / finalpack /      1.00000 para Root(00)
Mensaje X / 12:00:03:001 / top(01) / finalpack /      1.00000 para packroom(05)
Mensaje Y / 12:00:03:001 / top(01) / busy3 /      0.00000 para Root(00)
Mensaje X / 12:00:03:001 / top(01) / busy3 /      0.00000 para pressroom(03)
Mensaje D / 12:00:03:001 / packroom(05) / 00:00:00:000 para top(01)
Mensaje D / 12:00:03:001 / pressroom(03) / 00:00:00:000 para top(01)
Mensaje D / 12:00:03:001 / top(01) / 00:00:00:000 para Root(00)
Mensaje * / 12:00:03:001 / Root(00) para top(01)
Mensaje * / 12:00:03:001 / top(01) para pressroom(03)
Mensaje Y / 12:00:03:001 / pressroom(03) / blister /      1.00000 para top(01)
Mensaje Y / 12:00:03:001 / pressroom(03) / busy2 /      0.00000 para top(01)
Mensaje D / 12:00:03:001 / pressroom(03) / ... para top(01)
Mensaje Y / 12:00:03:001 / top(01) / blister /      1.00000 para Root(00)
Mensaje X / 12:00:03:001 / top(01) / blister /      1.00000 para blisterroom(04)
Mensaje Y / 12:00:03:001 / top(01) / busy2 /      0.00000 para Root(00)
Mensaje X / 12:00:03:001 / top(01) / busy2 /      0.00000 para powderroom(02)
Mensaje D / 12:00:03:001 / blisterroom(04) / 00:00:00:000 para top(01)
Mensaje D / 12:00:03:001 / powderroom(02) / 00:00:00:000 para top(01)
Mensaje D / 12:00:03:001 / top(01) / 00:00:00:000 para Root(00)
Mensaje * / 12:00:03:001 / Root(00) para top(01)
Mensaje * / 12:00:03:001 / top(01) para powderroom(02)
Mensaje Y / 12:00:03:001 / powderroom(02) / press /      1.00000 para top(01)
Mensaje Y / 12:00:03:001 / powderroom(02) / busy1 /      0.00000 para top(01)
Mensaje D / 12:00:03:001 / powderroom(02) / ... para top(01)
Mensaje Y / 12:00:03:001 / top(01) / press /      1.00000 para Root(00)
Mensaje X / 12:00:03:001 / top(01) / press /      1.00000 para pressroom(03)
Mensaje Y / 12:00:03:001 / top(01) / busy1 /      0.00000 para Root(00)
Mensaje D / 12:00:03:001 / pressroom(03) / 00:00:00:000 para top(01)
Mensaje D / 12:00:03:001 / top(01) / 00:00:00:000 para Root(00)
Mensaje * / 12:00:03:001 / Root(00) para top(01)
Mensaje * / 12:00:03:001 / top(01) para pressroom(03)
Mensaje Y / 12:00:03:001 / pressroom(03) / busy2 /      1.00000 para top(01)
Mensaje D / 12:00:03:001 / pressroom(03) / 04:00:00:000 para top(01)
Mensaje Y / 12:00:03:001 / top(01) / busy2 /      1.00000 para Root(00)
Mensaje X / 12:00:03:001 / top(01) / busy2 /      1.00000 para powderroom(02)
Mensaje D / 12:00:03:001 / powderroom(02) / 00:00:00:000 para top(01)
Mensaje D / 12:00:03:001 / top(01) / 00:00:00:000 para Root(00)
Mensaje * / 12:00:03:001 / Root(00) para top(01)
Mensaje * / 12:00:03:001 / top(01) para powderroom(02)
Mensaje Y / 12:00:03:001 / powderroom(02) / busy1 /      0.00000 para top(01)
Mensaje D / 12:00:03:001 / powderroom(02) / ... para top(01)
Mensaje Y / 12:00:03:001 / top(01) / busy1 /      0.00000 para Root(00)
Mensaje D / 12:00:03:001 / top(01) / 00:00:00:000 para Root(00)
Mensaje * / 12:00:03:001 / Root(00) para top(01)
Mensaje * / 12:00:03:001 / top(01) para blisterroom(04)
Mensaje Y / 12:00:03:001 / blisterroom(04) / busy3 /      1.00000 para top(01)
Mensaje D / 12:00:03:001 / blisterroom(04) / 06:00:00:000 para top(01)
Mensaje Y / 12:00:03:001 / top(01) / busy3 /      1.00000 para Root(00)
Mensaje X / 12:00:03:001 / top(01) / busy3 /      1.00000 para pressroom(03)
Mensaje D / 12:00:03:001 / pressroom(03) / 00:00:00:000 para top(01)
Mensaje D / 12:00:03:001 / top(01) / 00:00:00:000 para Root(00)
Mensaje * / 12:00:03:001 / Root(00) para top(01)
Mensaje * / 12:00:03:001 / top(01) para pressroom(03)
Mensaje Y / 12:00:03:001 / pressroom(03) / busy2 /      1.00000 para top(01)
Mensaje D / 12:00:03:001 / pressroom(03) / ... para top(01)
Mensaje Y / 12:00:03:001 / top(01) / busy2 /      1.00000 para Root(00)
Mensaje X / 12:00:03:001 / top(01) / busy2 /      1.00000 para powderroom(02)
Mensaje D / 12:00:03:001 / powderroom(02) / 00:00:00:000 para top(01)
Mensaje D / 12:00:03:001 / top(01) / 00:00:00:000 para Root(00)
Mensaje * / 12:00:03:001 / Root(00) para top(01)
Mensaje * / 12:00:03:001 / top(01) para powderroom(02)
Mensaje Y / 12:00:03:001 / powderroom(02) / busy1 /      0.00000 para top(01)
Mensaje D / 12:00:03:001 / powderroom(02) / ... para top(01)
Mensaje Y / 12:00:03:001 / top(01) / busy1 /      0.00000 para Root(00)
Mensaje D / 12:00:03:001 / top(01) / 00:00:00:000 para Root(00)
Mensaje * / 12:00:03:001 / Root(00) para top(01)
Mensaje * / 12:00:03:001 / top(01) para packroom(05)
Mensaje Y / 12:00:03:001 / packroom(05) / busy4 /      1.00000 para top(01)
Mensaje D / 12:00:03:001 / packroom(05) / 08:00:00:000 para top(01)
Mensaje Y / 12:00:03:001 / top(01) / busy4 /      1.00000 para Root(00)
Mensaje X / 12:00:03:001 / top(01) / busy4 /      1.00000 para blisterroom(04)
Mensaje D / 12:00:03:001 / blisterroom(04) / 00:00:00:000 para top(01)
Mensaje D / 12:00:03:001 / top(01) / 00:00:00:000 para Root(00)
Mensaje * / 12:00:03:001 / Root(00) para top(01)
Mensaje * / 12:00:03:001 / top(01) para blisterroom(04)
Mensaje Y / 12:00:03:001 / blisterroom(04) / busy3 /      1.00000 para top(01)
Mensaje D / 12:00:03:001 / blisterroom(04) / ... para top(01)
Mensaje Y / 12:00:03:001 / top(01) / busy3 /      1.00000 para Root(00)
Mensaje X / 12:00:03:001 / top(01) / busy3 /      1.00000 para pressroom(03)
Mensaje D / 12:00:03:001 / pressroom(03) / 00:00:00:000 para top(01)
Mensaje D / 12:00:03:001 / top(01) / 00:00:00:000 para Root(00)
Mensaje * / 12:00:03:001 / Root(00) para top(01)
Mensaje * / 12:00:03:001 / top(01) para pressroom(03)
Mensaje Y / 12:00:03:001 / pressroom(03) / busy2 /      1.00000 para top(01)
Mensaje D / 12:00:03:001 / pressroom(03) / ... para top(01)
Mensaje Y / 12:00:03:001 / top(01) / busy2 /      1.00000 para Root(00)
Mensaje X / 12:00:03:001 / top(01) / busy2 /      1.00000 para powderroom(02)
Mensaje D / 12:00:03:001 / powderroom(02) / 00:00:00:000 para top(01)
Mensaje D / 12:00:03:001 / top(01) / 00:00:00:000 para Root(00)
Mensaje * / 12:00:03:001 / Root(00) para top(01)
Mensaje * / 12:00:03:001 / top(01) para powderroom(02)
Mensaje Y / 12:00:03:001 / powderroom(02) / busy1 /      0.00000 para top(01)
Mensaje D / 12:00:03:001 / powderroom(02) / ... para top(01)
Mensaje Y / 12:00:03:001 / top(01) / busy1 /      0.00000 para Root(00)
Mensaje D / 12:00:03:001 / top(01) / 08:00:00:000 para Root(00)
Mensaje X / 12:00:07:001 / Root(00) / pmp_in /      4.00000 para top(01)
Mensaje X / 12:00:07:001 / top(01) / pmp_in /      4.00000 para powderroom(02)
Mensaje D / 12:00:07:001 / powderroom(02) / 00:00:00:000 para top(01)
Mensaje D / 12:00:07:001 / top(01) / 00:00:00:000 para Root(00)
Mensaje * / 12:00:07:001 / Root(00) para top(01)
Mensaje * / 12:00:07:001 / top(01) para powderroom(02)
Mensaje Y / 12:00:07:001 / powderroom(02) / busy1 /      1.00000 para top(01)
Mensaje D / 12:00:07:001 / powderroom(02) / 02:00:00:000 para top(01)
Mensaje Y / 12:00:07:001 / top(01) / busy1 /      1.00000 para Root(00)
Mensaje D / 12:00:07:001 / top(01) / 02:00:00:000 para Root(00)
Mensaje * / 14:00:07:001 / Root(00) para top(01)
Mensaje * / 14:00:07:001 / top(01) para powderroom(02)
Mensaje Y / 14:00:07:001 / powderroom(02) / busy1 /      1.00000 para top(01)
Mensaje D / 14:00:07:001 / powderroom(02) / ... para top(01)
Mensaje Y / 14:00:07:001 / top(01) / busy1 /      1.00000 para Root(00)
Mensaje D / 14:00:07:001 / top(01) / 05:59:56:000 para Root(00)
Mensaje * / 20:00:03:001 / Root(00) para top(01)
Mensaje * / 20:00:03:001 / top(01) para packroom(05)
Mensaje Y / 20:00:03:001 / packroom(05) / pmp_out /      1.00000 para top(01)
Mensaje Y / 20:00:03:001 / packroom(05) / busy4 /      0.00000 para top(01)
Mensaje D / 20:00:03:001 / packroom(05) / ... para top(01)
Mensaje Y / 20:00:03:001 / top(01) / pmp_out /      1.00000 para Root(00)
Mensaje Y / 20:00:03:001 / top(01) / busy4 /      0.00000 para Root(00)
Mensaje X / 20:00:03:001 / top(01) / busy4 /      0.00000 para blisterroom(04)
Mensaje D / 20:00:03:001 / blisterroom(04) / 00:00:00:000 para top(01)
Mensaje D / 20:00:03:001 / top(01) / 00:00:00:000 para Root(00)
Mensaje * / 20:00:03:001 / Root(00) para top(01)
Mensaje * / 20:00:03:001 / top(01) para blisterroom(04)
Mensaje Y / 20:00:03:001 / blisterroom(04) / finalpack /      1.00000 para top(01)
Mensaje Y / 20:00:03:001 / blisterroom(04) / busy3 /      0.00000 para top(01)
Mensaje D / 20:00:03:001 / blisterroom(04) / ... para top(01)
Mensaje Y / 20:00:03:001 / top(01) / finalpack /      1.00000 para Root(00)
Mensaje X / 20:00:03:001 / top(01) / finalpack /      1.00000 para packroom(05)
Mensaje Y / 20:00:03:001 / top(01) / busy3 /      0.00000 para Root(00)
Mensaje X / 20:00:03:001 / top(01) / busy3 /      0.00000 para pressroom(03)
Mensaje D / 20:00:03:001 / packroom(05) / 00:00:00:000 para top(01)
Mensaje D / 20:00:03:001 / pressroom(03) / 00:00:00:000 para top(01)
Mensaje D / 20:00:03:001 / top(01) / 00:00:00:000 para Root(00)
Mensaje * / 20:00:03:001 / Root(00) para top(01)
Mensaje * / 20:00:03:001 / top(01) para pressroom(03)
Mensaje Y / 20:00:03:001 / pressroom(03) / blister /      1.00000 para top(01)
Mensaje Y / 20:00:03:001 / pressroom(03) / busy2 /      0.00000 para top(01)
Mensaje D / 20:00:03:001 / pressroom(03) / ... para top(01)
Mensaje Y / 20:00:03:001 / top(01) / blister /      1.00000 para Root(00)
Mensaje X / 20:00:03:001 / top(01) / blister /      1.00000 para blisterroom(04)
Mensaje Y / 20:00:03:001 / top(01) / busy2 /      0.00000 para Root(00)
Mensaje X / 20:00:03:001 / top(01) / busy2 /      0.00000 para powderroom(02)
Mensaje D / 20:00:03:001 / blisterroom(04) / 00:00:00:000 para top(01)
Mensaje D / 20:00:03:001 / powderroom(02) / 00:00:00:000 para top(01)
Mensaje D / 20:00:03:001 / top(01) / 00:00:00:000 para Root(00)
Mensaje * / 20:00:03:001 / Root(00) para top(01)
Mensaje * / 20:00:03:001 / top(01) para powderroom(02)
Mensaje Y / 20:00:03:001 / powderroom(02) / press /      1.00000 para top(01)
Mensaje Y / 20:00:03:001 / powderroom(02) / busy1 /      0.00000 para top(01)
Mensaje D / 20:00:03:001 / powderroom(02) / ... para top(01)
Mensaje Y / 20:00:03:001 / top(01) / press /      1.00000 para Root(00)
Mensaje X / 20:00:03:001 / top(01) / press /      1.00000 para pressroom(03)
Mensaje Y / 20:00:03:001 / top(01) / busy1 /      0.00000 para Root(00)
Mensaje D / 20:00:03:001 / pressroom(03) / 00:00:00:000 para top(01)
Mensaje D / 20:00:03:001 / top(01) / 00:00:00:000 para Root(00)
Mensaje * / 20:00:03:001 / Root(00) para top(01)
Mensaje * / 20:00:03:001 / top(01) para pressroom(03)
Mensaje Y / 20:00:03:001 / pressroom(03) / busy2 /      1.00000 para top(01)
Mensaje D / 20:00:03:001 / pressroom(03) / 04:00:00:000 para top(01)
Mensaje Y / 20:00:03:001 / top(01) / busy2 /      1.00000 para Root(00)
Mensaje X / 20:00:03:001 / top(01) / busy2 /      1.00000 para powderroom(02)
Mensaje D / 20:00:03:001 / powderroom(02) / 00:00:00:000 para top(01)
Mensaje D / 20:00:03:001 / top(01) / 00:00:00:000 para Root(00)
Mensaje * / 20:00:03:001 / Root(00) para top(01)
Mensaje * / 20:00:03:001 / top(01) para powderroom(02)
Mensaje Y / 20:00:03:001 / powderroom(02) / busy1 /      0.00000 para top(01)
Mensaje D / 20:00:03:001 / powderroom(02) / ... para top(01)
Mensaje Y / 20:00:03:001 / top(01) / busy1 /      0.00000 para Root(00)
Mensaje D / 20:00:03:001 / top(01) / 00:00:00:000 para Root(00)
Mensaje * / 20:00:03:001 / Root(00) para top(01)
Mensaje * / 20:00:03:001 / top(01) para blisterroom(04)
Mensaje Y / 20:00:03:001 / blisterroom(04) / busy3 /      1.00000 para top(01)
Mensaje D / 20:00:03:001 / blisterroom(04) / 06:00:00:000 para top(01)
Mensaje Y / 20:00:03:001 / top(01) / busy3 /      1.00000 para Root(00)
Mensaje X / 20:00:03:001 / top(01) / busy3 /      1.00000 para pressroom(03)
Mensaje D / 20:00:03:001 / pressroom(03) / 00:00:00:000 para top(01)
Mensaje D / 20:00:03:001 / top(01) / 00:00:00:000 para Root(00)
Mensaje * / 20:00:03:001 / Root(00) para top(01)
Mensaje * / 20:00:03:001 / top(01) para pressroom(03)
Mensaje Y / 20:00:03:001 / pressroom(03) / busy2 /      1.00000 para top(01)
Mensaje D / 20:00:03:001 / pressroom(03) / ... para top(01)
Mensaje Y / 20:00:03:001 / top(01) / busy2 /      1.00000 para Root(00)
Mensaje X / 20:00:03:001 / top(01) / busy2 /      1.00000 para powderroom(02)
Mensaje D / 20:00:03:001 / powderroom(02) / 00:00:00:000 para top(01)
Mensaje D / 20:00:03:001 / top(01) / 00:00:00:000 para Root(00)
Mensaje * / 20:00:03:001 / Root(00) para top(01)
Mensaje * / 20:00:03:001 / top(01) para powderroom(02)
Mensaje Y / 20:00:03:001 / powderroom(02) / busy1 /      0.00000 para top(01)
Mensaje D / 20:00:03:001 / powderroom(02) / ... para top(01)
Mensaje Y / 20:00:03:001 / top(01) / busy1 /      0.00000 para Root(00)
Mensaje D / 20:00:03:001 / top(01) / 00:00:00:000 para Root(00)
Mensaje * / 20:00:03:001 / Root(00) para top(01)
Mensaje * / 20:00:03:001 / top(01) para packroom(05)
Mensaje Y / 20:00:03:001 / packroom(05) / busy4 /      1.00000 para top(01)
Mensaje D / 20:00:03:001 / packroom(05) / 08:00:00:000 para top(01)
Mensaje Y / 20:00:03:001 / top(01) / busy4 /      1.00000 para Root(00)
Mensaje X / 20:00:03:001 / top(01) / busy4 /      1.00000 para blisterroom(04)
Mensaje D / 20:00:03:001 / blisterroom(04) / 00:00:00:000 para top(01)
Mensaje D / 20:00:03:001 / top(01) / 00:00:00:000 para Root(00)
Mensaje * / 20:00:03:001 / Root(00) para top(01)
Mensaje * / 20:00:03:001 / top(01) para blisterroom(04)
Mensaje Y / 20:00:03:001 / blisterroom(04) / busy3 /      1.00000 para top(01)
Mensaje D / 20:00:03:001 / blisterroom(04) / ... para top(01)
Mensaje Y / 20:00:03:001 / top(01) / busy3 /      1.00000 para Root(00)
Mensaje X / 20:00:03:001 / top(01) / busy3 /      1.00000 para pressroom(03)
Mensaje D / 20:00:03:001 / pressroom(03) / 00:00:00:000 para top(01)
Mensaje D / 20:00:03:001 / top(01) / 00:00:00:000 para Root(00)
Mensaje * / 20:00:03:001 / Root(00) para top(01)
Mensaje * / 20:00:03:001 / top(01) para pressroom(03)
Mensaje Y / 20:00:03:001 / pressroom(03) / busy2 /      1.00000 para top(01)
Mensaje D / 20:00:03:001 / pressroom(03) / ... para top(01)
Mensaje Y / 20:00:03:001 / top(01) / busy2 /      1.00000 para Root(00)
Mensaje X / 20:00:03:001 / top(01) / busy2 /      1.00000 para powderroom(02)
Mensaje D / 20:00:03:001 / powderroom(02) / 00:00:00:000 para top(01)
Mensaje D / 20:00:03:001 / top(01) / 00:00:00:000 para Root(00)
Mensaje * / 20:00:03:001 / Root(00) para top(01)
Mensaje * / 20:00:03:001 / top(01) para powderroom(02)
Mensaje Y / 20:00:03:001 / powderroom(02) / busy1 /      0.00000 para top(01)
Mensaje D / 20:00:03:001 / powderroom(02) / ... para top(01)
Mensaje Y / 20:00:03:001 / top(01) / busy1 /      0.00000 para Root(00)
Mensaje D / 20:00:03:001 / top(01) / 08:00:00:000 para Root(00)
Mensaje * / 28:00:03:001 / Root(00) para top(01)
Mensaje * / 28:00:03:001 / top(01) para packroom(05)
Mensaje Y / 28:00:03:001 / packroom(05) / pmp_out /      1.00000 para top(01)
Mensaje Y / 28:00:03:001 / packroom(05) / busy4 /      0.00000 para top(01)
Mensaje D / 28:00:03:001 / packroom(05) / ... para top(01)
Mensaje Y / 28:00:03:001 / top(01) / pmp_out /      1.00000 para Root(00)
Mensaje Y / 28:00:03:001 / top(01) / busy4 /      0.00000 para Root(00)
Mensaje X / 28:00:03:001 / top(01) / busy4 /      0.00000 para blisterroom(04)
Mensaje D / 28:00:03:001 / blisterroom(04) / 00:00:00:000 para top(01)
Mensaje D / 28:00:03:001 / top(01) / 00:00:00:000 para Root(00)
Mensaje * / 28:00:03:001 / Root(00) para top(01)
Mensaje * / 28:00:03:001 / top(01) para blisterroom(04)
Mensaje Y / 28:00:03:001 / blisterroom(04) / finalpack /      1.00000 para top(01)
Mensaje Y / 28:00:03:001 / blisterroom(04) / busy3 /      0.00000 para top(01)
Mensaje D / 28:00:03:001 / blisterroom(04) / ... para top(01)
Mensaje Y / 28:00:03:001 / top(01) / finalpack /      1.00000 para Root(00)
Mensaje X / 28:00:03:001 / top(01) / finalpack /      1.00000 para packroom(05)
Mensaje Y / 28:00:03:001 / top(01) / busy3 /      0.00000 para Root(00)
Mensaje X / 28:00:03:001 / top(01) / busy3 /      0.00000 para pressroom(03)
Mensaje D / 28:00:03:001 / packroom(05) / 00:00:00:000 para top(01)
Mensaje D / 28:00:03:001 / pressroom(03) / 00:00:00:000 para top(01)
Mensaje D / 28:00:03:001 / top(01) / 00:00:00:000 para Root(00)
Mensaje * / 28:00:03:001 / Root(00) para top(01)
Mensaje * / 28:00:03:001 / top(01) para pressroom(03)
Mensaje Y / 28:00:03:001 / pressroom(03) / blister /      1.00000 para top(01)
Mensaje Y / 28:00:03:001 / pressroom(03) / busy2 /      0.00000 para top(01)
Mensaje D / 28:00:03:001 / pressroom(03) / ... para top(01)
Mensaje Y / 28:00:03:001 / top(01) / blister /      1.00000 para Root(00)
Mensaje X / 28:00:03:001 / top(01) / blister /      1.00000 para blisterroom(04)
Mensaje Y / 28:00:03:001 / top(01) / busy2 /      0.00000 para Root(00)
Mensaje X / 28:00:03:001 / top(01) / busy2 /      0.00000 para powderroom(02)
Mensaje D / 28:00:03:001 / blisterroom(04) / 00:00:00:000 para top(01)
Mensaje D / 28:00:03:001 / powderroom(02) / 00:00:00:000 para top(01)
Mensaje D / 28:00:03:001 / top(01) / 00:00:00:000 para Root(00)
Mensaje * / 28:00:03:001 / Root(00) para top(01)
Mensaje * / 28:00:03:001 / top(01) para powderroom(02)
Mensaje Y / 28:00:03:001 / powderroom(02) / busy1 /      0.00000 para top(01)
Mensaje D / 28:00:03:001 / powderroom(02) / ... para top(01)
Mensaje Y / 28:00:03:001 / top(01) / busy1 /      0.00000 para Root(00)
Mensaje D / 28:00:03:001 / top(01) / 00:00:00:000 para Root(00)
Mensaje * / 28:00:03:001 / Root(00) para top(01)
Mensaje * / 28:00:03:001 / top(01) para blisterroom(04)
Mensaje Y / 28:00:03:001 / blisterroom(04) / busy3 /      1.00000 para top(01)
Mensaje D / 28:00:03:001 / blisterroom(04) / 06:00:00:000 para top(01)
Mensaje Y / 28:00:03:001 / top(01) / busy3 /      1.00000 para Root(00)
Mensaje X / 28:00:03:001 / top(01) / busy3 /      1.00000 para pressroom(03)
Mensaje D / 28:00:03:001 / pressroom(03) / 00:00:00:000 para top(01)
Mensaje D / 28:00:03:001 / top(01) / 00:00:00:000 para Root(00)
Mensaje * / 28:00:03:001 / Root(00) para top(01)
Mensaje * / 28:00:03:001 / top(01) para pressroom(03)
Mensaje Y / 28:00:03:001 / pressroom(03) / busy2 /      0.00000 para top(01)
Mensaje D / 28:00:03:001 / pressroom(03) / ... para top(01)
Mensaje Y / 28:00:03:001 / top(01) / busy2 /      0.00000 para Root(00)
Mensaje X / 28:00:03:001 / top(01) / busy2 /      0.00000 para powderroom(02)
Mensaje D / 28:00:03:001 / powderroom(02) / 00:00:00:000 para top(01)
Mensaje D / 28:00:03:001 / top(01) / 00:00:00:000 para Root(00)
Mensaje * / 28:00:03:001 / Root(00) para top(01)
Mensaje * / 28:00:03:001 / top(01) para powderroom(02)
Mensaje Y / 28:00:03:001 / powderroom(02) / busy1 /      0.00000 para top(01)
Mensaje D / 28:00:03:001 / powderroom(02) / ... para top(01)
Mensaje Y / 28:00:03:001 / top(01) / busy1 /      0.00000 para Root(00)
Mensaje D / 28:00:03:001 / top(01) / 00:00:00:000 para Root(00)
Mensaje * / 28:00:03:001 / Root(00) para top(01)
Mensaje * / 28:00:03:001 / top(01) para packroom(05)
Mensaje Y / 28:00:03:001 / packroom(05) / busy4 /      1.00000 para top(01)
Mensaje D / 28:00:03:001 / packroom(05) / 08:00:00:000 para top(01)
Mensaje Y / 28:00:03:001 / top(01) / busy4 /      1.00000 para Root(00)
Mensaje X / 28:00:03:001 / top(01) / busy4 /      1.00000 para blisterroom(04)
Mensaje D / 28:00:03:001 / blisterroom(04) / 00:00:00:000 para top(01)
Mensaje D / 28:00:03:001 / top(01) / 00:00:00:000 para Root(00)
Mensaje * / 28:00:03:001 / Root(00) para top(01)
Mensaje * / 28:00:03:001 / top(01) para blisterroom(04)
Mensaje Y / 28:00:03:001 / blisterroom(04) / busy3 /      1.00000 para top(01)
Mensaje D / 28:00:03:001 / blisterroom(04) / ... para top(01)
Mensaje Y / 28:00:03:001 / top(01) / busy3 /      1.00000 para Root(00)
Mensaje X / 28:00:03:001 / top(01) / busy3 /      1.00000 para pressroom(03)
Mensaje D / 28:00:03:001 / pressroom(03) / 00:00:00:000 para top(01)
Mensaje D / 28:00:03:001 / top(01) / 00:00:00:000 para Root(00)
Mensaje * / 28:00:03:001 / Root(00) para top(01)
Mensaje * / 28:00:03:001 / top(01) para pressroom(03)
Mensaje Y / 28:00:03:001 / pressroom(03) / busy2 /      0.00000 para top(01)
Mensaje D / 28:00:03:001 / pressroom(03) / ... para top(01)
Mensaje Y / 28:00:03:001 / top(01) / busy2 /      0.00000 para Root(00)
Mensaje X / 28:00:03:001 / top(01) / busy2 /      0.00000 para powderroom(02)
Mensaje D / 28:00:03:001 / powderroom(02) / 00:00:00:000 para top(01)
Mensaje D / 28:00:03:001 / top(01) / 00:00:00:000 para Root(00)
Mensaje * / 28:00:03:001 / Root(00) para top(01)
Mensaje * / 28:00:03:001 / top(01) para powderroom(02)
Mensaje Y / 28:00:03:001 / powderroom(02) / busy1 /      0.00000 para top(01)
Mensaje D / 28:00:03:001 / powderroom(02) / ... para top(01)
Mensaje Y / 28:00:03:001 / top(01) / busy1 /      0.00000 para Root(00)
Mensaje D / 28:00:03:001 / top(01) / 08:00:00:000 para Root(00)
Mensaje * / 36:00:03:001 / Root(00) para top(01)
Mensaje * / 36:00:03:001 / top(01) para packroom(05)
Mensaje Y / 36:00:03:001 / packroom(05) / pmp_out /      1.00000 para top(01)
Mensaje Y / 36:00:03:001 / packroom(05) / busy4 /      0.00000 para top(01)
Mensaje D / 36:00:03:001 / packroom(05) / ... para top(01)
Mensaje Y / 36:00:03:001 / top(01) / pmp_out /      1.00000 para Root(00)
Mensaje Y / 36:00:03:001 / top(01) / busy4 /      0.00000 para Root(00)
Mensaje X / 36:00:03:001 / top(01) / busy4 /      0.00000 para blisterroom(04)
Mensaje D / 36:00:03:001 / blisterroom(04) / 00:00:00:000 para top(01)
Mensaje D / 36:00:03:001 / top(01) / 00:00:00:000 para Root(00)
Mensaje * / 36:00:03:001 / Root(00) para top(01)
Mensaje * / 36:00:03:001 / top(01) para blisterroom(04)
Mensaje Y / 36:00:03:001 / blisterroom(04) / finalpack /      1.00000 para top(01)
Mensaje Y / 36:00:03:001 / blisterroom(04) / busy3 /      0.00000 para top(01)
Mensaje D / 36:00:03:001 / blisterroom(04) / ... para top(01)
Mensaje Y / 36:00:03:001 / top(01) / finalpack /      1.00000 para Root(00)
Mensaje X / 36:00:03:001 / top(01) / finalpack /      1.00000 para packroom(05)
Mensaje Y / 36:00:03:001 / top(01) / busy3 /      0.00000 para Root(00)
Mensaje X / 36:00:03:001 / top(01) / busy3 /      0.00000 para pressroom(03)
Mensaje D / 36:00:03:001 / packroom(05) / 00:00:00:000 para top(01)
Mensaje D / 36:00:03:001 / pressroom(03) / 00:00:00:000 para top(01)
Mensaje D / 36:00:03:001 / top(01) / 00:00:00:000 para Root(00)
Mensaje * / 36:00:03:001 / Root(00) para top(01)
Mensaje * / 36:00:03:001 / top(01) para pressroom(03)
Mensaje Y / 36:00:03:001 / pressroom(03) / busy2 /      0.00000 para top(01)
Mensaje D / 36:00:03:001 / pressroom(03) / ... para top(01)
Mensaje Y / 36:00:03:001 / top(01) / busy2 /      0.00000 para Root(00)
Mensaje X / 36:00:03:001 / top(01) / busy2 /      0.00000 para powderroom(02)
Mensaje D / 36:00:03:001 / powderroom(02) / 00:00:00:000 para top(01)
Mensaje D / 36:00:03:001 / top(01) / 00:00:00:000 para Root(00)
Mensaje * / 36:00:03:001 / Root(00) para top(01)
Mensaje * / 36:00:03:001 / top(01) para powderroom(02)
Mensaje Y / 36:00:03:001 / powderroom(02) / busy1 /      0.00000 para top(01)
Mensaje D / 36:00:03:001 / powderroom(02) / ... para top(01)
Mensaje Y / 36:00:03:001 / top(01) / busy1 /      0.00000 para Root(00)
Mensaje D / 36:00:03:001 / top(01) / 00:00:00:000 para Root(00)
Mensaje * / 36:00:03:001 / Root(00) para top(01)
Mensaje * / 36:00:03:001 / top(01) para packroom(05)
Mensaje Y / 36:00:03:001 / packroom(05) / busy4 /      1.00000 para top(01)
Mensaje D / 36:00:03:001 / packroom(05) / 08:00:00:000 para top(01)
Mensaje Y / 36:00:03:001 / top(01) / busy4 /      1.00000 para Root(00)
Mensaje X / 36:00:03:001 / top(01) / busy4 /      1.00000 para blisterroom(04)
Mensaje D / 36:00:03:001 / blisterroom(04) / 00:00:00:000 para top(01)
Mensaje D / 36:00:03:001 / top(01) / 00:00:00:000 para Root(00)
Mensaje * / 36:00:03:001 / Root(00) para top(01)
Mensaje * / 36:00:03:001 / top(01) para blisterroom(04)
Mensaje Y / 36:00:03:001 / blisterroom(04) / busy3 /      0.00000 para top(01)
Mensaje D / 36:00:03:001 / blisterroom(04) / ... para top(01)
Mensaje Y / 36:00:03:001 / top(01) / busy3 /      0.00000 para Root(00)
Mensaje X / 36:00:03:001 / top(01) / busy3 /      0.00000 para pressroom(03)
Mensaje D / 36:00:03:001 / pressroom(03) / 00:00:00:000 para top(01)
Mensaje D / 36:00:03:001 / top(01) / 00:00:00:000 para Root(00)
Mensaje * / 36:00:03:001 / Root(00) para top(01)
Mensaje * / 36:00:03:001 / top(01) para pressroom(03)
Mensaje Y / 36:00:03:001 / pressroom(03) / busy2 /      0.00000 para top(01)
Mensaje D / 36:00:03:001 / pressroom(03) / ... para top(01)
Mensaje Y / 36:00:03:001 / top(01) / busy2 /      0.00000 para Root(00)
Mensaje X / 36:00:03:001 / top(01) / busy2 /      0.00000 para powderroom(02)
Mensaje D / 36:00:03:001 / powderroom(02) / 00:00:00:000 para top(01)
Mensaje D / 36:00:03:001 / top(01) / 00:00:00:000 para Root(00)
Mensaje * / 36:00:03:001 / Root(00) para top(01)
Mensaje * / 36:00:03:001 / top(01) para powderroom(02)
Mensaje Y / 36:00:03:001 / powderroom(02) / busy1 /      0.00000 para top(01)
Mensaje D / 36:00:03:001 / powderroom(02) / ... para top(01)
Mensaje Y / 36:00:03:001 / top(01) / busy1 /      0.00000 para Root(00)
Mensaje D / 36:00:03:001 / top(01) / 08:00:00:000 para Root(00)
Mensaje * / 44:00:03:001 / Root(00) para top(01)
Mensaje * / 44:00:03:001 / top(01) para packroom(05)
Mensaje Y / 44:00:03:001 / packroom(05) / pmp_out /      1.00000 para top(01)
Mensaje Y / 44:00:03:001 / packroom(05) / busy4 /      0.00000 para top(01)
Mensaje D / 44:00:03:001 / packroom(05) / ... para top(01)
Mensaje Y / 44:00:03:001 / top(01) / pmp_out /      1.00000 para Root(00)
Mensaje Y / 44:00:03:001 / top(01) / busy4 /      0.00000 para Root(00)
Mensaje X / 44:00:03:001 / top(01) / busy4 /      0.00000 para blisterroom(04)
Mensaje D / 44:00:03:001 / blisterroom(04) / 00:00:00:000 para top(01)
Mensaje D / 44:00:03:001 / top(01) / 00:00:00:000 para Root(00)
Mensaje * / 44:00:03:001 / Root(00) para top(01)
Mensaje * / 44:00:03:001 / top(01) para blisterroom(04)
Mensaje Y / 44:00:03:001 / blisterroom(04) / busy3 /      0.00000 para top(01)
Mensaje D / 44:00:03:001 / blisterroom(04) / ... para top(01)
Mensaje Y / 44:00:03:001 / top(01) / busy3 /      0.00000 para Root(00)
Mensaje X / 44:00:03:001 / top(01) / busy3 /      0.00000 para pressroom(03)
Mensaje D / 44:00:03:001 / pressroom(03) / 00:00:00:000 para top(01)
Mensaje D / 44:00:03:001 / top(01) / 00:00:00:000 para Root(00)
Mensaje * / 44:00:03:001 / Root(00) para top(01)
Mensaje * / 44:00:03:001 / top(01) para pressroom(03)
Mensaje Y / 44:00:03:001 / pressroom(03) / busy2 /      0.00000 para top(01)
Mensaje D / 44:00:03:001 / pressroom(03) / ... para top(01)
Mensaje Y / 44:00:03:001 / top(01) / busy2 /      0.00000 para Root(00)
Mensaje X / 44:00:03:001 / top(01) / busy2 /      0.00000 para powderroom(02)
Mensaje D / 44:00:03:001 / powderroom(02) / 00:00:00:000 para top(01)
Mensaje D / 44:00:03:001 / top(01) / 00:00:00:000 para Root(00)
Mensaje * / 44:00:03:001 / Root(00) para top(01)
Mensaje * / 44:00:03:001 / top(01) para powderroom(02)
Mensaje Y / 44:00:03:001 / powderroom(02) / busy1 /      0.00000 para top(01)
Mensaje D / 44:00:03:001 / powderroom(02) / ... para top(01)
Mensaje Y / 44:00:03:001 / top(01) / busy1 /      0.00000 para Root(00)
Mensaje D / 44:00:03:001 / top(01) / ... para Root(00)
