Mensaje I / 00:00:00:000 / Root(00) para top(01)
Mensaje I / 00:00:00:000 / top(01) para powderroom(02)
Mensaje D / 00:00:00:000 / powderroom(02) / ... para top(01)
Mensaje D / 00:00:00:000 / top(01) / ... para Root(00)
Mensaje X / 00:00:00:001 / Root(00) / pmp_in /      4.00000 para top(01)
Mensaje X / 00:00:00:001 / top(01) / pmp_in /      4.00000 para powderroom(02)
Mensaje D / 00:00:00:001 / powderroom(02) / 02:00:00:000 para top(01)
Mensaje D / 00:00:00:001 / top(01) / 02:00:00:000 para Root(00)
Mensaje X / 00:00:00:001 / Root(00) / busy2 /      0.00000 para top(01)
Mensaje X / 00:00:00:001 / top(01) / busy2 /      0.00000 para powderroom(02)
Mensaje D / 00:00:00:001 / powderroom(02) / 02:00:00:000 para top(01)
Mensaje D / 00:00:00:001 / top(01) / 02:00:00:000 para Root(00)
Mensaje * / 02:00:00:001 / Root(00) para top(01)
Mensaje * / 02:00:00:001 / top(01) para powderroom(02)
Mensaje Y / 02:00:00:001 / powderroom(02) / press /      1.00000 para top(01)
Mensaje Y / 02:00:00:001 / powderroom(02) / busy1 /      0.00000 para top(01)
Mensaje D / 02:00:00:001 / powderroom(02) / ... para top(01)
Mensaje Y / 02:00:00:001 / top(01) / press /      1.00000 para Root(00)
Mensaje Y / 02:00:00:001 / top(01) / busy1 /      0.00000 para Root(00)
Mensaje D / 02:00:00:001 / top(01) / ... para Root(00)
