Mensaje I / 00:00:00:000 / Root(00) para top(01)
Mensaje I / 00:00:00:000 / top(01) para factoryadministrator(02)
Mensaje I / 00:00:00:000 / top(01) para factorywarehouse(03)
Mensaje I / 00:00:00:000 / top(01) para pmp(05)
Mensaje D / 00:00:00:000 / factoryadministrator(02) / 00:00:00:000 para top(01)
Mensaje I / 00:00:00:000 / factorywarehouse(03) para warehouse(04)
Mensaje I / 00:00:00:000 / pmp(05) para pressroom(06)
Mensaje I / 00:00:00:000 / pmp(05) para blisterpack(07)
Mensaje I / 00:00:00:000 / pmp(05) para powderroom(08)
Mensaje D / 00:00:00:000 / warehouse(04) / 22:00:00:000 para factorywarehouse(03)
Mensaje D / 00:00:00:000 / pressroom(06) / 16:00:00:000 para pmp(05)
Mensaje D / 00:00:00:000 / blisterpack(07) / 12:00:00:000 para pmp(05)
Mensaje D / 00:00:00:000 / powderroom(08) / 19:00:00:000 para pmp(05)
Mensaje D / 00:00:00:000 / factorywarehouse(03) / 22:00:00:000 para top(01)
Mensaje D / 00:00:00:000 / pmp(05) / 12:00:00:000 para top(01)
Mensaje D / 00:00:00:000 / top(01) / 00:00:00:000 para Root(00)
Mensaje * / 00:00:00:000 / Root(00) para top(01)
Mensaje * / 00:00:00:000 / top(01) para factoryadministrator(02)
Mensaje D / 00:00:00:000 / factoryadministrator(02) / 00:00:00:000 para top(01)
Mensaje D / 00:00:00:000 / top(01) / 00:00:00:000 para Root(00)
Mensaje * / 00:00:00:000 / Root(00) para top(01)
Mensaje * / 00:00:00:000 / top(01) para factoryadministrator(02)
Mensaje Y / 00:00:00:000 / factoryadministrator(02) / send /    104.00000 para top(01)
Mensaje D / 00:00:00:000 / factoryadministrator(02) / ... para top(01)
Mensaje Y / 00:00:00:000 / top(01) / send /    104.00000 para Root(00)
Mensaje X / 00:00:00:000 / top(01) / send /    104.00000 para factorywarehouse(03)
Mensaje X / 00:00:00:000 / factorywarehouse(03) / send /    104.00000 para warehouse(04)
Mensaje D / 00:00:00:000 / warehouse(04) / 00:00:00:000 para factorywarehouse(03)
Mensaje D / 00:00:00:000 / factorywarehouse(03) / 00:00:00:000 para top(01)
Mensaje D / 00:00:00:000 / top(01) / 00:00:00:000 para Root(00)
Mensaje * / 00:00:00:000 / Root(00) para top(01)
Mensaje * / 00:00:00:000 / top(01) para factorywarehouse(03)
Mensaje * / 00:00:00:000 / factorywarehouse(03) para warehouse(04)
Mensaje Y / 00:00:00:000 / warehouse(04) / facwar_out1 /      4.00000 para factorywarehouse(03)
Mensaje D / 00:00:00:000 / warehouse(04) / ... para factorywarehouse(03)
Mensaje Y / 00:00:00:000 / factorywarehouse(03) / facwar_out1 /      4.00000 para top(01)
Mensaje D / 00:00:00:000 / factorywarehouse(03) / ... para top(01)
Mensaje Y / 00:00:00:000 / top(01) / facwar_out1 /      4.00000 para Root(00)
Mensaje X / 00:00:00:000 / top(01) / facwar_out1 /      4.00000 para factoryadministrator(02)
Mensaje D / 00:00:00:000 / factoryadministrator(02) / 00:00:00:050 para top(01)
Mensaje D / 00:00:00:000 / top(01) / 00:00:00:050 para Root(00)
Mensaje * / 00:00:00:050 / Root(00) para top(01)
Mensaje * / 00:00:00:050 / top(01) para factoryadministrator(02)
Mensaje Y / 01:00:00:050 / factoryadministrator(02) / pmp_in /      4.00000 para top(01)
Mensaje D / 00:00:00:050 / factoryadministrator(02) / ... para top(01)
Mensaje Y / 01:00:00:050 / top(01) / pmp_in /      4.00000 para Root(00)
Mensaje X / 01:00:00:050 / top(01) / in /      4.00000 para pmp(05)
Mensaje X / 01:00:00:050 / pmp(05) / pmp_in /      4.00000 para powderroom(08)
Mensaje D / 01:00:00:050 / powderroom(08) / 00:00:00:000 para pmp(05)
Mensaje D / 01:00:00:050 / pmp(05) / 00:00:00:000 para top(01)
Mensaje D / 01:00:00:050 / top(01) / 00:00:00:000 para Root(00)
Mensaje X / 00:00:01:001 / Root(00) / rawmaterials2 /     50.00000 para top(01)
Mensaje X / 00:00:01:001 / top(01) / rawmaterials2 /     50.00000 para factoryadministrator(02)
Mensaje D / 00:00:01:001 / factoryadministrator(02) / ... para top(01)
Mensaje D / 00:00:01:001 / top(01) / 00:59:59:049 para Root(00)
Mensaje X / 00:00:02:001 / Root(00) / rawmaterials2 /     20.00000 para top(01)
Mensaje X / 00:00:02:001 / top(01) / rawmaterials2 /     20.00000 para factoryadministrator(02)
Mensaje D / 00:00:02:001 / factoryadministrator(02) / 00:00:00:061 para top(01)
Mensaje D / 00:00:02:001 / top(01) / 00:00:00:061 para Root(00)
Mensaje * / 00:00:02:062 / Root(00) para top(01)
Mensaje * / 00:00:02:062 / top(01) para factoryadministrator(02)
Mensaje Y / 00:00:02:062 / factoryadministrator(02) / facwar_in1 /    120.00000 para top(01)
Mensaje D / 00:00:02:062 / factoryadministrator(02) / ... para top(01)
Mensaje Y / 00:00:02:062 / top(01) / facwar_in1 /    120.00000 para Root(00)
Mensaje X / 00:00:02:062 / top(01) / facwar_in1 /    120.00000 para factorywarehouse(03)
Mensaje X / 00:00:02:062 / factorywarehouse(03) / facwar_in1 /    120.00000 para warehouse(04)
Mensaje D / 00:00:02:062 / warehouse(04) / 00:00:00:000 para factorywarehouse(03)
Mensaje D / 00:00:02:062 / factorywarehouse(03) / 00:00:00:000 para top(01)
Mensaje D / 00:00:02:062 / top(01) / 00:00:00:000 para Root(00)
Mensaje * / 00:00:02:062 / Root(00) para top(01)
Mensaje * / 00:00:02:062 / top(01) para factorywarehouse(03)
Mensaje * / 00:00:02:062 / factorywarehouse(03) para warehouse(04)
Mensaje D / 00:00:02:062 / warehouse(04) / ... para factorywarehouse(03)
Mensaje D / 00:00:02:062 / factorywarehouse(03) / ... para top(01)
Mensaje D / 00:00:02:062 / top(01) / 00:59:57:988 para Root(00)
Mensaje * / 01:00:00:050 / Root(00) para top(01)
Mensaje * / 01:00:00:050 / top(01) para pmp(05)
Mensaje * / 01:00:00:050 / pmp(05) para powderroom(08)
Mensaje Y / 01:00:00:050 / powderroom(08) / busy1 /      1.00000 para pmp(05)
Mensaje D / 01:00:00:050 / powderroom(08) / 02:00:00:000 para pmp(05)
Mensaje Y / 01:00:00:050 / pmp(05) / busy /      1.00000 para top(01)
Mensaje D / 01:00:00:050 / pmp(05) / 02:00:00:000 para top(01)
Mensaje X / 01:00:00:050 / top(01) / busy1 /      1.00000 para factoryadministrator(02)
Mensaje D / 01:00:00:050 / factoryadministrator(02) / 00:00:00:031 para top(01)
Mensaje D / 01:00:00:050 / top(01) / 00:00:00:031 para Root(00)
Mensaje * / 01:00:00:081 / Root(00) para top(01)
Mensaje * / 01:00:00:081 / top(01) para factoryadministrator(02)
Mensaje D / 01:00:00:081 / factoryadministrator(02) / ... para top(01)
Mensaje D / 01:00:00:081 / top(01) / 01:59:59:969 para Root(00)
Mensaje * / 03:00:00:050 / Root(00) para top(01)
Mensaje * / 03:00:00:050 / top(01) para pmp(05)
Mensaje * / 03:00:00:050 / pmp(05) para powderroom(08)
Mensaje Y / 03:00:00:050 / powderroom(08) / press /      1.00000 para pmp(05)
Mensaje D / 03:00:00:050 / powderroom(08) / 06:00:00:000 para pmp(05)
Mensaje X / 03:00:00:050 / pmp(05) / press /      1.00000 para pressroom(06)
Mensaje D / 03:00:00:050 / pressroom(06) / 00:00:00:000 para pmp(05)
Mensaje D / 03:00:00:050 / pmp(05) / 00:00:00:000 para top(01)
Mensaje D / 03:00:00:050 / top(01) / 00:00:00:000 para Root(00)
Mensaje * / 03:00:00:050 / Root(00) para top(01)
Mensaje * / 03:00:00:050 / top(01) para pmp(05)
Mensaje * / 03:00:00:050 / pmp(05) para pressroom(06)
Mensaje D / 03:00:00:050 / pressroom(06) / 04:00:00:000 para pmp(05)
Mensaje D / 03:00:00:050 / pmp(05) / 04:00:00:000 para top(01)
Mensaje D / 03:00:00:050 / top(01) / 04:00:00:000 para Root(00)
Mensaje * / 07:00:00:050 / Root(00) para top(01)
Mensaje * / 07:00:00:050 / top(01) para pmp(05)
Mensaje * / 07:00:00:050 / pmp(05) para pressroom(06)
Mensaje Y / 07:00:00:050 / pressroom(06) / blilsterpack /      1.00000 para pmp(05)
Mensaje D / 07:00:00:050 / pressroom(06) / ... para pmp(05)
Mensaje X / 07:00:00:050 / pmp(05) / blister /      1.00000 para blisterpack(07)
Mensaje D / 07:00:00:050 / blisterpack(07) / 00:00:00:000 para pmp(05)
Mensaje D / 07:00:00:050 / pmp(05) / 00:00:00:000 para top(01)
Mensaje D / 07:00:00:050 / top(01) / 00:00:00:000 para Root(00)
Mensaje * / 07:00:00:050 / Root(00) para top(01)
Mensaje * / 07:00:00:050 / top(01) para pmp(05)
Mensaje * / 07:00:00:050 / pmp(05) para blisterpack(07)
Mensaje D / 07:00:00:050 / blisterpack(07) / 08:00:00:000 para pmp(05)
Mensaje D / 07:00:00:050 / pmp(05) / 02:00:00:000 para top(01)
Mensaje D / 07:00:00:050 / top(01) / 02:00:00:000 para Root(00)
Mensaje * / 09:00:00:050 / Root(00) para top(01)
Mensaje * / 09:00:00:050 / top(01) para pmp(05)
Mensaje * / 09:00:00:050 / pmp(05) para powderroom(08)
Mensaje Y / 09:00:00:050 / powderroom(08) / busy1 /      0.00000 para pmp(05)
Mensaje D / 09:00:00:050 / powderroom(08) / ... para pmp(05)
Mensaje Y / 09:00:00:050 / pmp(05) / busy /      0.00000 para top(01)
Mensaje D / 09:00:00:050 / pmp(05) / 06:00:00:000 para top(01)
Mensaje X / 09:00:00:050 / top(01) / busy1 /      0.00000 para factoryadministrator(02)
Mensaje D / 09:00:00:050 / factoryadministrator(02) / 00:00:00:031 para top(01)
Mensaje D / 09:00:00:050 / top(01) / 00:00:00:031 para Root(00)
Mensaje * / 09:00:00:081 / Root(00) para top(01)
Mensaje * / 09:00:00:081 / top(01) para factoryadministrator(02)
Mensaje D / 09:00:00:081 / factoryadministrator(02) / ... para top(01)
Mensaje D / 09:00:00:081 / top(01) / 05:59:59:969 para Root(00)
Mensaje * / 15:00:00:050 / Root(00) para top(01)
Mensaje * / 15:00:00:050 / top(01) para pmp(05)
Mensaje * / 15:00:00:050 / pmp(05) para blisterpack(07)
Mensaje Y / 15:00:00:050 / blisterpack(07) / pmp_out /      1.00000 para pmp(05)
Mensaje D / 15:00:00:050 / blisterpack(07) / ... para pmp(05)
Mensaje Y / 15:00:00:050 / pmp(05) / out /      1.00000 para top(01)
Mensaje D / 15:00:00:050 / pmp(05) / ... para top(01)
Mensaje X / 15:00:00:050 / top(01) / pmp_out /      1.00000 para factoryadministrator(02)
Mensaje D / 15:00:00:050 / factoryadministrator(02) / 00:00:00:039 para top(01)
Mensaje D / 15:00:00:050 / top(01) / 00:00:00:039 para Root(00)
Mensaje * / 15:00:00:089 / Root(00) para top(01)
Mensaje * / 15:00:00:089 / top(01) para factoryadministrator(02)
Mensaje Y / 15:00:00:089 / factoryadministrator(02) / facwar_in2 /    181.00000 para top(01)
Mensaje D / 15:00:00:089 / factoryadministrator(02) / ... para top(01)
Mensaje Y / 15:00:00:089 / top(01) / facwar_in2 /    181.00000 para Root(00)
Mensaje X / 15:00:00:089 / top(01) / facwar_in2 /    181.00000 para factorywarehouse(03)
Mensaje X / 15:00:00:089 / factorywarehouse(03) / facwar_in2 /    181.00000 para warehouse(04)
Mensaje D / 15:00:00:089 / warehouse(04) / 00:00:00:000 para factorywarehouse(03)
Mensaje D / 15:00:00:089 / factorywarehouse(03) / 00:00:00:000 para top(01)
Mensaje D / 15:00:00:089 / top(01) / 00:00:00:000 para Root(00)
Mensaje * / 15:00:00:089 / Root(00) para top(01)
Mensaje * / 15:00:00:089 / top(01) para factorywarehouse(03)
Mensaje * / 15:00:00:089 / factorywarehouse(03) para warehouse(04)
Mensaje D / 15:00:00:089 / warehouse(04) / ... para factorywarehouse(03)
Mensaje D / 15:00:00:089 / factorywarehouse(03) / ... para top(01)
Mensaje D / 15:00:00:089 / top(01) / ... para Root(00)
