Mensaje I / 00:00:00:000 / Root(00) para top(01)
Mensaje I / 00:00:00:000 / top(01) para factoryadministrator(02)
Mensaje I / 00:00:00:000 / top(01) para factorywarehouse(03)
Mensaje I / 00:00:00:000 / top(01) para pmp(05)
Mensaje D / 00:00:00:000 / factoryadministrator(02) / 00:00:00:000 para top(01)
Mensaje I / 00:00:00:000 / factorywarehouse(03) para warehouse(04)
Mensaje I / 00:00:00:000 / pmp(05) para pressroom(06)
Mensaje I / 00:00:00:000 / pmp(05) para blisterpack(07)
Mensaje I / 00:00:00:000 / pmp(05) para powderroom(08)
Mensaje D / 00:00:00:000 / warehouse(04) / 22:00:00:000 para factorywarehouse(03)
Mensaje D / 00:00:00:000 / pressroom(06) / 16:00:00:000 para pmp(05)
Mensaje D / 00:00:00:000 / blisterpack(07) / 12:00:00:000 para pmp(05)
Mensaje D / 00:00:00:000 / powderroom(08) / 19:00:00:000 para pmp(05)
Mensaje D / 00:00:00:000 / factorywarehouse(03) / 22:00:00:000 para top(01)
Mensaje D / 00:00:00:000 / pmp(05) / 12:00:00:000 para top(01)
Mensaje D / 00:00:00:000 / top(01) / 00:00:00:000 para Root(00)
Mensaje * / 00:00:00:000 / Root(00) para top(01)
Mensaje * / 00:00:00:000 / top(01) para factoryadministrator(02)
Mensaje D / 00:00:00:000 / factoryadministrator(02) / 00:00:00:000 para top(01)
Mensaje D / 00:00:00:000 / top(01) / 00:00:00:000 para Root(00)
Mensaje * / 00:00:00:000 / Root(00) para top(01)
Mensaje * / 00:00:00:000 / top(01) para factoryadministrator(02)
Mensaje Y / 00:00:00:000 / factoryadministrator(02) / send /    104.00000 para top(01)
Mensaje D / 00:00:00:000 / factoryadministrator(02) / ... para top(01)
Mensaje Y / 00:00:00:000 / top(01) / send /    104.00000 para Root(00)
Mensaje X / 00:00:00:000 / top(01) / send /    104.00000 para factorywarehouse(03)
Mensaje X / 00:00:00:000 / factorywarehouse(03) / send /    104.00000 para warehouse(04)
Mensaje D / 00:00:00:000 / warehouse(04) / 00:00:00:000 para factorywarehouse(03)
Mensaje D / 00:00:00:000 / factorywarehouse(03) / 00:00:00:000 para top(01)
Mensaje D / 00:00:00:000 / top(01) / 00:00:00:000 para Root(00)
Mensaje * / 00:00:00:000 / Root(00) para top(01)
Mensaje * / 00:00:00:000 / top(01) para factorywarehouse(03)
Mensaje * / 00:00:00:000 / factorywarehouse(03) para warehouse(04)
Mensaje Y / 00:00:00:000 / warehouse(04) / facwar_out1 /      4.00000 para factorywarehouse(03)
Mensaje D / 00:00:00:000 / warehouse(04) / ... para factorywarehouse(03)
Mensaje Y / 00:00:00:000 / factorywarehouse(03) / facwar_out1 /      4.00000 para top(01)
Mensaje D / 00:00:00:000 / factorywarehouse(03) / ... para top(01)
Mensaje Y / 00:00:00:000 / top(01) / facwar_out1 /      4.00000 para Root(00)
Mensaje X / 00:00:00:000 / top(01) / facwar_out1 /      4.00000 para factoryadministrator(02)
Mensaje D / 00:00:00:000 / factoryadministrator(02) / 00:00:00:050 para top(01)
Mensaje D / 00:00:00:000 / top(01) / 00:00:00:050 para Root(00)
Mensaje * / 00:00:00:050 / Root(00) para top(01)
Mensaje * / 00:00:00:050 / top(01) para factoryadministrator(02)
Mensaje Y / 01:00:00:050 / factoryadministrator(02) / pmp_in /      4.00000 para top(01)
Mensaje D / 00:00:00:050 / factoryadministrator(02) / ... para top(01)
Mensaje Y / 01:00:00:050 / top(01) / pmp_in /      4.00000 para Root(00)
Mensaje X / 01:00:00:050 / top(01) / in /      4.00000 para pmp(05)
Mensaje X / 01:00:00:050 / pmp(05) / pmp_in /      4.00000 para powderroom(08)
Mensaje D / 01:00:00:050 / powderroom(08) / 00:00:00:000 para pmp(05)
Mensaje D / 01:00:00:050 / pmp(05) / 00:00:00:000 para top(01)
Mensaje D / 01:00:00:050 / top(01) / 00:00:00:000 para Root(00)
Mensaje X / 00:00:01:001 / Root(00) / orderinfo2 /     22.00000 para top(01)
Mensaje X / 00:00:01:001 / top(01) / orderinfo2 /     22.00000 para factoryadministrator(02)
Mensaje D / 00:00:01:001 / factoryadministrator(02) / ... para top(01)
Mensaje D / 00:00:01:001 / top(01) / 00:59:59:049 para Root(00)
Mensaje X / 00:00:02:001 / Root(00) / orderinfo2 /     19.00000 para top(01)
Mensaje X / 00:00:02:001 / top(01) / orderinfo2 /     19.00000 para factoryadministrator(02)
Mensaje D / 00:00:02:001 / factoryadministrator(02) / 00:00:00:089 para top(01)
Mensaje D / 00:00:02:001 / top(01) / 00:00:00:089 para Root(00)
Mensaje * / 00:00:02:090 / Root(00) para top(01)
Mensaje * / 00:00:02:090 / top(01) para factoryadministrator(02)
Mensaje Y / 00:00:02:090 / factoryadministrator(02) / send /    199.00000 para top(01)
Mensaje D / 00:00:02:090 / factoryadministrator(02) / ... para top(01)
Mensaje Y / 00:00:02:090 / top(01) / send /    199.00000 para Root(00)
Mensaje X / 00:00:02:090 / top(01) / send /    199.00000 para factorywarehouse(03)
Mensaje X / 00:00:02:090 / factorywarehouse(03) / send /    199.00000 para warehouse(04)
Mensaje D / 00:00:02:090 / warehouse(04) / 00:00:00:000 para factorywarehouse(03)
Mensaje D / 00:00:02:090 / factorywarehouse(03) / 00:00:00:000 para top(01)
Mensaje D / 00:00:02:090 / top(01) / 00:00:00:000 para Root(00)
Mensaje * / 00:00:02:090 / Root(00) para top(01)
Mensaje * / 00:00:02:090 / top(01) para factorywarehouse(03)
Mensaje * / 00:00:02:090 / factorywarehouse(03) para warehouse(04)
Mensaje Y / 00:00:02:090 / warehouse(04) / facwar_out2 /     19.00000 para factorywarehouse(03)
Mensaje D / 00:00:02:090 / warehouse(04) / ... para factorywarehouse(03)
Mensaje Y / 00:00:02:090 / factorywarehouse(03) / facwar_out2 /     19.00000 para top(01)
Mensaje D / 00:00:02:090 / factorywarehouse(03) / ... para top(01)
Mensaje Y / 00:00:02:090 / top(01) / facwar_out2 /     19.00000 para Root(00)
Mensaje X / 00:00:02:090 / top(01) / facwar_out2 /     19.00000 para factoryadministrator(02)
Mensaje D / 00:00:02:090 / factoryadministrator(02) / 00:00:00:047 para top(01)
Mensaje D / 00:00:02:090 / top(01) / 00:00:00:047 para Root(00)
Mensaje * / 00:00:02:137 / Root(00) para top(01)
Mensaje * / 00:00:02:137 / top(01) para factoryadministrator(02)
Mensaje Y / 00:00:02:137 / factoryadministrator(02) / finishedpro1 /     19.00000 para top(01)
Mensaje D / 00:00:02:137 / factoryadministrator(02) / ... para top(01)
Mensaje Y / 00:00:02:137 / top(01) / out /     19.00000 para Root(00)
Mensaje D / 00:00:02:137 / top(01) / 00:59:57:913 para Root(00)
Mensaje * / 01:00:00:050 / Root(00) para top(01)
Mensaje * / 01:00:00:050 / top(01) para pmp(05)
Mensaje * / 01:00:00:050 / pmp(05) para powderroom(08)
Mensaje Y / 01:00:00:050 / powderroom(08) / busy1 /      1.00000 para pmp(05)
Mensaje D / 01:00:00:050 / powderroom(08) / 02:00:00:000 para pmp(05)
Mensaje Y / 01:00:00:050 / pmp(05) / busy /      1.00000 para top(01)
Mensaje D / 01:00:00:050 / pmp(05) / 02:00:00:000 para top(01)
Mensaje X / 01:00:00:050 / top(01) / busy1 /      1.00000 para factoryadministrator(02)
Mensaje D / 01:00:00:050 / factoryadministrator(02) / 00:00:00:031 para top(01)
Mensaje D / 01:00:00:050 / top(01) / 00:00:00:031 para Root(00)
Mensaje * / 01:00:00:081 / Root(00) para top(01)
Mensaje * / 01:00:00:081 / top(01) para factoryadministrator(02)
Mensaje D / 01:00:00:081 / factoryadministrator(02) / ... para top(01)
Mensaje D / 01:00:00:081 / top(01) / 01:59:59:969 para Root(00)
Mensaje * / 03:00:00:050 / Root(00) para top(01)
Mensaje * / 03:00:00:050 / top(01) para pmp(05)
Mensaje * / 03:00:00:050 / pmp(05) para powderroom(08)
Mensaje Y / 03:00:00:050 / powderroom(08) / press /      1.00000 para pmp(05)
Mensaje D / 03:00:00:050 / powderroom(08) / 06:00:00:000 para pmp(05)
Mensaje X / 03:00:00:050 / pmp(05) / press /      1.00000 para pressroom(06)
Mensaje D / 03:00:00:050 / pressroom(06) / 00:00:00:000 para pmp(05)
Mensaje D / 03:00:00:050 / pmp(05) / 00:00:00:000 para top(01)
Mensaje D / 03:00:00:050 / top(01) / 00:00:00:000 para Root(00)
Mensaje * / 03:00:00:050 / Root(00) para top(01)
Mensaje * / 03:00:00:050 / top(01) para pmp(05)
Mensaje * / 03:00:00:050 / pmp(05) para pressroom(06)
Mensaje D / 03:00:00:050 / pressroom(06) / 04:00:00:000 para pmp(05)
Mensaje D / 03:00:00:050 / pmp(05) / 04:00:00:000 para top(01)
Mensaje D / 03:00:00:050 / top(01) / 04:00:00:000 para Root(00)
Mensaje * / 07:00:00:050 / Root(00) para top(01)
Mensaje * / 07:00:00:050 / top(01) para pmp(05)
Mensaje * / 07:00:00:050 / pmp(05) para pressroom(06)
Mensaje Y / 07:00:00:050 / pressroom(06) / blilsterpack /      1.00000 para pmp(05)
Mensaje D / 07:00:00:050 / pressroom(06) / ... para pmp(05)
Mensaje X / 07:00:00:050 / pmp(05) / blister /      1.00000 para blisterpack(07)
Mensaje D / 07:00:00:050 / blisterpack(07) / 00:00:00:000 para pmp(05)
Mensaje D / 07:00:00:050 / pmp(05) / 00:00:00:000 para top(01)
Mensaje D / 07:00:00:050 / top(01) / 00:00:00:000 para Root(00)
Mensaje * / 07:00:00:050 / Root(00) para top(01)
Mensaje * / 07:00:00:050 / top(01) para pmp(05)
Mensaje * / 07:00:00:050 / pmp(05) para blisterpack(07)
Mensaje D / 07:00:00:050 / blisterpack(07) / 08:00:00:000 para pmp(05)
Mensaje D / 07:00:00:050 / pmp(05) / 02:00:00:000 para top(01)
Mensaje D / 07:00:00:050 / top(01) / 02:00:00:000 para Root(00)
Mensaje * / 09:00:00:050 / Root(00) para top(01)
Mensaje * / 09:00:00:050 / top(01) para pmp(05)
Mensaje * / 09:00:00:050 / pmp(05) para powderroom(08)
Mensaje Y / 09:00:00:050 / powderroom(08) / busy1 /      0.00000 para pmp(05)
Mensaje D / 09:00:00:050 / powderroom(08) / ... para pmp(05)
Mensaje Y / 09:00:00:050 / pmp(05) / busy /      0.00000 para top(01)
Mensaje D / 09:00:00:050 / pmp(05) / 06:00:00:000 para top(01)
Mensaje X / 09:00:00:050 / top(01) / busy1 /      0.00000 para factoryadministrator(02)
Mensaje D / 09:00:00:050 / factoryadministrator(02) / 00:00:00:031 para top(01)
Mensaje D / 09:00:00:050 / top(01) / 00:00:00:031 para Root(00)
Mensaje * / 09:00:00:081 / Root(00) para top(01)
Mensaje * / 09:00:00:081 / top(01) para factoryadministrator(02)
Mensaje D / 09:00:00:081 / factoryadministrator(02) / 00:00:00:000 para top(01)
Mensaje D / 09:00:00:081 / top(01) / 00:00:00:000 para Root(00)
Mensaje * / 09:00:00:081 / Root(00) para top(01)
Mensaje * / 09:00:00:081 / top(01) para factoryadministrator(02)
Mensaje Y / 09:00:00:081 / factoryadministrator(02) / send /    104.00000 para top(01)
Mensaje D / 09:00:00:081 / factoryadministrator(02) / ... para top(01)
Mensaje Y / 09:00:00:081 / top(01) / send /    104.00000 para Root(00)
Mensaje X / 09:00:00:081 / top(01) / send /    104.00000 para factorywarehouse(03)
Mensaje X / 09:00:00:081 / factorywarehouse(03) / send /    104.00000 para warehouse(04)
Mensaje D / 09:00:00:081 / warehouse(04) / 00:00:00:000 para factorywarehouse(03)
Mensaje D / 09:00:00:081 / factorywarehouse(03) / 00:00:00:000 para top(01)
Mensaje D / 09:00:00:081 / top(01) / 00:00:00:000 para Root(00)
Mensaje * / 09:00:00:081 / Root(00) para top(01)
Mensaje * / 09:00:00:081 / top(01) para factorywarehouse(03)
Mensaje * / 09:00:00:081 / factorywarehouse(03) para warehouse(04)
Mensaje Y / 09:00:00:081 / warehouse(04) / facwar_out1 /      4.00000 para factorywarehouse(03)
Mensaje D / 09:00:00:081 / warehouse(04) / ... para factorywarehouse(03)
Mensaje Y / 09:00:00:081 / factorywarehouse(03) / facwar_out1 /      4.00000 para top(01)
Mensaje D / 09:00:00:081 / factorywarehouse(03) / ... para top(01)
Mensaje Y / 09:00:00:081 / top(01) / facwar_out1 /      4.00000 para Root(00)
Mensaje X / 09:00:00:081 / top(01) / facwar_out1 /      4.00000 para factoryadministrator(02)
Mensaje D / 09:00:00:081 / factoryadministrator(02) / 00:00:00:050 para top(01)
Mensaje D / 09:00:00:081 / top(01) / 00:00:00:050 para Root(00)
Mensaje * / 09:00:00:131 / Root(00) para top(01)
Mensaje * / 09:00:00:131 / top(01) para factoryadministrator(02)
Mensaje Y / 10:00:00:131 / factoryadministrator(02) / pmp_in /      4.00000 para top(01)
Mensaje D / 09:00:00:131 / factoryadministrator(02) / ... para top(01)
Mensaje Y / 10:00:00:131 / top(01) / pmp_in /      4.00000 para Root(00)
Mensaje X / 10:00:00:131 / top(01) / in /      4.00000 para pmp(05)
Mensaje X / 10:00:00:131 / pmp(05) / pmp_in /      4.00000 para powderroom(08)
Mensaje D / 10:00:00:131 / powderroom(08) / 00:00:00:000 para pmp(05)
Mensaje D / 10:00:00:131 / pmp(05) / 00:00:00:000 para top(01)
Mensaje D / 10:00:00:131 / top(01) / 00:00:00:000 para Root(00)
Mensaje * / 10:00:00:131 / Root(00) para top(01)
Mensaje * / 10:00:00:131 / top(01) para pmp(05)
Mensaje * / 10:00:00:131 / pmp(05) para powderroom(08)
Mensaje Y / 10:00:00:131 / powderroom(08) / busy1 /      1.00000 para pmp(05)
Mensaje D / 10:00:00:131 / powderroom(08) / 02:00:00:000 para pmp(05)
Mensaje Y / 10:00:00:131 / pmp(05) / busy /      1.00000 para top(01)
Mensaje D / 10:00:00:131 / pmp(05) / 02:00:00:000 para top(01)
Mensaje X / 10:00:00:131 / top(01) / busy1 /      1.00000 para factoryadministrator(02)
Mensaje D / 10:00:00:131 / factoryadministrator(02) / 00:00:00:031 para top(01)
Mensaje D / 10:00:00:131 / top(01) / 00:00:00:031 para Root(00)
Mensaje * / 10:00:00:162 / Root(00) para top(01)
Mensaje * / 10:00:00:162 / top(01) para factoryadministrator(02)
Mensaje D / 10:00:00:162 / factoryadministrator(02) / ... para top(01)
Mensaje D / 10:00:00:162 / top(01) / 01:59:59:969 para Root(00)
Mensaje * / 12:00:00:131 / Root(00) para top(01)
Mensaje * / 12:00:00:131 / top(01) para pmp(05)
Mensaje * / 12:00:00:131 / pmp(05) para powderroom(08)
Mensaje Y / 12:00:00:131 / powderroom(08) / press /      1.00000 para pmp(05)
Mensaje D / 12:00:00:131 / powderroom(08) / 06:00:00:000 para pmp(05)
Mensaje X / 12:00:00:131 / pmp(05) / press /      1.00000 para pressroom(06)
Mensaje D / 12:00:00:131 / pressroom(06) / 00:00:00:000 para pmp(05)
Mensaje D / 12:00:00:131 / pmp(05) / 00:00:00:000 para top(01)
Mensaje D / 12:00:00:131 / top(01) / 00:00:00:000 para Root(00)
Mensaje * / 12:00:00:131 / Root(00) para top(01)
Mensaje * / 12:00:00:131 / top(01) para pmp(05)
Mensaje * / 12:00:00:131 / pmp(05) para pressroom(06)
Mensaje D / 12:00:00:131 / pressroom(06) / 04:00:00:000 para pmp(05)
Mensaje D / 12:00:00:131 / pmp(05) / 02:59:59:919 para top(01)
Mensaje D / 12:00:00:131 / top(01) / 02:59:59:919 para Root(00)
Mensaje * / 15:00:00:050 / Root(00) para top(01)
Mensaje * / 15:00:00:050 / top(01) para pmp(05)
Mensaje * / 15:00:00:050 / pmp(05) para blisterpack(07)
Mensaje Y / 15:00:00:050 / blisterpack(07) / pmp_out /      1.00000 para pmp(05)
Mensaje D / 15:00:00:050 / blisterpack(07) / ... para pmp(05)
Mensaje Y / 15:00:00:050 / pmp(05) / out /      1.00000 para top(01)
Mensaje D / 15:00:00:050 / pmp(05) / 01:00:00:081 para top(01)
Mensaje X / 15:00:00:050 / top(01) / pmp_out /      1.00000 para factoryadministrator(02)
Mensaje D / 15:00:00:050 / factoryadministrator(02) / 00:00:00:039 para top(01)
Mensaje D / 15:00:00:050 / top(01) / 00:00:00:039 para Root(00)
Mensaje * / 15:00:00:089 / Root(00) para top(01)
Mensaje * / 15:00:00:089 / top(01) para factoryadministrator(02)
Mensaje Y / 15:00:00:089 / factoryadministrator(02) / facwar_in2 /    181.00000 para top(01)
Mensaje D / 15:00:00:089 / factoryadministrator(02) / ... para top(01)
Mensaje Y / 15:00:00:089 / top(01) / facwar_in2 /    181.00000 para Root(00)
Mensaje X / 15:00:00:089 / top(01) / facwar_in2 /    181.00000 para factorywarehouse(03)
Mensaje X / 15:00:00:089 / factorywarehouse(03) / facwar_in2 /    181.00000 para warehouse(04)
Mensaje D / 15:00:00:089 / warehouse(04) / 00:00:00:000 para factorywarehouse(03)
Mensaje D / 15:00:00:089 / factorywarehouse(03) / 00:00:00:000 para top(01)
Mensaje D / 15:00:00:089 / top(01) / 00:00:00:000 para Root(00)
Mensaje * / 15:00:00:089 / Root(00) para top(01)
Mensaje * / 15:00:00:089 / top(01) para factorywarehouse(03)
Mensaje * / 15:00:00:089 / factorywarehouse(03) para warehouse(04)
Mensaje D / 15:00:00:089 / warehouse(04) / ... para factorywarehouse(03)
Mensaje D / 15:00:00:089 / factorywarehouse(03) / ... para top(01)
Mensaje D / 15:00:00:089 / top(01) / 01:00:00:042 para Root(00)
Mensaje * / 16:00:00:131 / Root(00) para top(01)
Mensaje * / 16:00:00:131 / top(01) para pmp(05)
Mensaje * / 16:00:00:131 / pmp(05) para pressroom(06)
Mensaje Y / 16:00:00:131 / pressroom(06) / blilsterpack /      1.00000 para pmp(05)
Mensaje D / 16:00:00:131 / pressroom(06) / ... para pmp(05)
Mensaje X / 16:00:00:131 / pmp(05) / blister /      1.00000 para blisterpack(07)
Mensaje D / 16:00:00:131 / blisterpack(07) / 00:00:00:000 para pmp(05)
Mensaje D / 16:00:00:131 / pmp(05) / 00:00:00:000 para top(01)
Mensaje D / 16:00:00:131 / top(01) / 00:00:00:000 para Root(00)
Mensaje * / 16:00:00:131 / Root(00) para top(01)
Mensaje * / 16:00:00:131 / top(01) para pmp(05)
Mensaje * / 16:00:00:131 / pmp(05) para blisterpack(07)
Mensaje D / 16:00:00:131 / blisterpack(07) / 08:00:00:000 para pmp(05)
Mensaje D / 16:00:00:131 / pmp(05) / 02:00:00:000 para top(01)
Mensaje D / 16:00:00:131 / top(01) / 02:00:00:000 para Root(00)
Mensaje * / 18:00:00:131 / Root(00) para top(01)
Mensaje * / 18:00:00:131 / top(01) para pmp(05)
Mensaje * / 18:00:00:131 / pmp(05) para powderroom(08)
Mensaje Y / 18:00:00:131 / powderroom(08) / busy1 /      0.00000 para pmp(05)
Mensaje D / 18:00:00:131 / powderroom(08) / ... para pmp(05)
Mensaje Y / 18:00:00:131 / pmp(05) / busy /      0.00000 para top(01)
Mensaje D / 18:00:00:131 / pmp(05) / 06:00:00:000 para top(01)
Mensaje X / 18:00:00:131 / top(01) / busy1 /      0.00000 para factoryadministrator(02)
Mensaje D / 18:00:00:131 / factoryadministrator(02) / 00:00:00:031 para top(01)
Mensaje D / 18:00:00:131 / top(01) / 00:00:00:031 para Root(00)
Mensaje * / 18:00:00:162 / Root(00) para top(01)
Mensaje * / 18:00:00:162 / top(01) para factoryadministrator(02)
Mensaje D / 18:00:00:162 / factoryadministrator(02) / 00:00:00:000 para top(01)
Mensaje D / 18:00:00:162 / top(01) / 00:00:00:000 para Root(00)
Mensaje * / 18:00:00:162 / Root(00) para top(01)
Mensaje * / 18:00:00:162 / top(01) para factoryadministrator(02)
Mensaje Y / 18:00:00:162 / factoryadministrator(02) / send /    104.00000 para top(01)
Mensaje D / 18:00:00:162 / factoryadministrator(02) / ... para top(01)
Mensaje Y / 18:00:00:162 / top(01) / send /    104.00000 para Root(00)
Mensaje X / 18:00:00:162 / top(01) / send /    104.00000 para factorywarehouse(03)
Mensaje X / 18:00:00:162 / factorywarehouse(03) / send /    104.00000 para warehouse(04)
Mensaje D / 18:00:00:162 / warehouse(04) / 00:00:00:000 para factorywarehouse(03)
Mensaje D / 18:00:00:162 / factorywarehouse(03) / 00:00:00:000 para top(01)
Mensaje D / 18:00:00:162 / top(01) / 00:00:00:000 para Root(00)
Mensaje * / 18:00:00:162 / Root(00) para top(01)
Mensaje * / 18:00:00:162 / top(01) para factorywarehouse(03)
Mensaje * / 18:00:00:162 / factorywarehouse(03) para warehouse(04)
Mensaje Y / 18:00:00:162 / warehouse(04) / facwar_out1 /      4.00000 para factorywarehouse(03)
Mensaje D / 18:00:00:162 / warehouse(04) / ... para factorywarehouse(03)
Mensaje Y / 18:00:00:162 / factorywarehouse(03) / facwar_out1 /      4.00000 para top(01)
Mensaje D / 18:00:00:162 / factorywarehouse(03) / ... para top(01)
Mensaje Y / 18:00:00:162 / top(01) / facwar_out1 /      4.00000 para Root(00)
Mensaje X / 18:00:00:162 / top(01) / facwar_out1 /      4.00000 para factoryadministrator(02)
Mensaje D / 18:00:00:162 / factoryadministrator(02) / 00:00:00:050 para top(01)
Mensaje D / 18:00:00:162 / top(01) / 00:00:00:050 para Root(00)
Mensaje * / 18:00:00:212 / Root(00) para top(01)
Mensaje * / 18:00:00:212 / top(01) para factoryadministrator(02)
Mensaje Y / 19:00:00:212 / factoryadministrator(02) / pmp_in /      4.00000 para top(01)
Mensaje D / 18:00:00:212 / factoryadministrator(02) / ... para top(01)
Mensaje Y / 19:00:00:212 / top(01) / pmp_in /      4.00000 para Root(00)
Mensaje X / 19:00:00:212 / top(01) / in /      4.00000 para pmp(05)
Mensaje X / 19:00:00:212 / pmp(05) / pmp_in /      4.00000 para powderroom(08)
Mensaje D / 19:00:00:212 / powderroom(08) / 00:00:00:000 para pmp(05)
Mensaje D / 19:00:00:212 / pmp(05) / 00:00:00:000 para top(01)
Mensaje D / 19:00:00:212 / top(01) / 00:00:00:000 para Root(00)
Mensaje * / 19:00:00:212 / Root(00) para top(01)
Mensaje * / 19:00:00:212 / top(01) para pmp(05)
Mensaje * / 19:00:00:212 / pmp(05) para powderroom(08)
Mensaje Y / 19:00:00:212 / powderroom(08) / busy1 /      1.00000 para pmp(05)
Mensaje D / 19:00:00:212 / powderroom(08) / 02:00:00:000 para pmp(05)
Mensaje Y / 19:00:00:212 / pmp(05) / busy /      1.00000 para top(01)
Mensaje D / 19:00:00:212 / pmp(05) / 02:00:00:000 para top(01)
Mensaje X / 19:00:00:212 / top(01) / busy1 /      1.00000 para factoryadministrator(02)
Mensaje D / 19:00:00:212 / factoryadministrator(02) / 00:00:00:031 para top(01)
Mensaje D / 19:00:00:212 / top(01) / 00:00:00:031 para Root(00)
Mensaje * / 19:00:00:243 / Root(00) para top(01)
Mensaje * / 19:00:00:243 / top(01) para factoryadministrator(02)
Mensaje D / 19:00:00:243 / factoryadministrator(02) / ... para top(01)
Mensaje D / 19:00:00:243 / top(01) / 01:59:59:969 para Root(00)
Mensaje * / 21:00:00:212 / Root(00) para top(01)
Mensaje * / 21:00:00:212 / top(01) para pmp(05)
Mensaje * / 21:00:00:212 / pmp(05) para powderroom(08)
Mensaje Y / 21:00:00:212 / powderroom(08) / press /      1.00000 para pmp(05)
Mensaje D / 21:00:00:212 / powderroom(08) / 06:00:00:000 para pmp(05)
Mensaje X / 21:00:00:212 / pmp(05) / press /      1.00000 para pressroom(06)
Mensaje D / 21:00:00:212 / pressroom(06) / 00:00:00:000 para pmp(05)
Mensaje D / 21:00:00:212 / pmp(05) / 00:00:00:000 para top(01)
Mensaje D / 21:00:00:212 / top(01) / 00:00:00:000 para Root(00)
Mensaje * / 21:00:00:212 / Root(00) para top(01)
Mensaje * / 21:00:00:212 / top(01) para pmp(05)
Mensaje * / 21:00:00:212 / pmp(05) para pressroom(06)
Mensaje D / 21:00:00:212 / pressroom(06) / 04:00:00:000 para pmp(05)
Mensaje D / 21:00:00:212 / pmp(05) / 02:59:59:919 para top(01)
Mensaje D / 21:00:00:212 / top(01) / 02:59:59:919 para Root(00)
Mensaje * / 24:00:00:131 / Root(00) para top(01)
Mensaje * / 24:00:00:131 / top(01) para pmp(05)
Mensaje * / 24:00:00:131 / pmp(05) para blisterpack(07)
Mensaje Y / 24:00:00:131 / blisterpack(07) / pmp_out /      1.00000 para pmp(05)
Mensaje D / 24:00:00:131 / blisterpack(07) / ... para pmp(05)
Mensaje Y / 24:00:00:131 / pmp(05) / out /      1.00000 para top(01)
Mensaje D / 24:00:00:131 / pmp(05) / 01:00:00:081 para top(01)
Mensaje X / 24:00:00:131 / top(01) / pmp_out /      1.00000 para factoryadministrator(02)
Mensaje D / 24:00:00:131 / factoryadministrator(02) / 00:00:00:039 para top(01)
Mensaje D / 24:00:00:131 / top(01) / 00:00:00:039 para Root(00)
Mensaje * / 24:00:00:170 / Root(00) para top(01)
Mensaje * / 24:00:00:170 / top(01) para factoryadministrator(02)
Mensaje Y / 24:00:00:170 / factoryadministrator(02) / facwar_in2 /    181.00000 para top(01)
Mensaje D / 24:00:00:170 / factoryadministrator(02) / ... para top(01)
Mensaje Y / 24:00:00:170 / top(01) / facwar_in2 /    181.00000 para Root(00)
Mensaje X / 24:00:00:170 / top(01) / facwar_in2 /    181.00000 para factorywarehouse(03)
Mensaje X / 24:00:00:170 / factorywarehouse(03) / facwar_in2 /    181.00000 para warehouse(04)
Mensaje D / 24:00:00:170 / warehouse(04) / 00:00:00:000 para factorywarehouse(03)
Mensaje D / 24:00:00:170 / factorywarehouse(03) / 00:00:00:000 para top(01)
Mensaje D / 24:00:00:170 / top(01) / 00:00:00:000 para Root(00)
Mensaje * / 24:00:00:170 / Root(00) para top(01)
Mensaje * / 24:00:00:170 / top(01) para factorywarehouse(03)
Mensaje * / 24:00:00:170 / factorywarehouse(03) para warehouse(04)
Mensaje D / 24:00:00:170 / warehouse(04) / ... para factorywarehouse(03)
Mensaje D / 24:00:00:170 / factorywarehouse(03) / ... para top(01)
Mensaje D / 24:00:00:170 / top(01) / 01:00:00:042 para Root(00)
Mensaje * / 25:00:00:212 / Root(00) para top(01)
Mensaje * / 25:00:00:212 / top(01) para pmp(05)
Mensaje * / 25:00:00:212 / pmp(05) para pressroom(06)
Mensaje Y / 25:00:00:212 / pressroom(06) / blilsterpack /      1.00000 para pmp(05)
Mensaje D / 25:00:00:212 / pressroom(06) / ... para pmp(05)
Mensaje X / 25:00:00:212 / pmp(05) / blister /      1.00000 para blisterpack(07)
Mensaje D / 25:00:00:212 / blisterpack(07) / 00:00:00:000 para pmp(05)
Mensaje D / 25:00:00:212 / pmp(05) / 00:00:00:000 para top(01)
Mensaje D / 25:00:00:212 / top(01) / 00:00:00:000 para Root(00)
Mensaje * / 25:00:00:212 / Root(00) para top(01)
Mensaje * / 25:00:00:212 / top(01) para pmp(05)
Mensaje * / 25:00:00:212 / pmp(05) para blisterpack(07)
Mensaje D / 25:00:00:212 / blisterpack(07) / 08:00:00:000 para pmp(05)
Mensaje D / 25:00:00:212 / pmp(05) / 02:00:00:000 para top(01)
Mensaje D / 25:00:00:212 / top(01) / 02:00:00:000 para Root(00)
Mensaje * / 27:00:00:212 / Root(00) para top(01)
Mensaje * / 27:00:00:212 / top(01) para pmp(05)
Mensaje * / 27:00:00:212 / pmp(05) para powderroom(08)
Mensaje Y / 27:00:00:212 / powderroom(08) / busy1 /      0.00000 para pmp(05)
Mensaje D / 27:00:00:212 / powderroom(08) / ... para pmp(05)
Mensaje Y / 27:00:00:212 / pmp(05) / busy /      0.00000 para top(01)
Mensaje D / 27:00:00:212 / pmp(05) / 06:00:00:000 para top(01)
Mensaje X / 27:00:00:212 / top(01) / busy1 /      0.00000 para factoryadministrator(02)
Mensaje D / 27:00:00:212 / factoryadministrator(02) / 00:00:00:031 para top(01)
Mensaje D / 27:00:00:212 / top(01) / 00:00:00:031 para Root(00)
Mensaje * / 27:00:00:243 / Root(00) para top(01)
Mensaje * / 27:00:00:243 / top(01) para factoryadministrator(02)
Mensaje D / 27:00:00:243 / factoryadministrator(02) / 00:00:00:000 para top(01)
Mensaje D / 27:00:00:243 / top(01) / 00:00:00:000 para Root(00)
Mensaje * / 27:00:00:243 / Root(00) para top(01)
Mensaje * / 27:00:00:243 / top(01) para factoryadministrator(02)
Mensaje Y / 27:00:00:243 / factoryadministrator(02) / send /    104.00000 para top(01)
Mensaje D / 27:00:00:243 / factoryadministrator(02) / ... para top(01)
Mensaje Y / 27:00:00:243 / top(01) / send /    104.00000 para Root(00)
Mensaje X / 27:00:00:243 / top(01) / send /    104.00000 para factorywarehouse(03)
Mensaje X / 27:00:00:243 / factorywarehouse(03) / send /    104.00000 para warehouse(04)
Mensaje D / 27:00:00:243 / warehouse(04) / 00:00:00:000 para factorywarehouse(03)
Mensaje D / 27:00:00:243 / factorywarehouse(03) / 00:00:00:000 para top(01)
Mensaje D / 27:00:00:243 / top(01) / 00:00:00:000 para Root(00)
Mensaje * / 27:00:00:243 / Root(00) para top(01)
Mensaje * / 27:00:00:243 / top(01) para factorywarehouse(03)
Mensaje * / 27:00:00:243 / factorywarehouse(03) para warehouse(04)
Mensaje Y / 27:00:00:243 / warehouse(04) / facwar_out1 /      4.00000 para factorywarehouse(03)
Mensaje D / 27:00:00:243 / warehouse(04) / ... para factorywarehouse(03)
Mensaje Y / 27:00:00:243 / factorywarehouse(03) / facwar_out1 /      4.00000 para top(01)
Mensaje D / 27:00:00:243 / factorywarehouse(03) / ... para top(01)
Mensaje Y / 27:00:00:243 / top(01) / facwar_out1 /      4.00000 para Root(00)
Mensaje X / 27:00:00:243 / top(01) / facwar_out1 /      4.00000 para factoryadministrator(02)
Mensaje D / 27:00:00:243 / factoryadministrator(02) / 00:00:00:050 para top(01)
Mensaje D / 27:00:00:243 / top(01) / 00:00:00:050 para Root(00)
Mensaje * / 27:00:00:293 / Root(00) para top(01)
Mensaje * / 27:00:00:293 / top(01) para factoryadministrator(02)
Mensaje Y / 28:00:00:293 / factoryadministrator(02) / pmp_in /      4.00000 para top(01)
Mensaje D / 27:00:00:293 / factoryadministrator(02) / ... para top(01)
Mensaje Y / 28:00:00:293 / top(01) / pmp_in /      4.00000 para Root(00)
Mensaje X / 28:00:00:293 / top(01) / in /      4.00000 para pmp(05)
Mensaje X / 28:00:00:293 / pmp(05) / pmp_in /      4.00000 para powderroom(08)
Mensaje D / 28:00:00:293 / powderroom(08) / 00:00:00:000 para pmp(05)
Mensaje D / 28:00:00:293 / pmp(05) / 00:00:00:000 para top(01)
Mensaje D / 28:00:00:293 / top(01) / 00:00:00:000 para Root(00)
Mensaje * / 28:00:00:293 / Root(00) para top(01)
Mensaje * / 28:00:00:293 / top(01) para pmp(05)
Mensaje * / 28:00:00:293 / pmp(05) para powderroom(08)
Mensaje Y / 28:00:00:293 / powderroom(08) / busy1 /      1.00000 para pmp(05)
Mensaje D / 28:00:00:293 / powderroom(08) / 02:00:00:000 para pmp(05)
Mensaje Y / 28:00:00:293 / pmp(05) / busy /      1.00000 para top(01)
Mensaje D / 28:00:00:293 / pmp(05) / 02:00:00:000 para top(01)
Mensaje X / 28:00:00:293 / top(01) / busy1 /      1.00000 para factoryadministrator(02)
Mensaje D / 28:00:00:293 / factoryadministrator(02) / 00:00:00:031 para top(01)
Mensaje D / 28:00:00:293 / top(01) / 00:00:00:031 para Root(00)
Mensaje * / 28:00:00:324 / Root(00) para top(01)
Mensaje * / 28:00:00:324 / top(01) para factoryadministrator(02)
Mensaje D / 28:00:00:324 / factoryadministrator(02) / ... para top(01)
Mensaje D / 28:00:00:324 / top(01) / 01:59:59:969 para Root(00)
Mensaje * / 30:00:00:293 / Root(00) para top(01)
Mensaje * / 30:00:00:293 / top(01) para pmp(05)
Mensaje * / 30:00:00:293 / pmp(05) para powderroom(08)
Mensaje Y / 30:00:00:293 / powderroom(08) / press /      1.00000 para pmp(05)
Mensaje D / 30:00:00:293 / powderroom(08) / 06:00:00:000 para pmp(05)
Mensaje X / 30:00:00:293 / pmp(05) / press /      1.00000 para pressroom(06)
Mensaje D / 30:00:00:293 / pressroom(06) / 00:00:00:000 para pmp(05)
Mensaje D / 30:00:00:293 / pmp(05) / 00:00:00:000 para top(01)
Mensaje D / 30:00:00:293 / top(01) / 00:00:00:000 para Root(00)
Mensaje * / 30:00:00:293 / Root(00) para top(01)
Mensaje * / 30:00:00:293 / top(01) para pmp(05)
Mensaje * / 30:00:00:293 / pmp(05) para pressroom(06)
Mensaje D / 30:00:00:293 / pressroom(06) / 04:00:00:000 para pmp(05)
Mensaje D / 30:00:00:293 / pmp(05) / 02:59:59:919 para top(01)
Mensaje D / 30:00:00:293 / top(01) / 02:59:59:919 para Root(00)
Mensaje * / 33:00:00:212 / Root(00) para top(01)
Mensaje * / 33:00:00:212 / top(01) para pmp(05)
Mensaje * / 33:00:00:212 / pmp(05) para blisterpack(07)
Mensaje Y / 33:00:00:212 / blisterpack(07) / pmp_out /      1.00000 para pmp(05)
Mensaje D / 33:00:00:212 / blisterpack(07) / ... para pmp(05)
Mensaje Y / 33:00:00:212 / pmp(05) / out /      1.00000 para top(01)
Mensaje D / 33:00:00:212 / pmp(05) / 01:00:00:081 para top(01)
Mensaje X / 33:00:00:212 / top(01) / pmp_out /      1.00000 para factoryadministrator(02)
Mensaje D / 33:00:00:212 / factoryadministrator(02) / 00:00:00:039 para top(01)
Mensaje D / 33:00:00:212 / top(01) / 00:00:00:039 para Root(00)
Mensaje * / 33:00:00:251 / Root(00) para top(01)
Mensaje * / 33:00:00:251 / top(01) para factoryadministrator(02)
Mensaje Y / 33:00:00:251 / factoryadministrator(02) / facwar_in2 /    181.00000 para top(01)
Mensaje D / 33:00:00:251 / factoryadministrator(02) / ... para top(01)
Mensaje Y / 33:00:00:251 / top(01) / facwar_in2 /    181.00000 para Root(00)
Mensaje X / 33:00:00:251 / top(01) / facwar_in2 /    181.00000 para factorywarehouse(03)
Mensaje X / 33:00:00:251 / factorywarehouse(03) / facwar_in2 /    181.00000 para warehouse(04)
Mensaje D / 33:00:00:251 / warehouse(04) / 00:00:00:000 para factorywarehouse(03)
Mensaje D / 33:00:00:251 / factorywarehouse(03) / 00:00:00:000 para top(01)
Mensaje D / 33:00:00:251 / top(01) / 00:00:00:000 para Root(00)
Mensaje * / 33:00:00:251 / Root(00) para top(01)
Mensaje * / 33:00:00:251 / top(01) para factorywarehouse(03)
Mensaje * / 33:00:00:251 / factorywarehouse(03) para warehouse(04)
Mensaje D / 33:00:00:251 / warehouse(04) / ... para factorywarehouse(03)
Mensaje D / 33:00:00:251 / factorywarehouse(03) / ... para top(01)
Mensaje D / 33:00:00:251 / top(01) / 01:00:00:042 para Root(00)
Mensaje * / 34:00:00:293 / Root(00) para top(01)
Mensaje * / 34:00:00:293 / top(01) para pmp(05)
Mensaje * / 34:00:00:293 / pmp(05) para pressroom(06)
Mensaje Y / 34:00:00:293 / pressroom(06) / blilsterpack /      1.00000 para pmp(05)
Mensaje D / 34:00:00:293 / pressroom(06) / ... para pmp(05)
Mensaje X / 34:00:00:293 / pmp(05) / blister /      1.00000 para blisterpack(07)
Mensaje D / 34:00:00:293 / blisterpack(07) / 00:00:00:000 para pmp(05)
Mensaje D / 34:00:00:293 / pmp(05) / 00:00:00:000 para top(01)
Mensaje D / 34:00:00:293 / top(01) / 00:00:00:000 para Root(00)
Mensaje * / 34:00:00:293 / Root(00) para top(01)
Mensaje * / 34:00:00:293 / top(01) para pmp(05)
Mensaje * / 34:00:00:293 / pmp(05) para blisterpack(07)
Mensaje D / 34:00:00:293 / blisterpack(07) / 08:00:00:000 para pmp(05)
Mensaje D / 34:00:00:293 / pmp(05) / 02:00:00:000 para top(01)
Mensaje D / 34:00:00:293 / top(01) / 02:00:00:000 para Root(00)
Mensaje * / 36:00:00:293 / Root(00) para top(01)
Mensaje * / 36:00:00:293 / top(01) para pmp(05)
Mensaje * / 36:00:00:293 / pmp(05) para powderroom(08)
Mensaje Y / 36:00:00:293 / powderroom(08) / busy1 /      0.00000 para pmp(05)
Mensaje D / 36:00:00:293 / powderroom(08) / ... para pmp(05)
Mensaje Y / 36:00:00:293 / pmp(05) / busy /      0.00000 para top(01)
Mensaje D / 36:00:00:293 / pmp(05) / 06:00:00:000 para top(01)
Mensaje X / 36:00:00:293 / top(01) / busy1 /      0.00000 para factoryadministrator(02)
Mensaje D / 36:00:00:293 / factoryadministrator(02) / 00:00:00:031 para top(01)
Mensaje D / 36:00:00:293 / top(01) / 00:00:00:031 para Root(00)
Mensaje * / 36:00:00:324 / Root(00) para top(01)
Mensaje * / 36:00:00:324 / top(01) para factoryadministrator(02)
Mensaje D / 36:00:00:324 / factoryadministrator(02) / 00:00:00:000 para top(01)
Mensaje D / 36:00:00:324 / top(01) / 00:00:00:000 para Root(00)
Mensaje * / 36:00:00:324 / Root(00) para top(01)
Mensaje * / 36:00:00:324 / top(01) para factoryadministrator(02)
Mensaje Y / 36:00:00:324 / factoryadministrator(02) / send /    104.00000 para top(01)
Mensaje D / 36:00:00:324 / factoryadministrator(02) / ... para top(01)
Mensaje Y / 36:00:00:324 / top(01) / send /    104.00000 para Root(00)
Mensaje X / 36:00:00:324 / top(01) / send /    104.00000 para factorywarehouse(03)
Mensaje X / 36:00:00:324 / factorywarehouse(03) / send /    104.00000 para warehouse(04)
Mensaje D / 36:00:00:324 / warehouse(04) / 00:00:00:000 para factorywarehouse(03)
Mensaje D / 36:00:00:324 / factorywarehouse(03) / 00:00:00:000 para top(01)
Mensaje D / 36:00:00:324 / top(01) / 00:00:00:000 para Root(00)
Mensaje * / 36:00:00:324 / Root(00) para top(01)
Mensaje * / 36:00:00:324 / top(01) para factorywarehouse(03)
Mensaje * / 36:00:00:324 / factorywarehouse(03) para warehouse(04)
Mensaje Y / 36:00:00:324 / warehouse(04) / facwar_out1 /      4.00000 para factorywarehouse(03)
Mensaje D / 36:00:00:324 / warehouse(04) / ... para factorywarehouse(03)
Mensaje Y / 36:00:00:324 / factorywarehouse(03) / facwar_out1 /      4.00000 para top(01)
Mensaje D / 36:00:00:324 / factorywarehouse(03) / ... para top(01)
Mensaje Y / 36:00:00:324 / top(01) / facwar_out1 /      4.00000 para Root(00)
Mensaje X / 36:00:00:324 / top(01) / facwar_out1 /      4.00000 para factoryadministrator(02)
Mensaje D / 36:00:00:324 / factoryadministrator(02) / 00:00:00:050 para top(01)
Mensaje D / 36:00:00:324 / top(01) / 00:00:00:050 para Root(00)
Mensaje * / 36:00:00:374 / Root(00) para top(01)
Mensaje * / 36:00:00:374 / top(01) para factoryadministrator(02)
Mensaje Y / 37:00:00:374 / factoryadministrator(02) / pmp_in /      4.00000 para top(01)
Mensaje D / 36:00:00:374 / factoryadministrator(02) / ... para top(01)
Mensaje Y / 37:00:00:374 / top(01) / pmp_in /      4.00000 para Root(00)
Mensaje X / 37:00:00:374 / top(01) / in /      4.00000 para pmp(05)
Mensaje X / 37:00:00:374 / pmp(05) / pmp_in /      4.00000 para powderroom(08)
Mensaje D / 37:00:00:374 / powderroom(08) / 00:00:00:000 para pmp(05)
Mensaje D / 37:00:00:374 / pmp(05) / 00:00:00:000 para top(01)
Mensaje D / 37:00:00:374 / top(01) / 00:00:00:000 para Root(00)
Mensaje * / 37:00:00:374 / Root(00) para top(01)
Mensaje * / 37:00:00:374 / top(01) para pmp(05)
Mensaje * / 37:00:00:374 / pmp(05) para powderroom(08)
Mensaje Y / 37:00:00:374 / powderroom(08) / busy1 /      1.00000 para pmp(05)
Mensaje D / 37:00:00:374 / powderroom(08) / 02:00:00:000 para pmp(05)
Mensaje Y / 37:00:00:374 / pmp(05) / busy /      1.00000 para top(01)
Mensaje D / 37:00:00:374 / pmp(05) / 02:00:00:000 para top(01)
Mensaje X / 37:00:00:374 / top(01) / busy1 /      1.00000 para factoryadministrator(02)
Mensaje D / 37:00:00:374 / factoryadministrator(02) / 00:00:00:031 para top(01)
Mensaje D / 37:00:00:374 / top(01) / 00:00:00:031 para Root(00)
Mensaje * / 37:00:00:405 / Root(00) para top(01)
Mensaje * / 37:00:00:405 / top(01) para factoryadministrator(02)
Mensaje D / 37:00:00:405 / factoryadministrator(02) / ... para top(01)
Mensaje D / 37:00:00:405 / top(01) / 01:59:59:969 para Root(00)
Mensaje * / 39:00:00:374 / Root(00) para top(01)
Mensaje * / 39:00:00:374 / top(01) para pmp(05)
Mensaje * / 39:00:00:374 / pmp(05) para powderroom(08)
Mensaje Y / 39:00:00:374 / powderroom(08) / press /      1.00000 para pmp(05)
Mensaje D / 39:00:00:374 / powderroom(08) / 06:00:00:000 para pmp(05)
Mensaje X / 39:00:00:374 / pmp(05) / press /      1.00000 para pressroom(06)
Mensaje D / 39:00:00:374 / pressroom(06) / 00:00:00:000 para pmp(05)
Mensaje D / 39:00:00:374 / pmp(05) / 00:00:00:000 para top(01)
Mensaje D / 39:00:00:374 / top(01) / 00:00:00:000 para Root(00)
Mensaje * / 39:00:00:374 / Root(00) para top(01)
Mensaje * / 39:00:00:374 / top(01) para pmp(05)
Mensaje * / 39:00:00:374 / pmp(05) para pressroom(06)
Mensaje D / 39:00:00:374 / pressroom(06) / 04:00:00:000 para pmp(05)
Mensaje D / 39:00:00:374 / pmp(05) / 02:59:59:919 para top(01)
Mensaje D / 39:00:00:374 / top(01) / 02:59:59:919 para Root(00)
Mensaje * / 42:00:00:293 / Root(00) para top(01)
Mensaje * / 42:00:00:293 / top(01) para pmp(05)
Mensaje * / 42:00:00:293 / pmp(05) para blisterpack(07)
Mensaje Y / 42:00:00:293 / blisterpack(07) / pmp_out /      1.00000 para pmp(05)
Mensaje D / 42:00:00:293 / blisterpack(07) / ... para pmp(05)
Mensaje Y / 42:00:00:293 / pmp(05) / out /      1.00000 para top(01)
Mensaje D / 42:00:00:293 / pmp(05) / 01:00:00:081 para top(01)
Mensaje X / 42:00:00:293 / top(01) / pmp_out /      1.00000 para factoryadministrator(02)
Mensaje D / 42:00:00:293 / factoryadministrator(02) / 00:00:00:039 para top(01)
Mensaje D / 42:00:00:293 / top(01) / 00:00:00:039 para Root(00)
Mensaje * / 42:00:00:332 / Root(00) para top(01)
Mensaje * / 42:00:00:332 / top(01) para factoryadministrator(02)
Mensaje Y / 42:00:00:332 / factoryadministrator(02) / facwar_in2 /    181.00000 para top(01)
Mensaje D / 42:00:00:332 / factoryadministrator(02) / ... para top(01)
Mensaje Y / 42:00:00:332 / top(01) / facwar_in2 /    181.00000 para Root(00)
Mensaje X / 42:00:00:332 / top(01) / facwar_in2 /    181.00000 para factorywarehouse(03)
Mensaje X / 42:00:00:332 / factorywarehouse(03) / facwar_in2 /    181.00000 para warehouse(04)
Mensaje D / 42:00:00:332 / warehouse(04) / 00:00:00:000 para factorywarehouse(03)
Mensaje D / 42:00:00:332 / factorywarehouse(03) / 00:00:00:000 para top(01)
Mensaje D / 42:00:00:332 / top(01) / 00:00:00:000 para Root(00)
Mensaje * / 42:00:00:332 / Root(00) para top(01)
Mensaje * / 42:00:00:332 / top(01) para factorywarehouse(03)
Mensaje * / 42:00:00:332 / factorywarehouse(03) para warehouse(04)
Mensaje D / 42:00:00:332 / warehouse(04) / ... para factorywarehouse(03)
Mensaje D / 42:00:00:332 / factorywarehouse(03) / ... para top(01)
Mensaje D / 42:00:00:332 / top(01) / 01:00:00:042 para Root(00)
Mensaje * / 43:00:00:374 / Root(00) para top(01)
Mensaje * / 43:00:00:374 / top(01) para pmp(05)
Mensaje * / 43:00:00:374 / pmp(05) para pressroom(06)
Mensaje Y / 43:00:00:374 / pressroom(06) / blilsterpack /      1.00000 para pmp(05)
Mensaje D / 43:00:00:374 / pressroom(06) / ... para pmp(05)
Mensaje X / 43:00:00:374 / pmp(05) / blister /      1.00000 para blisterpack(07)
Mensaje D / 43:00:00:374 / blisterpack(07) / 00:00:00:000 para pmp(05)
Mensaje D / 43:00:00:374 / pmp(05) / 00:00:00:000 para top(01)
Mensaje D / 43:00:00:374 / top(01) / 00:00:00:000 para Root(00)
Mensaje * / 43:00:00:374 / Root(00) para top(01)
Mensaje * / 43:00:00:374 / top(01) para pmp(05)
Mensaje * / 43:00:00:374 / pmp(05) para blisterpack(07)
Mensaje D / 43:00:00:374 / blisterpack(07) / 08:00:00:000 para pmp(05)
Mensaje D / 43:00:00:374 / pmp(05) / 02:00:00:000 para top(01)
Mensaje D / 43:00:00:374 / top(01) / 02:00:00:000 para Root(00)
Mensaje * / 45:00:00:374 / Root(00) para top(01)
Mensaje * / 45:00:00:374 / top(01) para pmp(05)
Mensaje * / 45:00:00:374 / pmp(05) para powderroom(08)
Mensaje Y / 45:00:00:374 / powderroom(08) / busy1 /      0.00000 para pmp(05)
Mensaje D / 45:00:00:374 / powderroom(08) / ... para pmp(05)
Mensaje Y / 45:00:00:374 / pmp(05) / busy /      0.00000 para top(01)
Mensaje D / 45:00:00:374 / pmp(05) / 06:00:00:000 para top(01)
Mensaje X / 45:00:00:374 / top(01) / busy1 /      0.00000 para factoryadministrator(02)
Mensaje D / 45:00:00:374 / factoryadministrator(02) / 00:00:00:031 para top(01)
Mensaje D / 45:00:00:374 / top(01) / 00:00:00:031 para Root(00)
Mensaje * / 45:00:00:405 / Root(00) para top(01)
Mensaje * / 45:00:00:405 / top(01) para factoryadministrator(02)
Mensaje D / 45:00:00:405 / factoryadministrator(02) / 00:00:00:000 para top(01)
Mensaje D / 45:00:00:405 / top(01) / 00:00:00:000 para Root(00)
Mensaje * / 45:00:00:405 / Root(00) para top(01)
Mensaje * / 45:00:00:405 / top(01) para factoryadministrator(02)
Mensaje Y / 45:00:00:405 / factoryadministrator(02) / send /    104.00000 para top(01)
Mensaje D / 45:00:00:405 / factoryadministrator(02) / ... para top(01)
Mensaje Y / 45:00:00:405 / top(01) / send /    104.00000 para Root(00)
Mensaje X / 45:00:00:405 / top(01) / send /    104.00000 para factorywarehouse(03)
Mensaje X / 45:00:00:405 / factorywarehouse(03) / send /    104.00000 para warehouse(04)
Mensaje D / 45:00:00:405 / warehouse(04) / 00:00:00:000 para factorywarehouse(03)
Mensaje D / 45:00:00:405 / factorywarehouse(03) / 00:00:00:000 para top(01)
Mensaje D / 45:00:00:405 / top(01) / 00:00:00:000 para Root(00)
Mensaje * / 45:00:00:405 / Root(00) para top(01)
Mensaje * / 45:00:00:405 / top(01) para factorywarehouse(03)
Mensaje * / 45:00:00:405 / factorywarehouse(03) para warehouse(04)
Mensaje Y / 45:00:00:405 / warehouse(04) / facwar_out1 /      4.00000 para factorywarehouse(03)
Mensaje D / 45:00:00:405 / warehouse(04) / ... para factorywarehouse(03)
Mensaje Y / 45:00:00:405 / factorywarehouse(03) / facwar_out1 /      4.00000 para top(01)
Mensaje D / 45:00:00:405 / factorywarehouse(03) / ... para top(01)
Mensaje Y / 45:00:00:405 / top(01) / facwar_out1 /      4.00000 para Root(00)
Mensaje X / 45:00:00:405 / top(01) / facwar_out1 /      4.00000 para factoryadministrator(02)
Mensaje D / 45:00:00:405 / factoryadministrator(02) / 00:00:00:050 para top(01)
Mensaje D / 45:00:00:405 / top(01) / 00:00:00:050 para Root(00)
Mensaje * / 45:00:00:455 / Root(00) para top(01)
Mensaje * / 45:00:00:455 / top(01) para factoryadministrator(02)
Mensaje Y / 46:00:00:455 / factoryadministrator(02) / pmp_in /      4.00000 para top(01)
Mensaje D / 45:00:00:455 / factoryadministrator(02) / ... para top(01)
Mensaje Y / 46:00:00:455 / top(01) / pmp_in /      4.00000 para Root(00)
Mensaje X / 46:00:00:455 / top(01) / in /      4.00000 para pmp(05)
Mensaje X / 46:00:00:455 / pmp(05) / pmp_in /      4.00000 para powderroom(08)
Mensaje D / 46:00:00:455 / powderroom(08) / 00:00:00:000 para pmp(05)
Mensaje D / 46:00:00:455 / pmp(05) / 00:00:00:000 para top(01)
Mensaje D / 46:00:00:455 / top(01) / 00:00:00:000 para Root(00)
Mensaje * / 46:00:00:455 / Root(00) para top(01)
Mensaje * / 46:00:00:455 / top(01) para pmp(05)
Mensaje * / 46:00:00:455 / pmp(05) para powderroom(08)
Mensaje Y / 46:00:00:455 / powderroom(08) / busy1 /      1.00000 para pmp(05)
Mensaje D / 46:00:00:455 / powderroom(08) / 02:00:00:000 para pmp(05)
Mensaje Y / 46:00:00:455 / pmp(05) / busy /      1.00000 para top(01)
Mensaje D / 46:00:00:455 / pmp(05) / 02:00:00:000 para top(01)
Mensaje X / 46:00:00:455 / top(01) / busy1 /      1.00000 para factoryadministrator(02)
Mensaje D / 46:00:00:455 / factoryadministrator(02) / 00:00:00:031 para top(01)
Mensaje D / 46:00:00:455 / top(01) / 00:00:00:031 para Root(00)
Mensaje * / 46:00:00:486 / Root(00) para top(01)
Mensaje * / 46:00:00:486 / top(01) para factoryadministrator(02)
Mensaje D / 46:00:00:486 / factoryadministrator(02) / ... para top(01)
Mensaje D / 46:00:00:486 / top(01) / 01:59:59:969 para Root(00)
Mensaje * / 48:00:00:455 / Root(00) para top(01)
Mensaje * / 48:00:00:455 / top(01) para pmp(05)
Mensaje * / 48:00:00:455 / pmp(05) para powderroom(08)
Mensaje Y / 48:00:00:455 / powderroom(08) / press /      1.00000 para pmp(05)
Mensaje D / 48:00:00:455 / powderroom(08) / 06:00:00:000 para pmp(05)
Mensaje X / 48:00:00:455 / pmp(05) / press /      1.00000 para pressroom(06)
Mensaje D / 48:00:00:455 / pressroom(06) / 00:00:00:000 para pmp(05)
Mensaje D / 48:00:00:455 / pmp(05) / 00:00:00:000 para top(01)
Mensaje D / 48:00:00:455 / top(01) / 00:00:00:000 para Root(00)
Mensaje * / 48:00:00:455 / Root(00) para top(01)
Mensaje * / 48:00:00:455 / top(01) para pmp(05)
Mensaje * / 48:00:00:455 / pmp(05) para pressroom(06)
Mensaje D / 48:00:00:455 / pressroom(06) / 04:00:00:000 para pmp(05)
Mensaje D / 48:00:00:455 / pmp(05) / 02:59:59:919 para top(01)
Mensaje D / 48:00:00:455 / top(01) / 02:59:59:919 para Root(00)
Mensaje * / 51:00:00:374 / Root(00) para top(01)
Mensaje * / 51:00:00:374 / top(01) para pmp(05)
Mensaje * / 51:00:00:374 / pmp(05) para blisterpack(07)
Mensaje Y / 51:00:00:374 / blisterpack(07) / pmp_out /      1.00000 para pmp(05)
Mensaje D / 51:00:00:374 / blisterpack(07) / ... para pmp(05)
Mensaje Y / 51:00:00:374 / pmp(05) / out /      1.00000 para top(01)
Mensaje D / 51:00:00:374 / pmp(05) / 01:00:00:081 para top(01)
Mensaje X / 51:00:00:374 / top(01) / pmp_out /      1.00000 para factoryadministrator(02)
Mensaje D / 51:00:00:374 / factoryadministrator(02) / 00:00:00:039 para top(01)
Mensaje D / 51:00:00:374 / top(01) / 00:00:00:039 para Root(00)
Mensaje * / 51:00:00:413 / Root(00) para top(01)
Mensaje * / 51:00:00:413 / top(01) para factoryadministrator(02)
Mensaje Y / 51:00:00:413 / factoryadministrator(02) / facwar_in2 /    181.00000 para top(01)
Mensaje D / 51:00:00:413 / factoryadministrator(02) / ... para top(01)
Mensaje Y / 51:00:00:413 / top(01) / facwar_in2 /    181.00000 para Root(00)
Mensaje X / 51:00:00:413 / top(01) / facwar_in2 /    181.00000 para factorywarehouse(03)
Mensaje X / 51:00:00:413 / factorywarehouse(03) / facwar_in2 /    181.00000 para warehouse(04)
Mensaje D / 51:00:00:413 / warehouse(04) / 00:00:00:000 para factorywarehouse(03)
Mensaje D / 51:00:00:413 / factorywarehouse(03) / 00:00:00:000 para top(01)
Mensaje D / 51:00:00:413 / top(01) / 00:00:00:000 para Root(00)
Mensaje * / 51:00:00:413 / Root(00) para top(01)
Mensaje * / 51:00:00:413 / top(01) para factorywarehouse(03)
Mensaje * / 51:00:00:413 / factorywarehouse(03) para warehouse(04)
Mensaje D / 51:00:00:413 / warehouse(04) / ... para factorywarehouse(03)
Mensaje D / 51:00:00:413 / factorywarehouse(03) / ... para top(01)
Mensaje D / 51:00:00:413 / top(01) / 01:00:00:042 para Root(00)
Mensaje * / 52:00:00:455 / Root(00) para top(01)
Mensaje * / 52:00:00:455 / top(01) para pmp(05)
Mensaje * / 52:00:00:455 / pmp(05) para pressroom(06)
Mensaje Y / 52:00:00:455 / pressroom(06) / blilsterpack /      1.00000 para pmp(05)
Mensaje D / 52:00:00:455 / pressroom(06) / ... para pmp(05)
Mensaje X / 52:00:00:455 / pmp(05) / blister /      1.00000 para blisterpack(07)
Mensaje D / 52:00:00:455 / blisterpack(07) / 00:00:00:000 para pmp(05)
Mensaje D / 52:00:00:455 / pmp(05) / 00:00:00:000 para top(01)
Mensaje D / 52:00:00:455 / top(01) / 00:00:00:000 para Root(00)
Mensaje * / 52:00:00:455 / Root(00) para top(01)
Mensaje * / 52:00:00:455 / top(01) para pmp(05)
Mensaje * / 52:00:00:455 / pmp(05) para blisterpack(07)
Mensaje D / 52:00:00:455 / blisterpack(07) / 08:00:00:000 para pmp(05)
Mensaje D / 52:00:00:455 / pmp(05) / 02:00:00:000 para top(01)
Mensaje D / 52:00:00:455 / top(01) / 02:00:00:000 para Root(00)
Mensaje * / 54:00:00:455 / Root(00) para top(01)
Mensaje * / 54:00:00:455 / top(01) para pmp(05)
Mensaje * / 54:00:00:455 / pmp(05) para powderroom(08)
Mensaje Y / 54:00:00:455 / powderroom(08) / busy1 /      0.00000 para pmp(05)
Mensaje D / 54:00:00:455 / powderroom(08) / ... para pmp(05)
Mensaje Y / 54:00:00:455 / pmp(05) / busy /      0.00000 para top(01)
Mensaje D / 54:00:00:455 / pmp(05) / 06:00:00:000 para top(01)
Mensaje X / 54:00:00:455 / top(01) / busy1 /      0.00000 para factoryadministrator(02)
Mensaje D / 54:00:00:455 / factoryadministrator(02) / 00:00:00:031 para top(01)
Mensaje D / 54:00:00:455 / top(01) / 00:00:00:031 para Root(00)
Mensaje * / 54:00:00:486 / Root(00) para top(01)
Mensaje * / 54:00:00:486 / top(01) para factoryadministrator(02)
Mensaje D / 54:00:00:486 / factoryadministrator(02) / 00:00:00:000 para top(01)
Mensaje D / 54:00:00:486 / top(01) / 00:00:00:000 para Root(00)
Mensaje * / 54:00:00:486 / Root(00) para top(01)
Mensaje * / 54:00:00:486 / top(01) para factoryadministrator(02)
Mensaje Y / 54:00:00:486 / factoryadministrator(02) / send /    104.00000 para top(01)
Mensaje D / 54:00:00:486 / factoryadministrator(02) / ... para top(01)
Mensaje Y / 54:00:00:486 / top(01) / send /    104.00000 para Root(00)
Mensaje X / 54:00:00:486 / top(01) / send /    104.00000 para factorywarehouse(03)
Mensaje X / 54:00:00:486 / factorywarehouse(03) / send /    104.00000 para warehouse(04)
Mensaje D / 54:00:00:486 / warehouse(04) / 00:00:00:000 para factorywarehouse(03)
Mensaje D / 54:00:00:486 / factorywarehouse(03) / 00:00:00:000 para top(01)
Mensaje D / 54:00:00:486 / top(01) / 00:00:00:000 para Root(00)
Mensaje * / 54:00:00:486 / Root(00) para top(01)
Mensaje * / 54:00:00:486 / top(01) para factorywarehouse(03)
Mensaje * / 54:00:00:486 / factorywarehouse(03) para warehouse(04)
Mensaje Y / 54:00:00:486 / warehouse(04) / facwar_out1 /      4.00000 para factorywarehouse(03)
Mensaje D / 54:00:00:486 / warehouse(04) / ... para factorywarehouse(03)
Mensaje Y / 54:00:00:486 / factorywarehouse(03) / facwar_out1 /      4.00000 para top(01)
Mensaje D / 54:00:00:486 / factorywarehouse(03) / ... para top(01)
Mensaje Y / 54:00:00:486 / top(01) / facwar_out1 /      4.00000 para Root(00)
Mensaje X / 54:00:00:486 / top(01) / facwar_out1 /      4.00000 para factoryadministrator(02)
Mensaje D / 54:00:00:486 / factoryadministrator(02) / 00:00:00:050 para top(01)
Mensaje D / 54:00:00:486 / top(01) / 00:00:00:050 para Root(00)
Mensaje * / 54:00:00:536 / Root(00) para top(01)
Mensaje * / 54:00:00:536 / top(01) para factoryadministrator(02)
Mensaje Y / 55:00:00:536 / factoryadministrator(02) / pmp_in /      4.00000 para top(01)
Mensaje D / 54:00:00:536 / factoryadministrator(02) / ... para top(01)
Mensaje Y / 55:00:00:536 / top(01) / pmp_in /      4.00000 para Root(00)
Mensaje X / 55:00:00:536 / top(01) / in /      4.00000 para pmp(05)
Mensaje X / 55:00:00:536 / pmp(05) / pmp_in /      4.00000 para powderroom(08)
Mensaje D / 55:00:00:536 / powderroom(08) / 00:00:00:000 para pmp(05)
Mensaje D / 55:00:00:536 / pmp(05) / 00:00:00:000 para top(01)
Mensaje D / 55:00:00:536 / top(01) / 00:00:00:000 para Root(00)
Mensaje * / 55:00:00:536 / Root(00) para top(01)
Mensaje * / 55:00:00:536 / top(01) para pmp(05)
Mensaje * / 55:00:00:536 / pmp(05) para powderroom(08)
Mensaje Y / 55:00:00:536 / powderroom(08) / busy1 /      1.00000 para pmp(05)
Mensaje D / 55:00:00:536 / powderroom(08) / 02:00:00:000 para pmp(05)
Mensaje Y / 55:00:00:536 / pmp(05) / busy /      1.00000 para top(01)
Mensaje D / 55:00:00:536 / pmp(05) / 02:00:00:000 para top(01)
Mensaje X / 55:00:00:536 / top(01) / busy1 /      1.00000 para factoryadministrator(02)
Mensaje D / 55:00:00:536 / factoryadministrator(02) / 00:00:00:031 para top(01)
Mensaje D / 55:00:00:536 / top(01) / 00:00:00:031 para Root(00)
Mensaje * / 55:00:00:567 / Root(00) para top(01)
Mensaje * / 55:00:00:567 / top(01) para factoryadministrator(02)
Mensaje D / 55:00:00:567 / factoryadministrator(02) / ... para top(01)
Mensaje D / 55:00:00:567 / top(01) / 01:59:59:969 para Root(00)
Mensaje * / 57:00:00:536 / Root(00) para top(01)
Mensaje * / 57:00:00:536 / top(01) para pmp(05)
Mensaje * / 57:00:00:536 / pmp(05) para powderroom(08)
Mensaje Y / 57:00:00:536 / powderroom(08) / press /      1.00000 para pmp(05)
Mensaje D / 57:00:00:536 / powderroom(08) / 06:00:00:000 para pmp(05)
Mensaje X / 57:00:00:536 / pmp(05) / press /      1.00000 para pressroom(06)
Mensaje D / 57:00:00:536 / pressroom(06) / 00:00:00:000 para pmp(05)
Mensaje D / 57:00:00:536 / pmp(05) / 00:00:00:000 para top(01)
Mensaje D / 57:00:00:536 / top(01) / 00:00:00:000 para Root(00)
Mensaje * / 57:00:00:536 / Root(00) para top(01)
Mensaje * / 57:00:00:536 / top(01) para pmp(05)
Mensaje * / 57:00:00:536 / pmp(05) para pressroom(06)
Mensaje D / 57:00:00:536 / pressroom(06) / 04:00:00:000 para pmp(05)
Mensaje D / 57:00:00:536 / pmp(05) / 02:59:59:919 para top(01)
Mensaje D / 57:00:00:536 / top(01) / 02:59:59:919 para Root(00)
Mensaje * / 60:00:00:455 / Root(00) para top(01)
Mensaje * / 60:00:00:455 / top(01) para pmp(05)
Mensaje * / 60:00:00:455 / pmp(05) para blisterpack(07)
Mensaje Y / 60:00:00:455 / blisterpack(07) / pmp_out /      1.00000 para pmp(05)
Mensaje D / 60:00:00:455 / blisterpack(07) / ... para pmp(05)
Mensaje Y / 60:00:00:455 / pmp(05) / out /      1.00000 para top(01)
Mensaje D / 60:00:00:455 / pmp(05) / 01:00:00:081 para top(01)
Mensaje X / 60:00:00:455 / top(01) / pmp_out /      1.00000 para factoryadministrator(02)
Mensaje D / 60:00:00:455 / factoryadministrator(02) / 00:00:00:039 para top(01)
Mensaje D / 60:00:00:455 / top(01) / 00:00:00:039 para Root(00)
Mensaje * / 60:00:00:494 / Root(00) para top(01)
Mensaje * / 60:00:00:494 / top(01) para factoryadministrator(02)
Mensaje Y / 60:00:00:494 / factoryadministrator(02) / facwar_in2 /    181.00000 para top(01)
Mensaje D / 60:00:00:494 / factoryadministrator(02) / ... para top(01)
Mensaje Y / 60:00:00:494 / top(01) / facwar_in2 /    181.00000 para Root(00)
Mensaje X / 60:00:00:494 / top(01) / facwar_in2 /    181.00000 para factorywarehouse(03)
Mensaje X / 60:00:00:494 / factorywarehouse(03) / facwar_in2 /    181.00000 para warehouse(04)
Mensaje D / 60:00:00:494 / warehouse(04) / 00:00:00:000 para factorywarehouse(03)
Mensaje D / 60:00:00:494 / factorywarehouse(03) / 00:00:00:000 para top(01)
Mensaje D / 60:00:00:494 / top(01) / 00:00:00:000 para Root(00)
Mensaje * / 60:00:00:494 / Root(00) para top(01)
Mensaje * / 60:00:00:494 / top(01) para factorywarehouse(03)
Mensaje * / 60:00:00:494 / factorywarehouse(03) para warehouse(04)
Mensaje D / 60:00:00:494 / warehouse(04) / ... para factorywarehouse(03)
Mensaje D / 60:00:00:494 / factorywarehouse(03) / ... para top(01)
Mensaje D / 60:00:00:494 / top(01) / 01:00:00:042 para Root(00)
Mensaje * / 61:00:00:536 / Root(00) para top(01)
Mensaje * / 61:00:00:536 / top(01) para pmp(05)
Mensaje * / 61:00:00:536 / pmp(05) para pressroom(06)
Mensaje Y / 61:00:00:536 / pressroom(06) / blilsterpack /      1.00000 para pmp(05)
Mensaje D / 61:00:00:536 / pressroom(06) / ... para pmp(05)
Mensaje X / 61:00:00:536 / pmp(05) / blister /      1.00000 para blisterpack(07)
Mensaje D / 61:00:00:536 / blisterpack(07) / 00:00:00:000 para pmp(05)
Mensaje D / 61:00:00:536 / pmp(05) / 00:00:00:000 para top(01)
Mensaje D / 61:00:00:536 / top(01) / 00:00:00:000 para Root(00)
Mensaje * / 61:00:00:536 / Root(00) para top(01)
Mensaje * / 61:00:00:536 / top(01) para pmp(05)
Mensaje * / 61:00:00:536 / pmp(05) para blisterpack(07)
Mensaje D / 61:00:00:536 / blisterpack(07) / 08:00:00:000 para pmp(05)
Mensaje D / 61:00:00:536 / pmp(05) / 02:00:00:000 para top(01)
Mensaje D / 61:00:00:536 / top(01) / 02:00:00:000 para Root(00)
Mensaje * / 63:00:00:536 / Root(00) para top(01)
Mensaje * / 63:00:00:536 / top(01) para pmp(05)
Mensaje * / 63:00:00:536 / pmp(05) para powderroom(08)
Mensaje Y / 63:00:00:536 / powderroom(08) / busy1 /      0.00000 para pmp(05)
Mensaje D / 63:00:00:536 / powderroom(08) / ... para pmp(05)
Mensaje Y / 63:00:00:536 / pmp(05) / busy /      0.00000 para top(01)
Mensaje D / 63:00:00:536 / pmp(05) / 06:00:00:000 para top(01)
Mensaje X / 63:00:00:536 / top(01) / busy1 /      0.00000 para factoryadministrator(02)
Mensaje D / 63:00:00:536 / factoryadministrator(02) / 00:00:00:031 para top(01)
Mensaje D / 63:00:00:536 / top(01) / 00:00:00:031 para Root(00)
Mensaje * / 63:00:00:567 / Root(00) para top(01)
Mensaje * / 63:00:00:567 / top(01) para factoryadministrator(02)
Mensaje D / 63:00:00:567 / factoryadministrator(02) / 00:00:00:000 para top(01)
Mensaje D / 63:00:00:567 / top(01) / 00:00:00:000 para Root(00)
Mensaje * / 63:00:00:567 / Root(00) para top(01)
Mensaje * / 63:00:00:567 / top(01) para factoryadministrator(02)
Mensaje Y / 63:00:00:567 / factoryadministrator(02) / send /    104.00000 para top(01)
Mensaje D / 63:00:00:567 / factoryadministrator(02) / ... para top(01)
Mensaje Y / 63:00:00:567 / top(01) / send /    104.00000 para Root(00)
Mensaje X / 63:00:00:567 / top(01) / send /    104.00000 para factorywarehouse(03)
Mensaje X / 63:00:00:567 / factorywarehouse(03) / send /    104.00000 para warehouse(04)
Mensaje D / 63:00:00:567 / warehouse(04) / 00:00:00:000 para factorywarehouse(03)
Mensaje D / 63:00:00:567 / factorywarehouse(03) / 00:00:00:000 para top(01)
Mensaje D / 63:00:00:567 / top(01) / 00:00:00:000 para Root(00)
Mensaje * / 63:00:00:567 / Root(00) para top(01)
Mensaje * / 63:00:00:567 / top(01) para factorywarehouse(03)
Mensaje * / 63:00:00:567 / factorywarehouse(03) para warehouse(04)
Mensaje Y / 63:00:00:567 / warehouse(04) / facwar_out1 /      4.00000 para factorywarehouse(03)
Mensaje D / 63:00:00:567 / warehouse(04) / ... para factorywarehouse(03)
Mensaje Y / 63:00:00:567 / factorywarehouse(03) / facwar_out1 /      4.00000 para top(01)
Mensaje D / 63:00:00:567 / factorywarehouse(03) / ... para top(01)
Mensaje Y / 63:00:00:567 / top(01) / facwar_out1 /      4.00000 para Root(00)
Mensaje X / 63:00:00:567 / top(01) / facwar_out1 /      4.00000 para factoryadministrator(02)
Mensaje D / 63:00:00:567 / factoryadministrator(02) / 00:00:00:050 para top(01)
Mensaje D / 63:00:00:567 / top(01) / 00:00:00:050 para Root(00)
Mensaje * / 63:00:00:617 / Root(00) para top(01)
Mensaje * / 63:00:00:617 / top(01) para factoryadministrator(02)
Mensaje Y / 64:00:00:617 / factoryadministrator(02) / pmp_in /      4.00000 para top(01)
Mensaje D / 63:00:00:617 / factoryadministrator(02) / ... para top(01)
Mensaje Y / 64:00:00:617 / top(01) / pmp_in /      4.00000 para Root(00)
Mensaje X / 64:00:00:617 / top(01) / in /      4.00000 para pmp(05)
Mensaje X / 64:00:00:617 / pmp(05) / pmp_in /      4.00000 para powderroom(08)
Mensaje D / 64:00:00:617 / powderroom(08) / 00:00:00:000 para pmp(05)
Mensaje D / 64:00:00:617 / pmp(05) / 00:00:00:000 para top(01)
Mensaje D / 64:00:00:617 / top(01) / 00:00:00:000 para Root(00)
Mensaje * / 64:00:00:617 / Root(00) para top(01)
Mensaje * / 64:00:00:617 / top(01) para pmp(05)
Mensaje * / 64:00:00:617 / pmp(05) para powderroom(08)
Mensaje Y / 64:00:00:617 / powderroom(08) / busy1 /      1.00000 para pmp(05)
Mensaje D / 64:00:00:617 / powderroom(08) / 02:00:00:000 para pmp(05)
Mensaje Y / 64:00:00:617 / pmp(05) / busy /      1.00000 para top(01)
Mensaje D / 64:00:00:617 / pmp(05) / 02:00:00:000 para top(01)
Mensaje X / 64:00:00:617 / top(01) / busy1 /      1.00000 para factoryadministrator(02)
Mensaje D / 64:00:00:617 / factoryadministrator(02) / 00:00:00:031 para top(01)
Mensaje D / 64:00:00:617 / top(01) / 00:00:00:031 para Root(00)
Mensaje * / 64:00:00:648 / Root(00) para top(01)
Mensaje * / 64:00:00:648 / top(01) para factoryadministrator(02)
Mensaje D / 64:00:00:648 / factoryadministrator(02) / ... para top(01)
Mensaje D / 64:00:00:648 / top(01) / 01:59:59:969 para Root(00)
Mensaje * / 66:00:00:617 / Root(00) para top(01)
Mensaje * / 66:00:00:617 / top(01) para pmp(05)
Mensaje * / 66:00:00:617 / pmp(05) para powderroom(08)
Mensaje Y / 66:00:00:617 / powderroom(08) / press /      1.00000 para pmp(05)
Mensaje D / 66:00:00:617 / powderroom(08) / 06:00:00:000 para pmp(05)
Mensaje X / 66:00:00:617 / pmp(05) / press /      1.00000 para pressroom(06)
Mensaje D / 66:00:00:617 / pressroom(06) / 00:00:00:000 para pmp(05)
Mensaje D / 66:00:00:617 / pmp(05) / 00:00:00:000 para top(01)
Mensaje D / 66:00:00:617 / top(01) / 00:00:00:000 para Root(00)
Mensaje * / 66:00:00:617 / Root(00) para top(01)
Mensaje * / 66:00:00:617 / top(01) para pmp(05)
Mensaje * / 66:00:00:617 / pmp(05) para pressroom(06)
Mensaje D / 66:00:00:617 / pressroom(06) / 04:00:00:000 para pmp(05)
Mensaje D / 66:00:00:617 / pmp(05) / 02:59:59:919 para top(01)
Mensaje D / 66:00:00:617 / top(01) / 02:59:59:919 para Root(00)
Mensaje * / 69:00:00:536 / Root(00) para top(01)
Mensaje * / 69:00:00:536 / top(01) para pmp(05)
Mensaje * / 69:00:00:536 / pmp(05) para blisterpack(07)
Mensaje Y / 69:00:00:536 / blisterpack(07) / pmp_out /      1.00000 para pmp(05)
Mensaje D / 69:00:00:536 / blisterpack(07) / ... para pmp(05)
Mensaje Y / 69:00:00:536 / pmp(05) / out /      1.00000 para top(01)
Mensaje D / 69:00:00:536 / pmp(05) / 01:00:00:081 para top(01)
Mensaje X / 69:00:00:536 / top(01) / pmp_out /      1.00000 para factoryadministrator(02)
Mensaje D / 69:00:00:536 / factoryadministrator(02) / 00:00:00:039 para top(01)
Mensaje D / 69:00:00:536 / top(01) / 00:00:00:039 para Root(00)
Mensaje * / 69:00:00:575 / Root(00) para top(01)
Mensaje * / 69:00:00:575 / top(01) para factoryadministrator(02)
Mensaje Y / 69:00:00:575 / factoryadministrator(02) / facwar_in2 /    181.00000 para top(01)
Mensaje D / 69:00:00:575 / factoryadministrator(02) / ... para top(01)
Mensaje Y / 69:00:00:575 / top(01) / facwar_in2 /    181.00000 para Root(00)
Mensaje X / 69:00:00:575 / top(01) / facwar_in2 /    181.00000 para factorywarehouse(03)
Mensaje X / 69:00:00:575 / factorywarehouse(03) / facwar_in2 /    181.00000 para warehouse(04)
Mensaje D / 69:00:00:575 / warehouse(04) / 00:00:00:000 para factorywarehouse(03)
Mensaje D / 69:00:00:575 / factorywarehouse(03) / 00:00:00:000 para top(01)
Mensaje D / 69:00:00:575 / top(01) / 00:00:00:000 para Root(00)
Mensaje * / 69:00:00:575 / Root(00) para top(01)
Mensaje * / 69:00:00:575 / top(01) para factorywarehouse(03)
Mensaje * / 69:00:00:575 / factorywarehouse(03) para warehouse(04)
Mensaje D / 69:00:00:575 / warehouse(04) / ... para factorywarehouse(03)
Mensaje D / 69:00:00:575 / factorywarehouse(03) / ... para top(01)
Mensaje D / 69:00:00:575 / top(01) / 01:00:00:042 para Root(00)
Mensaje * / 70:00:00:617 / Root(00) para top(01)
Mensaje * / 70:00:00:617 / top(01) para pmp(05)
Mensaje * / 70:00:00:617 / pmp(05) para pressroom(06)
Mensaje Y / 70:00:00:617 / pressroom(06) / blilsterpack /      1.00000 para pmp(05)
Mensaje D / 70:00:00:617 / pressroom(06) / ... para pmp(05)
Mensaje X / 70:00:00:617 / pmp(05) / blister /      1.00000 para blisterpack(07)
Mensaje D / 70:00:00:617 / blisterpack(07) / 00:00:00:000 para pmp(05)
Mensaje D / 70:00:00:617 / pmp(05) / 00:00:00:000 para top(01)
Mensaje D / 70:00:00:617 / top(01) / 00:00:00:000 para Root(00)
Mensaje * / 70:00:00:617 / Root(00) para top(01)
Mensaje * / 70:00:00:617 / top(01) para pmp(05)
Mensaje * / 70:00:00:617 / pmp(05) para blisterpack(07)
Mensaje D / 70:00:00:617 / blisterpack(07) / 08:00:00:000 para pmp(05)
Mensaje D / 70:00:00:617 / pmp(05) / 02:00:00:000 para top(01)
Mensaje D / 70:00:00:617 / top(01) / 02:00:00:000 para Root(00)
Mensaje * / 72:00:00:617 / Root(00) para top(01)
Mensaje * / 72:00:00:617 / top(01) para pmp(05)
Mensaje * / 72:00:00:617 / pmp(05) para powderroom(08)
Mensaje Y / 72:00:00:617 / powderroom(08) / busy1 /      0.00000 para pmp(05)
Mensaje D / 72:00:00:617 / powderroom(08) / ... para pmp(05)
Mensaje Y / 72:00:00:617 / pmp(05) / busy /      0.00000 para top(01)
Mensaje D / 72:00:00:617 / pmp(05) / 06:00:00:000 para top(01)
Mensaje X / 72:00:00:617 / top(01) / busy1 /      0.00000 para factoryadministrator(02)
Mensaje D / 72:00:00:617 / factoryadministrator(02) / 00:00:00:031 para top(01)
Mensaje D / 72:00:00:617 / top(01) / 00:00:00:031 para Root(00)
Mensaje * / 72:00:00:648 / Root(00) para top(01)
Mensaje * / 72:00:00:648 / top(01) para factoryadministrator(02)
Mensaje D / 72:00:00:648 / factoryadministrator(02) / 00:00:00:000 para top(01)
Mensaje D / 72:00:00:648 / top(01) / 00:00:00:000 para Root(00)
Mensaje * / 72:00:00:648 / Root(00) para top(01)
Mensaje * / 72:00:00:648 / top(01) para factoryadministrator(02)
Mensaje Y / 72:00:00:648 / factoryadministrator(02) / send /    104.00000 para top(01)
Mensaje D / 72:00:00:648 / factoryadministrator(02) / ... para top(01)
Mensaje Y / 72:00:00:648 / top(01) / send /    104.00000 para Root(00)
Mensaje X / 72:00:00:648 / top(01) / send /    104.00000 para factorywarehouse(03)
Mensaje X / 72:00:00:648 / factorywarehouse(03) / send /    104.00000 para warehouse(04)
Mensaje D / 72:00:00:648 / warehouse(04) / 00:00:00:000 para factorywarehouse(03)
Mensaje D / 72:00:00:648 / factorywarehouse(03) / 00:00:00:000 para top(01)
Mensaje D / 72:00:00:648 / top(01) / 00:00:00:000 para Root(00)
Mensaje * / 72:00:00:648 / Root(00) para top(01)
Mensaje * / 72:00:00:648 / top(01) para factorywarehouse(03)
Mensaje * / 72:00:00:648 / factorywarehouse(03) para warehouse(04)
Mensaje Y / 72:00:00:648 / warehouse(04) / facwar_out1 /      4.00000 para factorywarehouse(03)
Mensaje D / 72:00:00:648 / warehouse(04) / ... para factorywarehouse(03)
Mensaje Y / 72:00:00:648 / factorywarehouse(03) / facwar_out1 /      4.00000 para top(01)
Mensaje D / 72:00:00:648 / factorywarehouse(03) / ... para top(01)
Mensaje Y / 72:00:00:648 / top(01) / facwar_out1 /      4.00000 para Root(00)
Mensaje X / 72:00:00:648 / top(01) / facwar_out1 /      4.00000 para factoryadministrator(02)
Mensaje D / 72:00:00:648 / factoryadministrator(02) / 00:00:00:050 para top(01)
Mensaje D / 72:00:00:648 / top(01) / 00:00:00:050 para Root(00)
Mensaje * / 72:00:00:698 / Root(00) para top(01)
Mensaje * / 72:00:00:698 / top(01) para factoryadministrator(02)
Mensaje Y / 73:00:00:698 / factoryadministrator(02) / pmp_in /      4.00000 para top(01)
Mensaje D / 72:00:00:698 / factoryadministrator(02) / ... para top(01)
Mensaje Y / 73:00:00:698 / top(01) / pmp_in /      4.00000 para Root(00)
Mensaje X / 73:00:00:698 / top(01) / in /      4.00000 para pmp(05)
Mensaje X / 73:00:00:698 / pmp(05) / pmp_in /      4.00000 para powderroom(08)
Mensaje D / 73:00:00:698 / powderroom(08) / 00:00:00:000 para pmp(05)
Mensaje D / 73:00:00:698 / pmp(05) / 00:00:00:000 para top(01)
Mensaje D / 73:00:00:698 / top(01) / 00:00:00:000 para Root(00)
Mensaje * / 73:00:00:698 / Root(00) para top(01)
Mensaje * / 73:00:00:698 / top(01) para pmp(05)
Mensaje * / 73:00:00:698 / pmp(05) para powderroom(08)
Mensaje Y / 73:00:00:698 / powderroom(08) / busy1 /      1.00000 para pmp(05)
Mensaje D / 73:00:00:698 / powderroom(08) / 02:00:00:000 para pmp(05)
Mensaje Y / 73:00:00:698 / pmp(05) / busy /      1.00000 para top(01)
Mensaje D / 73:00:00:698 / pmp(05) / 02:00:00:000 para top(01)
Mensaje X / 73:00:00:698 / top(01) / busy1 /      1.00000 para factoryadministrator(02)
Mensaje D / 73:00:00:698 / factoryadministrator(02) / 00:00:00:031 para top(01)
Mensaje D / 73:00:00:698 / top(01) / 00:00:00:031 para Root(00)
Mensaje * / 73:00:00:729 / Root(00) para top(01)
Mensaje * / 73:00:00:729 / top(01) para factoryadministrator(02)
Mensaje D / 73:00:00:729 / factoryadministrator(02) / ... para top(01)
Mensaje D / 73:00:00:729 / top(01) / 01:59:59:969 para Root(00)
Mensaje * / 75:00:00:698 / Root(00) para top(01)
Mensaje * / 75:00:00:698 / top(01) para pmp(05)
Mensaje * / 75:00:00:698 / pmp(05) para powderroom(08)
Mensaje Y / 75:00:00:698 / powderroom(08) / press /      1.00000 para pmp(05)
Mensaje D / 75:00:00:698 / powderroom(08) / 06:00:00:000 para pmp(05)
Mensaje X / 75:00:00:698 / pmp(05) / press /      1.00000 para pressroom(06)
Mensaje D / 75:00:00:698 / pressroom(06) / 00:00:00:000 para pmp(05)
Mensaje D / 75:00:00:698 / pmp(05) / 00:00:00:000 para top(01)
Mensaje D / 75:00:00:698 / top(01) / 00:00:00:000 para Root(00)
Mensaje * / 75:00:00:698 / Root(00) para top(01)
Mensaje * / 75:00:00:698 / top(01) para pmp(05)
Mensaje * / 75:00:00:698 / pmp(05) para pressroom(06)
Mensaje D / 75:00:00:698 / pressroom(06) / 04:00:00:000 para pmp(05)
Mensaje D / 75:00:00:698 / pmp(05) / 02:59:59:919 para top(01)
Mensaje D / 75:00:00:698 / top(01) / 02:59:59:919 para Root(00)
Mensaje * / 78:00:00:617 / Root(00) para top(01)
Mensaje * / 78:00:00:617 / top(01) para pmp(05)
Mensaje * / 78:00:00:617 / pmp(05) para blisterpack(07)
Mensaje Y / 78:00:00:617 / blisterpack(07) / pmp_out /      1.00000 para pmp(05)
Mensaje D / 78:00:00:617 / blisterpack(07) / ... para pmp(05)
Mensaje Y / 78:00:00:617 / pmp(05) / out /      1.00000 para top(01)
Mensaje D / 78:00:00:617 / pmp(05) / 01:00:00:081 para top(01)
Mensaje X / 78:00:00:617 / top(01) / pmp_out /      1.00000 para factoryadministrator(02)
Mensaje D / 78:00:00:617 / factoryadministrator(02) / 00:00:00:039 para top(01)
Mensaje D / 78:00:00:617 / top(01) / 00:00:00:039 para Root(00)
Mensaje * / 78:00:00:656 / Root(00) para top(01)
Mensaje * / 78:00:00:656 / top(01) para factoryadministrator(02)
Mensaje Y / 78:00:00:656 / factoryadministrator(02) / facwar_in2 /    181.00000 para top(01)
Mensaje D / 78:00:00:656 / factoryadministrator(02) / ... para top(01)
Mensaje Y / 78:00:00:656 / top(01) / facwar_in2 /    181.00000 para Root(00)
Mensaje X / 78:00:00:656 / top(01) / facwar_in2 /    181.00000 para factorywarehouse(03)
Mensaje X / 78:00:00:656 / factorywarehouse(03) / facwar_in2 /    181.00000 para warehouse(04)
Mensaje D / 78:00:00:656 / warehouse(04) / 00:00:00:000 para factorywarehouse(03)
Mensaje D / 78:00:00:656 / factorywarehouse(03) / 00:00:00:000 para top(01)
Mensaje D / 78:00:00:656 / top(01) / 00:00:00:000 para Root(00)
Mensaje * / 78:00:00:656 / Root(00) para top(01)
Mensaje * / 78:00:00:656 / top(01) para factorywarehouse(03)
Mensaje * / 78:00:00:656 / factorywarehouse(03) para warehouse(04)
Mensaje D / 78:00:00:656 / warehouse(04) / ... para factorywarehouse(03)
Mensaje D / 78:00:00:656 / factorywarehouse(03) / ... para top(01)
Mensaje D / 78:00:00:656 / top(01) / 01:00:00:042 para Root(00)
Mensaje * / 79:00:00:698 / Root(00) para top(01)
Mensaje * / 79:00:00:698 / top(01) para pmp(05)
Mensaje * / 79:00:00:698 / pmp(05) para pressroom(06)
Mensaje Y / 79:00:00:698 / pressroom(06) / blilsterpack /      1.00000 para pmp(05)
Mensaje D / 79:00:00:698 / pressroom(06) / ... para pmp(05)
Mensaje X / 79:00:00:698 / pmp(05) / blister /      1.00000 para blisterpack(07)
Mensaje D / 79:00:00:698 / blisterpack(07) / 00:00:00:000 para pmp(05)
Mensaje D / 79:00:00:698 / pmp(05) / 00:00:00:000 para top(01)
Mensaje D / 79:00:00:698 / top(01) / 00:00:00:000 para Root(00)
Mensaje * / 79:00:00:698 / Root(00) para top(01)
Mensaje * / 79:00:00:698 / top(01) para pmp(05)
Mensaje * / 79:00:00:698 / pmp(05) para blisterpack(07)
Mensaje D / 79:00:00:698 / blisterpack(07) / 08:00:00:000 para pmp(05)
Mensaje D / 79:00:00:698 / pmp(05) / 02:00:00:000 para top(01)
Mensaje D / 79:00:00:698 / top(01) / 02:00:00:000 para Root(00)
Mensaje * / 81:00:00:698 / Root(00) para top(01)
Mensaje * / 81:00:00:698 / top(01) para pmp(05)
Mensaje * / 81:00:00:698 / pmp(05) para powderroom(08)
Mensaje Y / 81:00:00:698 / powderroom(08) / busy1 /      0.00000 para pmp(05)
Mensaje D / 81:00:00:698 / powderroom(08) / ... para pmp(05)
Mensaje Y / 81:00:00:698 / pmp(05) / busy /      0.00000 para top(01)
Mensaje D / 81:00:00:698 / pmp(05) / 06:00:00:000 para top(01)
Mensaje X / 81:00:00:698 / top(01) / busy1 /      0.00000 para factoryadministrator(02)
Mensaje D / 81:00:00:698 / factoryadministrator(02) / 00:00:00:031 para top(01)
Mensaje D / 81:00:00:698 / top(01) / 00:00:00:031 para Root(00)
Mensaje * / 81:00:00:729 / Root(00) para top(01)
Mensaje * / 81:00:00:729 / top(01) para factoryadministrator(02)
Mensaje D / 81:00:00:729 / factoryadministrator(02) / 00:00:00:000 para top(01)
Mensaje D / 81:00:00:729 / top(01) / 00:00:00:000 para Root(00)
Mensaje * / 81:00:00:729 / Root(00) para top(01)
Mensaje * / 81:00:00:729 / top(01) para factoryadministrator(02)
Mensaje Y / 81:00:00:729 / factoryadministrator(02) / send /    104.00000 para top(01)
Mensaje D / 81:00:00:729 / factoryadministrator(02) / ... para top(01)
Mensaje Y / 81:00:00:729 / top(01) / send /    104.00000 para Root(00)
Mensaje X / 81:00:00:729 / top(01) / send /    104.00000 para factorywarehouse(03)
Mensaje X / 81:00:00:729 / factorywarehouse(03) / send /    104.00000 para warehouse(04)
Mensaje D / 81:00:00:729 / warehouse(04) / 00:00:00:000 para factorywarehouse(03)
Mensaje D / 81:00:00:729 / factorywarehouse(03) / 00:00:00:000 para top(01)
Mensaje D / 81:00:00:729 / top(01) / 00:00:00:000 para Root(00)
Mensaje * / 81:00:00:729 / Root(00) para top(01)
Mensaje * / 81:00:00:729 / top(01) para factorywarehouse(03)
Mensaje * / 81:00:00:729 / factorywarehouse(03) para warehouse(04)
Mensaje Y / 81:00:00:729 / warehouse(04) / facwar_out1 /      4.00000 para factorywarehouse(03)
Mensaje D / 81:00:00:729 / warehouse(04) / ... para factorywarehouse(03)
Mensaje Y / 81:00:00:729 / factorywarehouse(03) / facwar_out1 /      4.00000 para top(01)
Mensaje D / 81:00:00:729 / factorywarehouse(03) / ... para top(01)
Mensaje Y / 81:00:00:729 / top(01) / facwar_out1 /      4.00000 para Root(00)
Mensaje X / 81:00:00:729 / top(01) / facwar_out1 /      4.00000 para factoryadministrator(02)
Mensaje D / 81:00:00:729 / factoryadministrator(02) / 00:00:00:050 para top(01)
Mensaje D / 81:00:00:729 / top(01) / 00:00:00:050 para Root(00)
Mensaje * / 81:00:00:779 / Root(00) para top(01)
Mensaje * / 81:00:00:779 / top(01) para factoryadministrator(02)
Mensaje Y / 82:00:00:779 / factoryadministrator(02) / pmp_in /      4.00000 para top(01)
Mensaje D / 81:00:00:779 / factoryadministrator(02) / ... para top(01)
Mensaje Y / 82:00:00:779 / top(01) / pmp_in /      4.00000 para Root(00)
Mensaje X / 82:00:00:779 / top(01) / in /      4.00000 para pmp(05)
Mensaje X / 82:00:00:779 / pmp(05) / pmp_in /      4.00000 para powderroom(08)
Mensaje D / 82:00:00:779 / powderroom(08) / 00:00:00:000 para pmp(05)
Mensaje D / 82:00:00:779 / pmp(05) / 00:00:00:000 para top(01)
Mensaje D / 82:00:00:779 / top(01) / 00:00:00:000 para Root(00)
Mensaje * / 82:00:00:779 / Root(00) para top(01)
Mensaje * / 82:00:00:779 / top(01) para pmp(05)
Mensaje * / 82:00:00:779 / pmp(05) para powderroom(08)
Mensaje Y / 82:00:00:779 / powderroom(08) / busy1 /      1.00000 para pmp(05)
Mensaje D / 82:00:00:779 / powderroom(08) / 02:00:00:000 para pmp(05)
Mensaje Y / 82:00:00:779 / pmp(05) / busy /      1.00000 para top(01)
Mensaje D / 82:00:00:779 / pmp(05) / 02:00:00:000 para top(01)
Mensaje X / 82:00:00:779 / top(01) / busy1 /      1.00000 para factoryadministrator(02)
Mensaje D / 82:00:00:779 / factoryadministrator(02) / 00:00:00:031 para top(01)
Mensaje D / 82:00:00:779 / top(01) / 00:00:00:031 para Root(00)
Mensaje * / 82:00:00:810 / Root(00) para top(01)
Mensaje * / 82:00:00:810 / top(01) para factoryadministrator(02)
Mensaje D / 82:00:00:810 / factoryadministrator(02) / ... para top(01)
Mensaje D / 82:00:00:810 / top(01) / 01:59:59:969 para Root(00)
Mensaje * / 84:00:00:779 / Root(00) para top(01)
Mensaje * / 84:00:00:779 / top(01) para pmp(05)
Mensaje * / 84:00:00:779 / pmp(05) para powderroom(08)
Mensaje Y / 84:00:00:779 / powderroom(08) / press /      1.00000 para pmp(05)
Mensaje D / 84:00:00:779 / powderroom(08) / 06:00:00:000 para pmp(05)
Mensaje X / 84:00:00:779 / pmp(05) / press /      1.00000 para pressroom(06)
Mensaje D / 84:00:00:779 / pressroom(06) / 00:00:00:000 para pmp(05)
Mensaje D / 84:00:00:779 / pmp(05) / 00:00:00:000 para top(01)
Mensaje D / 84:00:00:779 / top(01) / 00:00:00:000 para Root(00)
Mensaje * / 84:00:00:779 / Root(00) para top(01)
Mensaje * / 84:00:00:779 / top(01) para pmp(05)
Mensaje * / 84:00:00:779 / pmp(05) para pressroom(06)
Mensaje D / 84:00:00:779 / pressroom(06) / 04:00:00:000 para pmp(05)
Mensaje D / 84:00:00:779 / pmp(05) / 02:59:59:919 para top(01)
Mensaje D / 84:00:00:779 / top(01) / 02:59:59:919 para Root(00)
Mensaje * / 87:00:00:698 / Root(00) para top(01)
Mensaje * / 87:00:00:698 / top(01) para pmp(05)
Mensaje * / 87:00:00:698 / pmp(05) para blisterpack(07)
Mensaje Y / 87:00:00:698 / blisterpack(07) / pmp_out /      1.00000 para pmp(05)
Mensaje D / 87:00:00:698 / blisterpack(07) / ... para pmp(05)
Mensaje Y / 87:00:00:698 / pmp(05) / out /      1.00000 para top(01)
Mensaje D / 87:00:00:698 / pmp(05) / 01:00:00:081 para top(01)
Mensaje X / 87:00:00:698 / top(01) / pmp_out /      1.00000 para factoryadministrator(02)
Mensaje D / 87:00:00:698 / factoryadministrator(02) / 00:00:00:039 para top(01)
Mensaje D / 87:00:00:698 / top(01) / 00:00:00:039 para Root(00)
Mensaje * / 87:00:00:737 / Root(00) para top(01)
Mensaje * / 87:00:00:737 / top(01) para factoryadministrator(02)
Mensaje Y / 87:00:00:737 / factoryadministrator(02) / facwar_in2 /    181.00000 para top(01)
Mensaje D / 87:00:00:737 / factoryadministrator(02) / ... para top(01)
Mensaje Y / 87:00:00:737 / top(01) / facwar_in2 /    181.00000 para Root(00)
Mensaje X / 87:00:00:737 / top(01) / facwar_in2 /    181.00000 para factorywarehouse(03)
Mensaje X / 87:00:00:737 / factorywarehouse(03) / facwar_in2 /    181.00000 para warehouse(04)
Mensaje D / 87:00:00:737 / warehouse(04) / 00:00:00:000 para factorywarehouse(03)
Mensaje D / 87:00:00:737 / factorywarehouse(03) / 00:00:00:000 para top(01)
Mensaje D / 87:00:00:737 / top(01) / 00:00:00:000 para Root(00)
Mensaje * / 87:00:00:737 / Root(00) para top(01)
Mensaje * / 87:00:00:737 / top(01) para factorywarehouse(03)
Mensaje * / 87:00:00:737 / factorywarehouse(03) para warehouse(04)
Mensaje D / 87:00:00:737 / warehouse(04) / ... para factorywarehouse(03)
Mensaje D / 87:00:00:737 / factorywarehouse(03) / ... para top(01)
Mensaje D / 87:00:00:737 / top(01) / 01:00:00:042 para Root(00)
Mensaje * / 88:00:00:779 / Root(00) para top(01)
Mensaje * / 88:00:00:779 / top(01) para pmp(05)
Mensaje * / 88:00:00:779 / pmp(05) para pressroom(06)
Mensaje Y / 88:00:00:779 / pressroom(06) / blilsterpack /      1.00000 para pmp(05)
Mensaje D / 88:00:00:779 / pressroom(06) / ... para pmp(05)
Mensaje X / 88:00:00:779 / pmp(05) / blister /      1.00000 para blisterpack(07)
Mensaje D / 88:00:00:779 / blisterpack(07) / 00:00:00:000 para pmp(05)
Mensaje D / 88:00:00:779 / pmp(05) / 00:00:00:000 para top(01)
Mensaje D / 88:00:00:779 / top(01) / 00:00:00:000 para Root(00)
Mensaje * / 88:00:00:779 / Root(00) para top(01)
Mensaje * / 88:00:00:779 / top(01) para pmp(05)
Mensaje * / 88:00:00:779 / pmp(05) para blisterpack(07)
Mensaje D / 88:00:00:779 / blisterpack(07) / 08:00:00:000 para pmp(05)
Mensaje D / 88:00:00:779 / pmp(05) / 02:00:00:000 para top(01)
Mensaje D / 88:00:00:779 / top(01) / 02:00:00:000 para Root(00)
Mensaje * / 90:00:00:779 / Root(00) para top(01)
Mensaje * / 90:00:00:779 / top(01) para pmp(05)
Mensaje * / 90:00:00:779 / pmp(05) para powderroom(08)
Mensaje Y / 90:00:00:779 / powderroom(08) / busy1 /      0.00000 para pmp(05)
Mensaje D / 90:00:00:779 / powderroom(08) / ... para pmp(05)
Mensaje Y / 90:00:00:779 / pmp(05) / busy /      0.00000 para top(01)
Mensaje D / 90:00:00:779 / pmp(05) / 06:00:00:000 para top(01)
Mensaje X / 90:00:00:779 / top(01) / busy1 /      0.00000 para factoryadministrator(02)
Mensaje D / 90:00:00:779 / factoryadministrator(02) / 00:00:00:031 para top(01)
Mensaje D / 90:00:00:779 / top(01) / 00:00:00:031 para Root(00)
Mensaje * / 90:00:00:810 / Root(00) para top(01)
Mensaje * / 90:00:00:810 / top(01) para factoryadministrator(02)
Mensaje D / 90:00:00:810 / factoryadministrator(02) / 00:00:00:000 para top(01)
Mensaje D / 90:00:00:810 / top(01) / 00:00:00:000 para Root(00)
Mensaje * / 90:00:00:810 / Root(00) para top(01)
Mensaje * / 90:00:00:810 / top(01) para factoryadministrator(02)
Mensaje Y / 90:00:00:810 / factoryadministrator(02) / send /    104.00000 para top(01)
Mensaje D / 90:00:00:810 / factoryadministrator(02) / ... para top(01)
Mensaje Y / 90:00:00:810 / top(01) / send /    104.00000 para Root(00)
Mensaje X / 90:00:00:810 / top(01) / send /    104.00000 para factorywarehouse(03)
Mensaje X / 90:00:00:810 / factorywarehouse(03) / send /    104.00000 para warehouse(04)
Mensaje D / 90:00:00:810 / warehouse(04) / 00:00:00:000 para factorywarehouse(03)
Mensaje D / 90:00:00:810 / factorywarehouse(03) / 00:00:00:000 para top(01)
Mensaje D / 90:00:00:810 / top(01) / 00:00:00:000 para Root(00)
Mensaje * / 90:00:00:810 / Root(00) para top(01)
Mensaje * / 90:00:00:810 / top(01) para factorywarehouse(03)
Mensaje * / 90:00:00:810 / factorywarehouse(03) para warehouse(04)
Mensaje Y / 90:00:00:810 / warehouse(04) / facwar_out1 /      4.00000 para factorywarehouse(03)
Mensaje D / 90:00:00:810 / warehouse(04) / ... para factorywarehouse(03)
Mensaje Y / 90:00:00:810 / factorywarehouse(03) / facwar_out1 /      4.00000 para top(01)
Mensaje D / 90:00:00:810 / factorywarehouse(03) / ... para top(01)
Mensaje Y / 90:00:00:810 / top(01) / facwar_out1 /      4.00000 para Root(00)
Mensaje X / 90:00:00:810 / top(01) / facwar_out1 /      4.00000 para factoryadministrator(02)
Mensaje D / 90:00:00:810 / factoryadministrator(02) / 00:00:00:050 para top(01)
Mensaje D / 90:00:00:810 / top(01) / 00:00:00:050 para Root(00)
Mensaje * / 90:00:00:860 / Root(00) para top(01)
Mensaje * / 90:00:00:860 / top(01) para factoryadministrator(02)
Mensaje Y / 91:00:00:860 / factoryadministrator(02) / pmp_in /      4.00000 para top(01)
Mensaje D / 90:00:00:860 / factoryadministrator(02) / ... para top(01)
Mensaje Y / 91:00:00:860 / top(01) / pmp_in /      4.00000 para Root(00)
Mensaje X / 91:00:00:860 / top(01) / in /      4.00000 para pmp(05)
Mensaje X / 91:00:00:860 / pmp(05) / pmp_in /      4.00000 para powderroom(08)
Mensaje D / 91:00:00:860 / powderroom(08) / 00:00:00:000 para pmp(05)
Mensaje D / 91:00:00:860 / pmp(05) / 00:00:00:000 para top(01)
Mensaje D / 91:00:00:860 / top(01) / 00:00:00:000 para Root(00)
Mensaje * / 91:00:00:860 / Root(00) para top(01)
Mensaje * / 91:00:00:860 / top(01) para pmp(05)
Mensaje * / 91:00:00:860 / pmp(05) para powderroom(08)
Mensaje Y / 91:00:00:860 / powderroom(08) / busy1 /      1.00000 para pmp(05)
Mensaje D / 91:00:00:860 / powderroom(08) / 02:00:00:000 para pmp(05)
Mensaje Y / 91:00:00:860 / pmp(05) / busy /      1.00000 para top(01)
Mensaje D / 91:00:00:860 / pmp(05) / 02:00:00:000 para top(01)
Mensaje X / 91:00:00:860 / top(01) / busy1 /      1.00000 para factoryadministrator(02)
Mensaje D / 91:00:00:860 / factoryadministrator(02) / 00:00:00:031 para top(01)
Mensaje D / 91:00:00:860 / top(01) / 00:00:00:031 para Root(00)
Mensaje * / 91:00:00:891 / Root(00) para top(01)
Mensaje * / 91:00:00:891 / top(01) para factoryadministrator(02)
Mensaje D / 91:00:00:891 / factoryadministrator(02) / ... para top(01)
Mensaje D / 91:00:00:891 / top(01) / 01:59:59:969 para Root(00)
Mensaje * / 93:00:00:860 / Root(00) para top(01)
Mensaje * / 93:00:00:860 / top(01) para pmp(05)
Mensaje * / 93:00:00:860 / pmp(05) para powderroom(08)
Mensaje Y / 93:00:00:860 / powderroom(08) / press /      1.00000 para pmp(05)
Mensaje D / 93:00:00:860 / powderroom(08) / 06:00:00:000 para pmp(05)
Mensaje X / 93:00:00:860 / pmp(05) / press /      1.00000 para pressroom(06)
Mensaje D / 93:00:00:860 / pressroom(06) / 00:00:00:000 para pmp(05)
Mensaje D / 93:00:00:860 / pmp(05) / 00:00:00:000 para top(01)
Mensaje D / 93:00:00:860 / top(01) / 00:00:00:000 para Root(00)
Mensaje * / 93:00:00:860 / Root(00) para top(01)
Mensaje * / 93:00:00:860 / top(01) para pmp(05)
Mensaje * / 93:00:00:860 / pmp(05) para pressroom(06)
Mensaje D / 93:00:00:860 / pressroom(06) / 04:00:00:000 para pmp(05)
Mensaje D / 93:00:00:860 / pmp(05) / 02:59:59:919 para top(01)
Mensaje D / 93:00:00:860 / top(01) / 02:59:59:919 para Root(00)
Mensaje * / 96:00:00:779 / Root(00) para top(01)
Mensaje * / 96:00:00:779 / top(01) para pmp(05)
Mensaje * / 96:00:00:779 / pmp(05) para blisterpack(07)
Mensaje Y / 96:00:00:779 / blisterpack(07) / pmp_out /      1.00000 para pmp(05)
Mensaje D / 96:00:00:779 / blisterpack(07) / ... para pmp(05)
Mensaje Y / 96:00:00:779 / pmp(05) / out /      1.00000 para top(01)
Mensaje D / 96:00:00:779 / pmp(05) / 01:00:00:081 para top(01)
Mensaje X / 96:00:00:779 / top(01) / pmp_out /      1.00000 para factoryadministrator(02)
Mensaje D / 96:00:00:779 / factoryadministrator(02) / 00:00:00:039 para top(01)
Mensaje D / 96:00:00:779 / top(01) / 00:00:00:039 para Root(00)
Mensaje * / 96:00:00:818 / Root(00) para top(01)
Mensaje * / 96:00:00:818 / top(01) para factoryadministrator(02)
Mensaje Y / 96:00:00:818 / factoryadministrator(02) / facwar_in2 /    181.00000 para top(01)
Mensaje D / 96:00:00:818 / factoryadministrator(02) / ... para top(01)
Mensaje Y / 96:00:00:818 / top(01) / facwar_in2 /    181.00000 para Root(00)
Mensaje X / 96:00:00:818 / top(01) / facwar_in2 /    181.00000 para factorywarehouse(03)
Mensaje X / 96:00:00:818 / factorywarehouse(03) / facwar_in2 /    181.00000 para warehouse(04)
Mensaje D / 96:00:00:818 / warehouse(04) / 00:00:00:000 para factorywarehouse(03)
Mensaje D / 96:00:00:818 / factorywarehouse(03) / 00:00:00:000 para top(01)
Mensaje D / 96:00:00:818 / top(01) / 00:00:00:000 para Root(00)
Mensaje * / 96:00:00:818 / Root(00) para top(01)
Mensaje * / 96:00:00:818 / top(01) para factorywarehouse(03)
Mensaje * / 96:00:00:818 / factorywarehouse(03) para warehouse(04)
Mensaje D / 96:00:00:818 / warehouse(04) / ... para factorywarehouse(03)
Mensaje D / 96:00:00:818 / factorywarehouse(03) / ... para top(01)
Mensaje D / 96:00:00:818 / top(01) / 01:00:00:042 para Root(00)
Mensaje * / 97:00:00:860 / Root(00) para top(01)
Mensaje * / 97:00:00:860 / top(01) para pmp(05)
Mensaje * / 97:00:00:860 / pmp(05) para pressroom(06)
Mensaje Y / 97:00:00:860 / pressroom(06) / blilsterpack /      1.00000 para pmp(05)
Mensaje D / 97:00:00:860 / pressroom(06) / ... para pmp(05)
Mensaje X / 97:00:00:860 / pmp(05) / blister /      1.00000 para blisterpack(07)
Mensaje D / 97:00:00:860 / blisterpack(07) / 00:00:00:000 para pmp(05)
Mensaje D / 97:00:00:860 / pmp(05) / 00:00:00:000 para top(01)
Mensaje D / 97:00:00:860 / top(01) / 00:00:00:000 para Root(00)
Mensaje * / 97:00:00:860 / Root(00) para top(01)
Mensaje * / 97:00:00:860 / top(01) para pmp(05)
Mensaje * / 97:00:00:860 / pmp(05) para blisterpack(07)
Mensaje D / 97:00:00:860 / blisterpack(07) / 08:00:00:000 para pmp(05)
Mensaje D / 97:00:00:860 / pmp(05) / 02:00:00:000 para top(01)
Mensaje D / 97:00:00:860 / top(01) / 02:00:00:000 para Root(00)
