Mensaje I / 00:00:00:000 / Root(00) para top(01)
Mensaje I / 00:00:00:000 / top(01) para powderroom(02)
Mensaje I / 00:00:00:000 / top(01) para pressroom(03)
Mensaje I / 00:00:00:000 / top(01) para blisterpack(04)
Mensaje D / 00:00:00:000 / powderroom(02) / 19:00:00:000 para top(01)
Mensaje D / 00:00:00:000 / pressroom(03) / 16:00:00:000 para top(01)
Mensaje D / 00:00:00:000 / blisterpack(04) / 12:00:00:000 para top(01)
Mensaje D / 00:00:00:000 / top(01) / 12:00:00:000 para Root(00)
Mensaje X / 01:00:00:050 / Root(00) / pmpin /      4.00000 para top(01)
Mensaje X / 01:00:00:050 / top(01) / pmp_in /      4.00000 para powderroom(02)
Mensaje D / 01:00:00:050 / powderroom(02) / 00:00:00:000 para top(01)
Mensaje D / 01:00:00:050 / top(01) / 00:00:00:000 para Root(00)
Mensaje * / 01:00:00:050 / Root(00) para top(01)
Mensaje * / 01:00:00:050 / top(01) para powderroom(02)
Mensaje Y / 01:00:00:050 / powderroom(02) / busy1 /      1.00000 para top(01)
Mensaje D / 01:00:00:050 / powderroom(02) / 02:00:00:000 para top(01)
Mensaje Y / 01:00:00:050 / top(01) / busy /      1.00000 para Root(00)
Mensaje D / 01:00:00:050 / top(01) / 02:00:00:000 para Root(00)
Mensaje * / 03:00:00:050 / Root(00) para top(01)
Mensaje * / 03:00:00:050 / top(01) para powderroom(02)
Mensaje Y / 03:00:00:050 / powderroom(02) / press /      1.00000 para top(01)
Mensaje D / 03:00:00:050 / powderroom(02) / 06:00:00:000 para top(01)
Mensaje X / 03:00:00:050 / top(01) / press /      1.00000 para pressroom(03)
Mensaje D / 03:00:00:050 / pressroom(03) / 00:00:00:000 para top(01)
Mensaje D / 03:00:00:050 / top(01) / 00:00:00:000 para Root(00)
Mensaje * / 03:00:00:050 / Root(00) para top(01)
Mensaje * / 03:00:00:050 / top(01) para pressroom(03)
Mensaje D / 03:00:00:050 / pressroom(03) / 04:00:00:000 para top(01)
Mensaje D / 03:00:00:050 / top(01) / 04:00:00:000 para Root(00)
Mensaje * / 07:00:00:050 / Root(00) para top(01)
Mensaje * / 07:00:00:050 / top(01) para pressroom(03)
Mensaje Y / 07:00:00:050 / pressroom(03) / blilsterpack /      1.00000 para top(01)
Mensaje D / 07:00:00:050 / pressroom(03) / ... para top(01)
Mensaje X / 07:00:00:050 / top(01) / blister /      1.00000 para blisterpack(04)
Mensaje D / 07:00:00:050 / blisterpack(04) / 00:00:00:000 para top(01)
Mensaje D / 07:00:00:050 / top(01) / 00:00:00:000 para Root(00)
Mensaje * / 07:00:00:050 / Root(00) para top(01)
Mensaje * / 07:00:00:050 / top(01) para blisterpack(04)
Mensaje D / 07:00:00:050 / blisterpack(04) / 08:00:00:000 para top(01)
Mensaje D / 07:00:00:050 / top(01) / 02:00:00:000 para Root(00)
Mensaje * / 09:00:00:050 / Root(00) para top(01)
Mensaje * / 09:00:00:050 / top(01) para powderroom(02)
Mensaje Y / 09:00:00:050 / powderroom(02) / busy1 /      0.00000 para top(01)
Mensaje D / 09:00:00:050 / powderroom(02) / ... para top(01)
Mensaje Y / 09:00:00:050 / top(01) / busy /      0.00000 para Root(00)
Mensaje D / 09:00:00:050 / top(01) / 06:00:00:000 para Root(00)
Mensaje X / 10:00:00:131 / Root(00) / pmpin /      4.00000 para top(01)
Mensaje X / 10:00:00:131 / top(01) / pmp_in /      4.00000 para powderroom(02)
Mensaje D / 10:00:00:131 / powderroom(02) / 00:00:00:000 para top(01)
Mensaje D / 10:00:00:131 / top(01) / 00:00:00:000 para Root(00)
Mensaje * / 10:00:00:131 / Root(00) para top(01)
Mensaje * / 10:00:00:131 / top(01) para powderroom(02)
Mensaje Y / 10:00:00:131 / powderroom(02) / busy1 /      1.00000 para top(01)
Mensaje D / 10:00:00:131 / powderroom(02) / 02:00:00:000 para top(01)
Mensaje Y / 10:00:00:131 / top(01) / busy /      1.00000 para Root(00)
Mensaje D / 10:00:00:131 / top(01) / 02:00:00:000 para Root(00)
Mensaje * / 12:00:00:131 / Root(00) para top(01)
Mensaje * / 12:00:00:131 / top(01) para powderroom(02)
Mensaje Y / 12:00:00:131 / powderroom(02) / press /      1.00000 para top(01)
Mensaje D / 12:00:00:131 / powderroom(02) / 06:00:00:000 para top(01)
Mensaje X / 12:00:00:131 / top(01) / press /      1.00000 para pressroom(03)
Mensaje D / 12:00:00:131 / pressroom(03) / 00:00:00:000 para top(01)
Mensaje D / 12:00:00:131 / top(01) / 00:00:00:000 para Root(00)
Mensaje * / 12:00:00:131 / Root(00) para top(01)
Mensaje * / 12:00:00:131 / top(01) para pressroom(03)
Mensaje D / 12:00:00:131 / pressroom(03) / 04:00:00:000 para top(01)
Mensaje D / 12:00:00:131 / top(01) / 02:59:59:919 para Root(00)
Mensaje * / 15:00:00:050 / Root(00) para top(01)
Mensaje * / 15:00:00:050 / top(01) para blisterpack(04)
Mensaje Y / 15:00:00:050 / blisterpack(04) / pmp_out /      1.00000 para top(01)
Mensaje D / 15:00:00:050 / blisterpack(04) / ... para top(01)
Mensaje Y / 15:00:00:050 / top(01) / pmpout /      1.00000 para Root(00)
Mensaje D / 15:00:00:050 / top(01) / 01:00:00:081 para Root(00)
Mensaje * / 16:00:00:131 / Root(00) para top(01)
Mensaje * / 16:00:00:131 / top(01) para pressroom(03)
Mensaje Y / 16:00:00:131 / pressroom(03) / blilsterpack /      1.00000 para top(01)
Mensaje D / 16:00:00:131 / pressroom(03) / ... para top(01)
Mensaje X / 16:00:00:131 / top(01) / blister /      1.00000 para blisterpack(04)
Mensaje D / 16:00:00:131 / blisterpack(04) / 00:00:00:000 para top(01)
Mensaje D / 16:00:00:131 / top(01) / 00:00:00:000 para Root(00)
Mensaje * / 16:00:00:131 / Root(00) para top(01)
Mensaje * / 16:00:00:131 / top(01) para blisterpack(04)
Mensaje D / 16:00:00:131 / blisterpack(04) / 08:00:00:000 para top(01)
Mensaje D / 16:00:00:131 / top(01) / 02:00:00:000 para Root(00)
Mensaje * / 18:00:00:131 / Root(00) para top(01)
Mensaje * / 18:00:00:131 / top(01) para powderroom(02)
Mensaje Y / 18:00:00:131 / powderroom(02) / busy1 /      0.00000 para top(01)
Mensaje D / 18:00:00:131 / powderroom(02) / ... para top(01)
Mensaje Y / 18:00:00:131 / top(01) / busy /      0.00000 para Root(00)
Mensaje D / 18:00:00:131 / top(01) / 06:00:00:000 para Root(00)
Mensaje X / 19:00:00:212 / Root(00) / pmpin /      4.00000 para top(01)
Mensaje X / 19:00:00:212 / top(01) / pmp_in /      4.00000 para powderroom(02)
Mensaje D / 19:00:00:212 / powderroom(02) / 00:00:00:000 para top(01)
Mensaje D / 19:00:00:212 / top(01) / 00:00:00:000 para Root(00)
Mensaje * / 19:00:00:212 / Root(00) para top(01)
Mensaje * / 19:00:00:212 / top(01) para powderroom(02)
Mensaje Y / 19:00:00:212 / powderroom(02) / busy1 /      1.00000 para top(01)
Mensaje D / 19:00:00:212 / powderroom(02) / 02:00:00:000 para top(01)
Mensaje Y / 19:00:00:212 / top(01) / busy /      1.00000 para Root(00)
Mensaje D / 19:00:00:212 / top(01) / 02:00:00:000 para Root(00)
Mensaje * / 21:00:00:212 / Root(00) para top(01)
Mensaje * / 21:00:00:212 / top(01) para powderroom(02)
Mensaje Y / 21:00:00:212 / powderroom(02) / press /      1.00000 para top(01)
Mensaje D / 21:00:00:212 / powderroom(02) / 06:00:00:000 para top(01)
Mensaje X / 21:00:00:212 / top(01) / press /      1.00000 para pressroom(03)
Mensaje D / 21:00:00:212 / pressroom(03) / 00:00:00:000 para top(01)
Mensaje D / 21:00:00:212 / top(01) / 00:00:00:000 para Root(00)
Mensaje * / 21:00:00:212 / Root(00) para top(01)
Mensaje * / 21:00:00:212 / top(01) para pressroom(03)
Mensaje D / 21:00:00:212 / pressroom(03) / 04:00:00:000 para top(01)
Mensaje D / 21:00:00:212 / top(01) / 02:59:59:919 para Root(00)
Mensaje * / 24:00:00:131 / Root(00) para top(01)
Mensaje * / 24:00:00:131 / top(01) para blisterpack(04)
Mensaje Y / 24:00:00:131 / blisterpack(04) / pmp_out /      1.00000 para top(01)
Mensaje D / 24:00:00:131 / blisterpack(04) / ... para top(01)
Mensaje Y / 24:00:00:131 / top(01) / pmpout /      1.00000 para Root(00)
Mensaje D / 24:00:00:131 / top(01) / 01:00:00:081 para Root(00)
Mensaje * / 25:00:00:212 / Root(00) para top(01)
Mensaje * / 25:00:00:212 / top(01) para pressroom(03)
Mensaje Y / 25:00:00:212 / pressroom(03) / blilsterpack /      1.00000 para top(01)
Mensaje D / 25:00:00:212 / pressroom(03) / ... para top(01)
Mensaje X / 25:00:00:212 / top(01) / blister /      1.00000 para blisterpack(04)
Mensaje D / 25:00:00:212 / blisterpack(04) / 00:00:00:000 para top(01)
Mensaje D / 25:00:00:212 / top(01) / 00:00:00:000 para Root(00)
Mensaje * / 25:00:00:212 / Root(00) para top(01)
Mensaje * / 25:00:00:212 / top(01) para blisterpack(04)
Mensaje D / 25:00:00:212 / blisterpack(04) / 08:00:00:000 para top(01)
Mensaje D / 25:00:00:212 / top(01) / 02:00:00:000 para Root(00)
Mensaje * / 27:00:00:212 / Root(00) para top(01)
Mensaje * / 27:00:00:212 / top(01) para powderroom(02)
Mensaje Y / 27:00:00:212 / powderroom(02) / busy1 /      0.00000 para top(01)
Mensaje D / 27:00:00:212 / powderroom(02) / ... para top(01)
Mensaje Y / 27:00:00:212 / top(01) / busy /      0.00000 para Root(00)
Mensaje D / 27:00:00:212 / top(01) / 06:00:00:000 para Root(00)
Mensaje X / 28:00:00:293 / Root(00) / pmpin /      4.00000 para top(01)
Mensaje X / 28:00:00:293 / top(01) / pmp_in /      4.00000 para powderroom(02)
Mensaje D / 28:00:00:293 / powderroom(02) / 00:00:00:000 para top(01)
Mensaje D / 28:00:00:293 / top(01) / 00:00:00:000 para Root(00)
Mensaje * / 28:00:00:293 / Root(00) para top(01)
Mensaje * / 28:00:00:293 / top(01) para powderroom(02)
Mensaje Y / 28:00:00:293 / powderroom(02) / busy1 /      1.00000 para top(01)
Mensaje D / 28:00:00:293 / powderroom(02) / 02:00:00:000 para top(01)
Mensaje Y / 28:00:00:293 / top(01) / busy /      1.00000 para Root(00)
Mensaje D / 28:00:00:293 / top(01) / 02:00:00:000 para Root(00)
Mensaje * / 30:00:00:293 / Root(00) para top(01)
Mensaje * / 30:00:00:293 / top(01) para powderroom(02)
Mensaje Y / 30:00:00:293 / powderroom(02) / press /      1.00000 para top(01)
Mensaje D / 30:00:00:293 / powderroom(02) / 06:00:00:000 para top(01)
Mensaje X / 30:00:00:293 / top(01) / press /      1.00000 para pressroom(03)
Mensaje D / 30:00:00:293 / pressroom(03) / 00:00:00:000 para top(01)
Mensaje D / 30:00:00:293 / top(01) / 00:00:00:000 para Root(00)
Mensaje * / 30:00:00:293 / Root(00) para top(01)
Mensaje * / 30:00:00:293 / top(01) para pressroom(03)
Mensaje D / 30:00:00:293 / pressroom(03) / 04:00:00:000 para top(01)
Mensaje D / 30:00:00:293 / top(01) / 02:59:59:919 para Root(00)
Mensaje * / 33:00:00:212 / Root(00) para top(01)
Mensaje * / 33:00:00:212 / top(01) para blisterpack(04)
Mensaje Y / 33:00:00:212 / blisterpack(04) / pmp_out /      1.00000 para top(01)
Mensaje D / 33:00:00:212 / blisterpack(04) / ... para top(01)
Mensaje Y / 33:00:00:212 / top(01) / pmpout /      1.00000 para Root(00)
Mensaje D / 33:00:00:212 / top(01) / 01:00:00:081 para Root(00)
Mensaje * / 34:00:00:293 / Root(00) para top(01)
Mensaje * / 34:00:00:293 / top(01) para pressroom(03)
Mensaje Y / 34:00:00:293 / pressroom(03) / blilsterpack /      1.00000 para top(01)
Mensaje D / 34:00:00:293 / pressroom(03) / ... para top(01)
Mensaje X / 34:00:00:293 / top(01) / blister /      1.00000 para blisterpack(04)
Mensaje D / 34:00:00:293 / blisterpack(04) / 00:00:00:000 para top(01)
Mensaje D / 34:00:00:293 / top(01) / 00:00:00:000 para Root(00)
Mensaje * / 34:00:00:293 / Root(00) para top(01)
Mensaje * / 34:00:00:293 / top(01) para blisterpack(04)
Mensaje D / 34:00:00:293 / blisterpack(04) / 08:00:00:000 para top(01)
Mensaje D / 34:00:00:293 / top(01) / 02:00:00:000 para Root(00)
Mensaje * / 36:00:00:293 / Root(00) para top(01)
Mensaje * / 36:00:00:293 / top(01) para powderroom(02)
Mensaje Y / 36:00:00:293 / powderroom(02) / busy1 /      0.00000 para top(01)
Mensaje D / 36:00:00:293 / powderroom(02) / ... para top(01)
Mensaje Y / 36:00:00:293 / top(01) / busy /      0.00000 para Root(00)
Mensaje D / 36:00:00:293 / top(01) / 06:00:00:000 para Root(00)
Mensaje X / 37:00:00:374 / Root(00) / pmpin /      4.00000 para top(01)
Mensaje X / 37:00:00:374 / top(01) / pmp_in /      4.00000 para powderroom(02)
Mensaje D / 37:00:00:374 / powderroom(02) / 00:00:00:000 para top(01)
Mensaje D / 37:00:00:374 / top(01) / 00:00:00:000 para Root(00)
Mensaje * / 37:00:00:374 / Root(00) para top(01)
Mensaje * / 37:00:00:374 / top(01) para powderroom(02)
Mensaje Y / 37:00:00:374 / powderroom(02) / busy1 /      1.00000 para top(01)
Mensaje D / 37:00:00:374 / powderroom(02) / 02:00:00:000 para top(01)
Mensaje Y / 37:00:00:374 / top(01) / busy /      1.00000 para Root(00)
Mensaje D / 37:00:00:374 / top(01) / 02:00:00:000 para Root(00)
Mensaje * / 39:00:00:374 / Root(00) para top(01)
Mensaje * / 39:00:00:374 / top(01) para powderroom(02)
Mensaje Y / 39:00:00:374 / powderroom(02) / press /      1.00000 para top(01)
Mensaje D / 39:00:00:374 / powderroom(02) / 06:00:00:000 para top(01)
Mensaje X / 39:00:00:374 / top(01) / press /      1.00000 para pressroom(03)
Mensaje D / 39:00:00:374 / pressroom(03) / 00:00:00:000 para top(01)
Mensaje D / 39:00:00:374 / top(01) / 00:00:00:000 para Root(00)
Mensaje * / 39:00:00:374 / Root(00) para top(01)
Mensaje * / 39:00:00:374 / top(01) para pressroom(03)
Mensaje D / 39:00:00:374 / pressroom(03) / 04:00:00:000 para top(01)
Mensaje D / 39:00:00:374 / top(01) / 02:59:59:919 para Root(00)
Mensaje * / 42:00:00:293 / Root(00) para top(01)
Mensaje * / 42:00:00:293 / top(01) para blisterpack(04)
Mensaje Y / 42:00:00:293 / blisterpack(04) / pmp_out /      1.00000 para top(01)
Mensaje D / 42:00:00:293 / blisterpack(04) / ... para top(01)
Mensaje Y / 42:00:00:293 / top(01) / pmpout /      1.00000 para Root(00)
Mensaje D / 42:00:00:293 / top(01) / 01:00:00:081 para Root(00)
Mensaje * / 43:00:00:374 / Root(00) para top(01)
Mensaje * / 43:00:00:374 / top(01) para pressroom(03)
Mensaje Y / 43:00:00:374 / pressroom(03) / blilsterpack /      1.00000 para top(01)
Mensaje D / 43:00:00:374 / pressroom(03) / ... para top(01)
Mensaje X / 43:00:00:374 / top(01) / blister /      1.00000 para blisterpack(04)
Mensaje D / 43:00:00:374 / blisterpack(04) / 00:00:00:000 para top(01)
Mensaje D / 43:00:00:374 / top(01) / 00:00:00:000 para Root(00)
Mensaje * / 43:00:00:374 / Root(00) para top(01)
Mensaje * / 43:00:00:374 / top(01) para blisterpack(04)
Mensaje D / 43:00:00:374 / blisterpack(04) / 08:00:00:000 para top(01)
Mensaje D / 43:00:00:374 / top(01) / 02:00:00:000 para Root(00)
Mensaje * / 45:00:00:374 / Root(00) para top(01)
Mensaje * / 45:00:00:374 / top(01) para powderroom(02)
Mensaje Y / 45:00:00:374 / powderroom(02) / busy1 /      0.00000 para top(01)
Mensaje D / 45:00:00:374 / powderroom(02) / ... para top(01)
Mensaje Y / 45:00:00:374 / top(01) / busy /      0.00000 para Root(00)
Mensaje D / 45:00:00:374 / top(01) / 06:00:00:000 para Root(00)
Mensaje X / 46:00:00:455 / Root(00) / pmpin /      4.00000 para top(01)
Mensaje X / 46:00:00:455 / top(01) / pmp_in /      4.00000 para powderroom(02)
Mensaje D / 46:00:00:455 / powderroom(02) / 00:00:00:000 para top(01)
Mensaje D / 46:00:00:455 / top(01) / 00:00:00:000 para Root(00)
Mensaje * / 46:00:00:455 / Root(00) para top(01)
Mensaje * / 46:00:00:455 / top(01) para powderroom(02)
Mensaje Y / 46:00:00:455 / powderroom(02) / busy1 /      1.00000 para top(01)
Mensaje D / 46:00:00:455 / powderroom(02) / 02:00:00:000 para top(01)
Mensaje Y / 46:00:00:455 / top(01) / busy /      1.00000 para Root(00)
Mensaje D / 46:00:00:455 / top(01) / 02:00:00:000 para Root(00)
Mensaje * / 48:00:00:455 / Root(00) para top(01)
Mensaje * / 48:00:00:455 / top(01) para powderroom(02)
Mensaje Y / 48:00:00:455 / powderroom(02) / press /      1.00000 para top(01)
Mensaje D / 48:00:00:455 / powderroom(02) / 06:00:00:000 para top(01)
Mensaje X / 48:00:00:455 / top(01) / press /      1.00000 para pressroom(03)
Mensaje D / 48:00:00:455 / pressroom(03) / 00:00:00:000 para top(01)
Mensaje D / 48:00:00:455 / top(01) / 00:00:00:000 para Root(00)
Mensaje * / 48:00:00:455 / Root(00) para top(01)
Mensaje * / 48:00:00:455 / top(01) para pressroom(03)
Mensaje D / 48:00:00:455 / pressroom(03) / 04:00:00:000 para top(01)
Mensaje D / 48:00:00:455 / top(01) / 02:59:59:919 para Root(00)
Mensaje * / 51:00:00:374 / Root(00) para top(01)
Mensaje * / 51:00:00:374 / top(01) para blisterpack(04)
Mensaje Y / 51:00:00:374 / blisterpack(04) / pmp_out /      1.00000 para top(01)
Mensaje D / 51:00:00:374 / blisterpack(04) / ... para top(01)
Mensaje Y / 51:00:00:374 / top(01) / pmpout /      1.00000 para Root(00)
Mensaje D / 51:00:00:374 / top(01) / 01:00:00:081 para Root(00)
Mensaje * / 52:00:00:455 / Root(00) para top(01)
Mensaje * / 52:00:00:455 / top(01) para pressroom(03)
Mensaje Y / 52:00:00:455 / pressroom(03) / blilsterpack /      1.00000 para top(01)
Mensaje D / 52:00:00:455 / pressroom(03) / ... para top(01)
Mensaje X / 52:00:00:455 / top(01) / blister /      1.00000 para blisterpack(04)
Mensaje D / 52:00:00:455 / blisterpack(04) / 00:00:00:000 para top(01)
Mensaje D / 52:00:00:455 / top(01) / 00:00:00:000 para Root(00)
Mensaje * / 52:00:00:455 / Root(00) para top(01)
Mensaje * / 52:00:00:455 / top(01) para blisterpack(04)
Mensaje D / 52:00:00:455 / blisterpack(04) / 08:00:00:000 para top(01)
Mensaje D / 52:00:00:455 / top(01) / 02:00:00:000 para Root(00)
Mensaje * / 54:00:00:455 / Root(00) para top(01)
Mensaje * / 54:00:00:455 / top(01) para powderroom(02)
Mensaje Y / 54:00:00:455 / powderroom(02) / busy1 /      0.00000 para top(01)
Mensaje D / 54:00:00:455 / powderroom(02) / ... para top(01)
Mensaje Y / 54:00:00:455 / top(01) / busy /      0.00000 para Root(00)
Mensaje D / 54:00:00:455 / top(01) / 06:00:00:000 para Root(00)
Mensaje X / 55:00:00:536 / Root(00) / pmpin /      4.00000 para top(01)
Mensaje X / 55:00:00:536 / top(01) / pmp_in /      4.00000 para powderroom(02)
Mensaje D / 55:00:00:536 / powderroom(02) / 00:00:00:000 para top(01)
Mensaje D / 55:00:00:536 / top(01) / 00:00:00:000 para Root(00)
Mensaje * / 55:00:00:536 / Root(00) para top(01)
Mensaje * / 55:00:00:536 / top(01) para powderroom(02)
Mensaje Y / 55:00:00:536 / powderroom(02) / busy1 /      1.00000 para top(01)
Mensaje D / 55:00:00:536 / powderroom(02) / 02:00:00:000 para top(01)
Mensaje Y / 55:00:00:536 / top(01) / busy /      1.00000 para Root(00)
Mensaje D / 55:00:00:536 / top(01) / 02:00:00:000 para Root(00)
Mensaje * / 57:00:00:536 / Root(00) para top(01)
Mensaje * / 57:00:00:536 / top(01) para powderroom(02)
Mensaje Y / 57:00:00:536 / powderroom(02) / press /      1.00000 para top(01)
Mensaje D / 57:00:00:536 / powderroom(02) / 06:00:00:000 para top(01)
Mensaje X / 57:00:00:536 / top(01) / press /      1.00000 para pressroom(03)
Mensaje D / 57:00:00:536 / pressroom(03) / 00:00:00:000 para top(01)
Mensaje D / 57:00:00:536 / top(01) / 00:00:00:000 para Root(00)
Mensaje * / 57:00:00:536 / Root(00) para top(01)
Mensaje * / 57:00:00:536 / top(01) para pressroom(03)
Mensaje D / 57:00:00:536 / pressroom(03) / 04:00:00:000 para top(01)
Mensaje D / 57:00:00:536 / top(01) / 02:59:59:919 para Root(00)
Mensaje * / 60:00:00:455 / Root(00) para top(01)
Mensaje * / 60:00:00:455 / top(01) para blisterpack(04)
Mensaje Y / 60:00:00:455 / blisterpack(04) / pmp_out /      1.00000 para top(01)
Mensaje D / 60:00:00:455 / blisterpack(04) / ... para top(01)
Mensaje Y / 60:00:00:455 / top(01) / pmpout /      1.00000 para Root(00)
Mensaje D / 60:00:00:455 / top(01) / 01:00:00:081 para Root(00)
Mensaje * / 61:00:00:536 / Root(00) para top(01)
Mensaje * / 61:00:00:536 / top(01) para pressroom(03)
Mensaje Y / 61:00:00:536 / pressroom(03) / blilsterpack /      1.00000 para top(01)
Mensaje D / 61:00:00:536 / pressroom(03) / ... para top(01)
Mensaje X / 61:00:00:536 / top(01) / blister /      1.00000 para blisterpack(04)
Mensaje D / 61:00:00:536 / blisterpack(04) / 00:00:00:000 para top(01)
Mensaje D / 61:00:00:536 / top(01) / 00:00:00:000 para Root(00)
Mensaje * / 61:00:00:536 / Root(00) para top(01)
Mensaje * / 61:00:00:536 / top(01) para blisterpack(04)
Mensaje D / 61:00:00:536 / blisterpack(04) / 08:00:00:000 para top(01)
Mensaje D / 61:00:00:536 / top(01) / 02:00:00:000 para Root(00)
Mensaje * / 63:00:00:536 / Root(00) para top(01)
Mensaje * / 63:00:00:536 / top(01) para powderroom(02)
Mensaje Y / 63:00:00:536 / powderroom(02) / busy1 /      0.00000 para top(01)
Mensaje D / 63:00:00:536 / powderroom(02) / ... para top(01)
Mensaje Y / 63:00:00:536 / top(01) / busy /      0.00000 para Root(00)
Mensaje D / 63:00:00:536 / top(01) / 06:00:00:000 para Root(00)
Mensaje X / 64:00:00:617 / Root(00) / pmpin /      4.00000 para top(01)
Mensaje X / 64:00:00:617 / top(01) / pmp_in /      4.00000 para powderroom(02)
Mensaje D / 64:00:00:617 / powderroom(02) / 00:00:00:000 para top(01)
Mensaje D / 64:00:00:617 / top(01) / 00:00:00:000 para Root(00)
Mensaje * / 64:00:00:617 / Root(00) para top(01)
Mensaje * / 64:00:00:617 / top(01) para powderroom(02)
Mensaje Y / 64:00:00:617 / powderroom(02) / busy1 /      1.00000 para top(01)
Mensaje D / 64:00:00:617 / powderroom(02) / 02:00:00:000 para top(01)
Mensaje Y / 64:00:00:617 / top(01) / busy /      1.00000 para Root(00)
Mensaje D / 64:00:00:617 / top(01) / 02:00:00:000 para Root(00)
Mensaje * / 66:00:00:617 / Root(00) para top(01)
Mensaje * / 66:00:00:617 / top(01) para powderroom(02)
Mensaje Y / 66:00:00:617 / powderroom(02) / press /      1.00000 para top(01)
Mensaje D / 66:00:00:617 / powderroom(02) / 06:00:00:000 para top(01)
Mensaje X / 66:00:00:617 / top(01) / press /      1.00000 para pressroom(03)
Mensaje D / 66:00:00:617 / pressroom(03) / 00:00:00:000 para top(01)
Mensaje D / 66:00:00:617 / top(01) / 00:00:00:000 para Root(00)
Mensaje * / 66:00:00:617 / Root(00) para top(01)
Mensaje * / 66:00:00:617 / top(01) para pressroom(03)
Mensaje D / 66:00:00:617 / pressroom(03) / 04:00:00:000 para top(01)
Mensaje D / 66:00:00:617 / top(01) / 02:59:59:919 para Root(00)
Mensaje * / 69:00:00:536 / Root(00) para top(01)
Mensaje * / 69:00:00:536 / top(01) para blisterpack(04)
Mensaje Y / 69:00:00:536 / blisterpack(04) / pmp_out /      1.00000 para top(01)
Mensaje D / 69:00:00:536 / blisterpack(04) / ... para top(01)
Mensaje Y / 69:00:00:536 / top(01) / pmpout /      1.00000 para Root(00)
Mensaje D / 69:00:00:536 / top(01) / 01:00:00:081 para Root(00)
Mensaje * / 70:00:00:617 / Root(00) para top(01)
Mensaje * / 70:00:00:617 / top(01) para pressroom(03)
Mensaje Y / 70:00:00:617 / pressroom(03) / blilsterpack /      1.00000 para top(01)
Mensaje D / 70:00:00:617 / pressroom(03) / ... para top(01)
Mensaje X / 70:00:00:617 / top(01) / blister /      1.00000 para blisterpack(04)
Mensaje D / 70:00:00:617 / blisterpack(04) / 00:00:00:000 para top(01)
Mensaje D / 70:00:00:617 / top(01) / 00:00:00:000 para Root(00)
Mensaje * / 70:00:00:617 / Root(00) para top(01)
Mensaje * / 70:00:00:617 / top(01) para blisterpack(04)
Mensaje D / 70:00:00:617 / blisterpack(04) / 08:00:00:000 para top(01)
Mensaje D / 70:00:00:617 / top(01) / 02:00:00:000 para Root(00)
Mensaje * / 72:00:00:617 / Root(00) para top(01)
Mensaje * / 72:00:00:617 / top(01) para powderroom(02)
Mensaje Y / 72:00:00:617 / powderroom(02) / busy1 /      0.00000 para top(01)
Mensaje D / 72:00:00:617 / powderroom(02) / ... para top(01)
Mensaje Y / 72:00:00:617 / top(01) / busy /      0.00000 para Root(00)
Mensaje D / 72:00:00:617 / top(01) / 06:00:00:000 para Root(00)
Mensaje X / 73:00:00:698 / Root(00) / pmpin /      4.00000 para top(01)
Mensaje X / 73:00:00:698 / top(01) / pmp_in /      4.00000 para powderroom(02)
Mensaje D / 73:00:00:698 / powderroom(02) / 00:00:00:000 para top(01)
Mensaje D / 73:00:00:698 / top(01) / 00:00:00:000 para Root(00)
Mensaje * / 73:00:00:698 / Root(00) para top(01)
Mensaje * / 73:00:00:698 / top(01) para powderroom(02)
Mensaje Y / 73:00:00:698 / powderroom(02) / busy1 /      1.00000 para top(01)
Mensaje D / 73:00:00:698 / powderroom(02) / 02:00:00:000 para top(01)
Mensaje Y / 73:00:00:698 / top(01) / busy /      1.00000 para Root(00)
Mensaje D / 73:00:00:698 / top(01) / 02:00:00:000 para Root(00)
Mensaje * / 75:00:00:698 / Root(00) para top(01)
Mensaje * / 75:00:00:698 / top(01) para powderroom(02)
Mensaje Y / 75:00:00:698 / powderroom(02) / press /      1.00000 para top(01)
Mensaje D / 75:00:00:698 / powderroom(02) / 06:00:00:000 para top(01)
Mensaje X / 75:00:00:698 / top(01) / press /      1.00000 para pressroom(03)
Mensaje D / 75:00:00:698 / pressroom(03) / 00:00:00:000 para top(01)
Mensaje D / 75:00:00:698 / top(01) / 00:00:00:000 para Root(00)
Mensaje * / 75:00:00:698 / Root(00) para top(01)
Mensaje * / 75:00:00:698 / top(01) para pressroom(03)
Mensaje D / 75:00:00:698 / pressroom(03) / 04:00:00:000 para top(01)
Mensaje D / 75:00:00:698 / top(01) / 02:59:59:919 para Root(00)
Mensaje * / 78:00:00:617 / Root(00) para top(01)
Mensaje * / 78:00:00:617 / top(01) para blisterpack(04)
Mensaje Y / 78:00:00:617 / blisterpack(04) / pmp_out /      1.00000 para top(01)
Mensaje D / 78:00:00:617 / blisterpack(04) / ... para top(01)
Mensaje Y / 78:00:00:617 / top(01) / pmpout /      1.00000 para Root(00)
Mensaje D / 78:00:00:617 / top(01) / 01:00:00:081 para Root(00)
Mensaje * / 79:00:00:698 / Root(00) para top(01)
Mensaje * / 79:00:00:698 / top(01) para pressroom(03)
Mensaje Y / 79:00:00:698 / pressroom(03) / blilsterpack /      1.00000 para top(01)
Mensaje D / 79:00:00:698 / pressroom(03) / ... para top(01)
Mensaje X / 79:00:00:698 / top(01) / blister /      1.00000 para blisterpack(04)
Mensaje D / 79:00:00:698 / blisterpack(04) / 00:00:00:000 para top(01)
Mensaje D / 79:00:00:698 / top(01) / 00:00:00:000 para Root(00)
Mensaje * / 79:00:00:698 / Root(00) para top(01)
Mensaje * / 79:00:00:698 / top(01) para blisterpack(04)
Mensaje D / 79:00:00:698 / blisterpack(04) / 08:00:00:000 para top(01)
Mensaje D / 79:00:00:698 / top(01) / 02:00:00:000 para Root(00)
Mensaje * / 81:00:00:698 / Root(00) para top(01)
Mensaje * / 81:00:00:698 / top(01) para powderroom(02)
Mensaje Y / 81:00:00:698 / powderroom(02) / busy1 /      0.00000 para top(01)
Mensaje D / 81:00:00:698 / powderroom(02) / ... para top(01)
Mensaje Y / 81:00:00:698 / top(01) / busy /      0.00000 para Root(00)
Mensaje D / 81:00:00:698 / top(01) / 06:00:00:000 para Root(00)
Mensaje X / 82:00:00:779 / Root(00) / pmpin /      4.00000 para top(01)
Mensaje X / 82:00:00:779 / top(01) / pmp_in /      4.00000 para powderroom(02)
Mensaje D / 82:00:00:779 / powderroom(02) / 00:00:00:000 para top(01)
Mensaje D / 82:00:00:779 / top(01) / 00:00:00:000 para Root(00)
Mensaje * / 82:00:00:779 / Root(00) para top(01)
Mensaje * / 82:00:00:779 / top(01) para powderroom(02)
Mensaje Y / 82:00:00:779 / powderroom(02) / busy1 /      1.00000 para top(01)
Mensaje D / 82:00:00:779 / powderroom(02) / 02:00:00:000 para top(01)
Mensaje Y / 82:00:00:779 / top(01) / busy /      1.00000 para Root(00)
Mensaje D / 82:00:00:779 / top(01) / 02:00:00:000 para Root(00)
Mensaje * / 84:00:00:779 / Root(00) para top(01)
Mensaje * / 84:00:00:779 / top(01) para powderroom(02)
Mensaje Y / 84:00:00:779 / powderroom(02) / press /      1.00000 para top(01)
Mensaje D / 84:00:00:779 / powderroom(02) / 06:00:00:000 para top(01)
Mensaje X / 84:00:00:779 / top(01) / press /      1.00000 para pressroom(03)
Mensaje D / 84:00:00:779 / pressroom(03) / 00:00:00:000 para top(01)
Mensaje D / 84:00:00:779 / top(01) / 00:00:00:000 para Root(00)
Mensaje * / 84:00:00:779 / Root(00) para top(01)
Mensaje * / 84:00:00:779 / top(01) para pressroom(03)
Mensaje D / 84:00:00:779 / pressroom(03) / 04:00:00:000 para top(01)
Mensaje D / 84:00:00:779 / top(01) / 02:59:59:919 para Root(00)
Mensaje * / 87:00:00:698 / Root(00) para top(01)
Mensaje * / 87:00:00:698 / top(01) para blisterpack(04)
Mensaje Y / 87:00:00:698 / blisterpack(04) / pmp_out /      1.00000 para top(01)
Mensaje D / 87:00:00:698 / blisterpack(04) / ... para top(01)
Mensaje Y / 87:00:00:698 / top(01) / pmpout /      1.00000 para Root(00)
Mensaje D / 87:00:00:698 / top(01) / 01:00:00:081 para Root(00)
Mensaje * / 88:00:00:779 / Root(00) para top(01)
Mensaje * / 88:00:00:779 / top(01) para pressroom(03)
Mensaje Y / 88:00:00:779 / pressroom(03) / blilsterpack /      1.00000 para top(01)
Mensaje D / 88:00:00:779 / pressroom(03) / ... para top(01)
Mensaje X / 88:00:00:779 / top(01) / blister /      1.00000 para blisterpack(04)
Mensaje D / 88:00:00:779 / blisterpack(04) / 00:00:00:000 para top(01)
Mensaje D / 88:00:00:779 / top(01) / 00:00:00:000 para Root(00)
Mensaje * / 88:00:00:779 / Root(00) para top(01)
Mensaje * / 88:00:00:779 / top(01) para blisterpack(04)
Mensaje D / 88:00:00:779 / blisterpack(04) / 08:00:00:000 para top(01)
Mensaje D / 88:00:00:779 / top(01) / 02:00:00:000 para Root(00)
Mensaje * / 90:00:00:779 / Root(00) para top(01)
Mensaje * / 90:00:00:779 / top(01) para powderroom(02)
Mensaje Y / 90:00:00:779 / powderroom(02) / busy1 /      0.00000 para top(01)
Mensaje D / 90:00:00:779 / powderroom(02) / ... para top(01)
Mensaje Y / 90:00:00:779 / top(01) / busy /      0.00000 para Root(00)
Mensaje D / 90:00:00:779 / top(01) / 06:00:00:000 para Root(00)
Mensaje X / 91:00:00:860 / Root(00) / pmpin /      4.00000 para top(01)
Mensaje X / 91:00:00:860 / top(01) / pmp_in /      4.00000 para powderroom(02)
Mensaje D / 91:00:00:860 / powderroom(02) / 00:00:00:000 para top(01)
Mensaje D / 91:00:00:860 / top(01) / 00:00:00:000 para Root(00)
Mensaje * / 91:00:00:860 / Root(00) para top(01)
Mensaje * / 91:00:00:860 / top(01) para powderroom(02)
Mensaje Y / 91:00:00:860 / powderroom(02) / busy1 /      1.00000 para top(01)
Mensaje D / 91:00:00:860 / powderroom(02) / 02:00:00:000 para top(01)
Mensaje Y / 91:00:00:860 / top(01) / busy /      1.00000 para Root(00)
Mensaje D / 91:00:00:860 / top(01) / 02:00:00:000 para Root(00)
Mensaje * / 93:00:00:860 / Root(00) para top(01)
Mensaje * / 93:00:00:860 / top(01) para powderroom(02)
Mensaje Y / 93:00:00:860 / powderroom(02) / press /      1.00000 para top(01)
Mensaje D / 93:00:00:860 / powderroom(02) / 06:00:00:000 para top(01)
Mensaje X / 93:00:00:860 / top(01) / press /      1.00000 para pressroom(03)
Mensaje D / 93:00:00:860 / pressroom(03) / 00:00:00:000 para top(01)
Mensaje D / 93:00:00:860 / top(01) / 00:00:00:000 para Root(00)
Mensaje * / 93:00:00:860 / Root(00) para top(01)
Mensaje * / 93:00:00:860 / top(01) para pressroom(03)
Mensaje D / 93:00:00:860 / pressroom(03) / 04:00:00:000 para top(01)
Mensaje D / 93:00:00:860 / top(01) / 02:59:59:919 para Root(00)
Mensaje * / 96:00:00:779 / Root(00) para top(01)
Mensaje * / 96:00:00:779 / top(01) para blisterpack(04)
Mensaje Y / 96:00:00:779 / blisterpack(04) / pmp_out /      1.00000 para top(01)
Mensaje D / 96:00:00:779 / blisterpack(04) / ... para top(01)
Mensaje Y / 96:00:00:779 / top(01) / pmpout /      1.00000 para Root(00)
Mensaje D / 96:00:00:779 / top(01) / 01:00:00:081 para Root(00)
Mensaje * / 97:00:00:860 / Root(00) para top(01)
Mensaje * / 97:00:00:860 / top(01) para pressroom(03)
Mensaje Y / 97:00:00:860 / pressroom(03) / blilsterpack /      1.00000 para top(01)
Mensaje D / 97:00:00:860 / pressroom(03) / ... para top(01)
Mensaje X / 97:00:00:860 / top(01) / blister /      1.00000 para blisterpack(04)
Mensaje D / 97:00:00:860 / blisterpack(04) / 00:00:00:000 para top(01)
Mensaje D / 97:00:00:860 / top(01) / 00:00:00:000 para Root(00)
Mensaje * / 97:00:00:860 / Root(00) para top(01)
Mensaje * / 97:00:00:860 / top(01) para blisterpack(04)
Mensaje D / 97:00:00:860 / blisterpack(04) / 08:00:00:000 para top(01)
Mensaje D / 97:00:00:860 / top(01) / 02:00:00:000 para Root(00)
